#
# A fatal error has been detected by the Java Runtime Environment:
#
#  EXCEPTION_ACCESS_VIOLATION (0xc0000005) at pc=0x00007ffb616120ae, pid=15172, tid=4604
#
# JRE version: Java(TM) SE Runtime Environment (14.0.1+7) (build 14.0.1+7)
# Java VM: Java HotSpot(TM) 64-Bit Server VM (14.0.1+7, mixed mode, sharing, tiered, compressed oops, g1 gc, windows-amd64)
# Problematic frame:
# C  [nvoglv64.dll+0x11620ae]
#
# No core dump will be written. Minidumps are not enabled by default on client versions of Windows
#
# If you would like to submit a bug report, please visit:
#   https://bugreport.java.com/bugreport/crash.jsp
# The crash happened outside the Java Virtual Machine in native code.
# See problematic frame for where to report the bug.
#

---------------  S U M M A R Y ------------

Command Line: -javaagent:C:\Program Files\JetBrains\IntelliJ IDEA 2020.1.1\lib\idea_rt.jar=56574:C:\Program Files\JetBrains\IntelliJ IDEA 2020.1.1\bin -Dfile.encoding=UTF-8 projekt.Projekt

Host: Intel(R) Core(TM) i7-5930K CPU @ 3.50GHz, 12 cores, 15G,  Windows 10 , 64 bit Build 18362 (10.0.18362.1316)
Time: Tue Jan 26 17:31:43 2021 Mitteleuropäische Zeit elapsed time: 0 seconds (0d 0h 0m 0s)

---------------  T H R E A D  ---------------

Current thread (0x000002a6ddd65000):  JavaThread "main" [_thread_in_native, id=4604, stack(0x000000c605b00000,0x000000c605c00000)]

Stack: [0x000000c605b00000,0x000000c605c00000],  sp=0x000000c605bff478,  free space=1021k
Native frames: (J=compiled Java code, j=interpreted, Vv=VM code, C=native code)
C  [nvoglv64.dll+0x11620ae]

Java frames: (J=compiled Java code, j=interpreted, Vv=VM code)
j  org.lwjgl.opengl.GL11C.glDrawArrays(III)V+0
j  org.lwjgl.opengl.GL11.glDrawArrays(III)V+3
j  projekt.Projekt.render()V+35
j  lenz.opengl.AbstractOpenGLBase.start(Ljava/lang/String;II)V+61
j  projekt.Projekt.main([Ljava/lang/String;)V+15
v  ~StubRoutines::call_stub

siginfo: EXCEPTION_ACCESS_VIOLATION (0xc0000005), reading address 0x0000000000000000


Register to memory mapping:

RIP=0x00007ffb616120ae nvoglv64.dll
RAX=0x000002a683438158 points into unknown readable memory: 00 00 00 00 00 00 00 00
RBX=0x0000000000000280 is an unknown value
RCX=0x0000000000000180 is an unknown value
RDX=0xfffffd597cbc7ea8 is an unknown value
RSP=0x000000c605bff478 is pointing into the stack for thread: 0x000002a6ddd65000
RBP=0x0000000000000009 is an unknown value
RSI=0x0 is NULL
RDI=0x000002a683438158 points into unknown readable memory: 00 00 00 00 00 00 00 00
R8 =0x0000000000000180 is an unknown value
R9 =0x0000000000000018 is an unknown value
R10=0x0 is NULL
R11=0x000002a683438158 points into unknown readable memory: 00 00 00 00 00 00 00 00
R12=0x0 is NULL
R13=0x00007ffb604b0000 nvoglv64.dll
R14=0x0 is NULL
R15=0x000002a6843c9ee8 points into unknown readable memory: 04 00 00 00 02 00 00 00


Registers:
RAX=0x000002a683438158, RBX=0x0000000000000280, RCX=0x0000000000000180, RDX=0xfffffd597cbc7ea8
RSP=0x000000c605bff478, RBP=0x0000000000000009, RSI=0x0000000000000000, RDI=0x000002a683438158
R8 =0x0000000000000180, R9 =0x0000000000000018, R10=0x0000000000000000, R11=0x000002a683438158
R12=0x0000000000000000, R13=0x00007ffb604b0000, R14=0x0000000000000000, R15=0x000002a6843c9ee8
RIP=0x00007ffb616120ae, EFLAGS=0x0000000000010202

Top of Stack: (sp=0x000000c605bff478)
0x000000c605bff478:   0000000000000018 000002a683438158
0x000000c605bff488:   00007ffb6103cc9c 000002a6e650a1b3
0x000000c605bff498:   0000000000000148 000002a6ddd65000
0x000000c605bff4a8:   00007ffb60eaff2b 0000000000000000
0x000000c605bff4b8:   0000000000000000 0000000000000000
0x000000c605bff4c8:   000000000018810b 000002a6843c9ee8
0x000000c605bff4d8:   00007ffb6103dbab 000002a6843c7080
0x000000c605bff4e8:   0000000000000004 0000000000000018
0x000000c605bff4f8:   000002a6e650f260 000002a6ddd65000
0x000000c605bff508:   000000c605bff5e0 000002a682799688
0x000000c605bff518:   0000000000000000 000002a6e650a1b3
0x000000c605bff528:   000002a6e650f417 000002a682799690
0x000000c605bff538:   000000c605bff5b0 0000000000000148
0x000000c605bff548:   0000000000000148 3ff0000000000018
0x000000c605bff558:   000002a6ddd65000 000002a6e650f0b6
0x000000c605bff568:   000000c605bff568 000002a682799688 

Instructions: (pc=0x00007ffb616120ae)
0x00007ffb61611fae:   cc cc cc cc cc cc cc cc 66 66 0f 1f 84 00 00 00
0x00007ffb61611fbe:   00 00 48 2b d1 49 83 f8 08 72 22 f6 c1 07 74 14
0x00007ffb61611fce:   66 90 8a 01 3a 04 11 75 2c 48 ff c1 49 ff c8 f6
0x00007ffb61611fde:   c1 07 75 ee 4d 8b c8 49 c1 e9 03 75 1f 4d 85 c0
0x00007ffb61611fee:   74 0f 8a 01 3a 04 11 75 0c 48 ff c1 49 ff c8 75
0x00007ffb61611ffe:   f1 48 33 c0 c3 1b c0 83 d8 ff c3 90 49 c1 e9 02
0x00007ffb6161200e:   74 37 48 8b 01 48 3b 04 11 75 5b 48 8b 41 08 48
0x00007ffb6161201e:   3b 44 11 08 75 4c 48 8b 41 10 48 3b 44 11 10 75
0x00007ffb6161202e:   3d 48 8b 41 18 48 3b 44 11 18 75 2e 48 83 c1 20
0x00007ffb6161203e:   49 ff c9 75 cd 49 83 e0 1f 4d 8b c8 49 c1 e9 03
0x00007ffb6161204e:   74 9b 48 8b 01 48 3b 04 11 75 1b 48 83 c1 08 49
0x00007ffb6161205e:   ff c9 75 ee 49 83 e0 07 eb 83 48 83 c1 08 48 83
0x00007ffb6161206e:   c1 08 48 83 c1 08 48 8b 0c 0a 48 0f c8 48 0f c9
0x00007ffb6161207e:   48 3b c1 1b c0 83 d8 ff c3 cc cc cc cc cc cc cc
0x00007ffb6161208e:   cc cc cc cc cc cc cc cc 66 66 0f 1f 84 00 00 00
0x00007ffb6161209e:   00 00 57 56 49 8b c3 48 8b f9 49 8b c8 49 8b f2
0x00007ffb616120ae:   f3 a4 5e 5f c3 cc cc cc cc cc cc 0f 1f 80 00 00
0x00007ffb616120be:   00 00 4c 8b d9 4c 8b d2 49 83 f8 10 76 54 49 83
0x00007ffb616120ce:   f8 20 76 2e 48 2b d1 73 0d 4b 8d 04 10 48 3b c8
0x00007ffb616120de:   0f 82 dc 02 00 00 49 81 f8 80 00 00 00 0f 86 0f
0x00007ffb616120ee:   02 00 00 f6 05 70 32 68 01 02 0f 84 52 01 00 00
0x00007ffb616120fe:   eb a0 0f 10 02 42 0f 10 4c 02 f0 0f 11 01 42 0f
0x00007ffb6161210e:   11 4c 01 f0 48 8b c1 c3 66 66 0f 1f 84 00 00 00
0x00007ffb6161211e:   00 00 48 8b c1 4c 8d 0d d6 de e9 fe 43 8b 8c 81
0x00007ffb6161212e:   10 1a 93 02 49 03 c9 ff e1 66 0f 1f 84 00 00 00
0x00007ffb6161213e:   00 00 c3 0f b7 0a 66 89 08 c3 48 8b 0a 48 89 08
0x00007ffb6161214e:   c3 0f b7 0a 44 0f b6 42 02 66 89 08 44 88 40 02
0x00007ffb6161215e:   c3 0f b6 0a 88 08 c3 f3 0f 6f 02 f3 0f 7f 00 c3
0x00007ffb6161216e:   66 90 4c 8b 02 0f b7 4a 08 44 0f b6 4a 0a 4c 89
0x00007ffb6161217e:   00 66 89 48 08 44 88 48 0a c3 8b 0a 89 08 c3 0f
0x00007ffb6161218e:   1f 00 8b 0a 44 0f b6 42 04 89 08 44 88 40 04 c3
0x00007ffb6161219e:   66 90 8b 0a 44 0f b7 42 04 89 08 66 44 89 40 04 


Stack slot to memory mapping:
stack at sp + 0 slots: 0x0000000000000018 is an unknown value
stack at sp + 1 slots: 0x000002a683438158 points into unknown readable memory: 00 00 00 00 00 00 00 00
stack at sp + 2 slots: 0x00007ffb6103cc9c nvoglv64.dll
stack at sp + 3 slots: 0x000002a6e650a1b3 is at code_begin+2355 in an Interpreter codelet
invoke return entry points  [0x000002a6e6509880, 0x000002a6e650a2a0]  2592 bytes
stack at sp + 4 slots: 0x0000000000000148 is an unknown value
stack at sp + 5 slots: 0x000002a6ddd65000 is a thread
stack at sp + 6 slots: 0x00007ffb60eaff2b nvoglv64.dll
stack at sp + 7 slots: 0x0 is NULL


---------------  P R O C E S S  ---------------

Threads class SMR info:
_java_thread_list=0x000002a688f31110, length=13, elements={
0x000002a6ddd65000, 0x000002a6fff3c800, 0x000002a6fff3e000, 0x000002a6828ba800,
0x000002a6828bd800, 0x000002a6828be800, 0x000002a6828ca000, 0x000002a6828d0800,
0x000002a6828d1800, 0x000002a6829f3800, 0x000002a682b6c800, 0x000002a682b6e000,
0x000002a688f53000
}

Java Threads: ( => current thread )
=>0x000002a6ddd65000 JavaThread "main" [_thread_in_native, id=4604, stack(0x000000c605b00000,0x000000c605c00000)]
  0x000002a6fff3c800 JavaThread "Reference Handler" daemon [_thread_blocked, id=13340, stack(0x000000c606200000,0x000000c606300000)]
  0x000002a6fff3e000 JavaThread "Finalizer" daemon [_thread_blocked, id=7204, stack(0x000000c606300000,0x000000c606400000)]
  0x000002a6828ba800 JavaThread "Signal Dispatcher" daemon [_thread_blocked, id=15004, stack(0x000000c606400000,0x000000c606500000)]
  0x000002a6828bd800 JavaThread "Attach Listener" daemon [_thread_blocked, id=1172, stack(0x000000c606500000,0x000000c606600000)]
  0x000002a6828be800 JavaThread "Service Thread" daemon [_thread_blocked, id=9464, stack(0x000000c606600000,0x000000c606700000)]
  0x000002a6828ca000 JavaThread "C2 CompilerThread0" daemon [_thread_blocked, id=12764, stack(0x000000c606700000,0x000000c606800000)]
  0x000002a6828d0800 JavaThread "C1 CompilerThread0" daemon [_thread_blocked, id=5988, stack(0x000000c606800000,0x000000c606900000)]
  0x000002a6828d1800 JavaThread "Sweeper thread" daemon [_thread_blocked, id=11988, stack(0x000000c606900000,0x000000c606a00000)]
  0x000002a6829f3800 JavaThread "Common-Cleaner" daemon [_thread_blocked, id=14208, stack(0x000000c606a00000,0x000000c606b00000)]
  0x000002a682b6c800 JavaThread "Monitor Ctrl-Break" daemon [_thread_in_native, id=7240, stack(0x000000c606c00000,0x000000c606d00000)]
  0x000002a682b6e000 JavaThread "Notification Thread" daemon [_thread_blocked, id=4452, stack(0x000000c606d00000,0x000000c606e00000)]
  0x000002a688f53000 JavaThread "C2 CompilerThread1" daemon [_thread_blocked, id=756, stack(0x000000c606b00000,0x000000c606c00000)]

Other Threads:
  0x000002a6fff37000 VMThread "VM Thread" [stack: 0x000000c606100000,0x000000c606200000] [id=15252]
  0x000002a682b75800 WatcherThread [stack: 0x000000c606e00000,0x000000c606f00000] [id=15428]
  0x000002a6dddc9000 GCTaskThread "GC Thread#0" [stack: 0x000000c605c00000,0x000000c605d00000] [id=8876]
  0x000002a6dddeb800 ConcurrentGCThread "G1 Main Marker" [stack: 0x000000c605d00000,0x000000c605e00000] [id=14152]
  0x000002a6dddee800 ConcurrentGCThread "G1 Conc#0" [stack: 0x000000c605e00000,0x000000c605f00000] [id=16208]
  0x000002a6ffe25800 ConcurrentGCThread "G1 Refine#0" [stack: 0x000000c605f00000,0x000000c606000000] [id=14760]
  0x000002a6ffe26800 ConcurrentGCThread "G1 Young RemSet Sampling" [stack: 0x000000c606000000,0x000000c606100000] [id=12420]

Threads with active compile tasks:

VM state:not at safepoint (normal execution)

VM Mutex/Monitor currently owned by a thread: None

Heap address: 0x0000000701800000, size: 4072 MB, Compressed Oops mode: Zero based, Oop shift amount: 3
Narrow klass base: 0x0000000800000000, Narrow klass shift: 3
Compressed class space size: 1073741824 Address: 0x0000000800b30000

Heap:
 garbage-first heap   total 262144K, used 20480K [0x0000000701800000, 0x0000000800000000)
  region size 1024K, 22 young (22528K), 0 survivors (0K)
 Metaspace       used 6112K, capacity 8624K, committed 8832K, reserved 1056768K
  class space    used 364K, capacity 626K, committed 640K, reserved 1048576K
Heap Regions: E=young(eden), S=young(survivor), O=old, HS=humongous(starts), HC=humongous(continues), CS=collection set, F=free, OA=open archive, CA=closed archive, TAMS=top-at-mark-start (previous, next)
|   0|0x0000000701800000, 0x0000000701800000, 0x0000000701900000|  0%| F|  |TAMS 0x0000000701800000, 0x0000000701800000| Untracked 
|   1|0x0000000701900000, 0x0000000701900000, 0x0000000701a00000|  0%| F|  |TAMS 0x0000000701900000, 0x0000000701900000| Untracked 
|   2|0x0000000701a00000, 0x0000000701a00000, 0x0000000701b00000|  0%| F|  |TAMS 0x0000000701a00000, 0x0000000701a00000| Untracked 
|   3|0x0000000701b00000, 0x0000000701b00000, 0x0000000701c00000|  0%| F|  |TAMS 0x0000000701b00000, 0x0000000701b00000| Untracked 
|   4|0x0000000701c00000, 0x0000000701c00000, 0x0000000701d00000|  0%| F|  |TAMS 0x0000000701c00000, 0x0000000701c00000| Untracked 
|   5|0x0000000701d00000, 0x0000000701d00000, 0x0000000701e00000|  0%| F|  |TAMS 0x0000000701d00000, 0x0000000701d00000| Untracked 
|   6|0x0000000701e00000, 0x0000000701e00000, 0x0000000701f00000|  0%| F|  |TAMS 0x0000000701e00000, 0x0000000701e00000| Untracked 
|   7|0x0000000701f00000, 0x0000000701f00000, 0x0000000702000000|  0%| F|  |TAMS 0x0000000701f00000, 0x0000000701f00000| Untracked 
|   8|0x0000000702000000, 0x0000000702000000, 0x0000000702100000|  0%| F|  |TAMS 0x0000000702000000, 0x0000000702000000| Untracked 
|   9|0x0000000702100000, 0x0000000702100000, 0x0000000702200000|  0%| F|  |TAMS 0x0000000702100000, 0x0000000702100000| Untracked 
|  10|0x0000000702200000, 0x0000000702200000, 0x0000000702300000|  0%| F|  |TAMS 0x0000000702200000, 0x0000000702200000| Untracked 
|  11|0x0000000702300000, 0x0000000702300000, 0x0000000702400000|  0%| F|  |TAMS 0x0000000702300000, 0x0000000702300000| Untracked 
|  12|0x0000000702400000, 0x0000000702400000, 0x0000000702500000|  0%| F|  |TAMS 0x0000000702400000, 0x0000000702400000| Untracked 
|  13|0x0000000702500000, 0x0000000702500000, 0x0000000702600000|  0%| F|  |TAMS 0x0000000702500000, 0x0000000702500000| Untracked 
|  14|0x0000000702600000, 0x0000000702600000, 0x0000000702700000|  0%| F|  |TAMS 0x0000000702600000, 0x0000000702600000| Untracked 
|  15|0x0000000702700000, 0x0000000702700000, 0x0000000702800000|  0%| F|  |TAMS 0x0000000702700000, 0x0000000702700000| Untracked 
|  16|0x0000000702800000, 0x0000000702800000, 0x0000000702900000|  0%| F|  |TAMS 0x0000000702800000, 0x0000000702800000| Untracked 
|  17|0x0000000702900000, 0x0000000702900000, 0x0000000702a00000|  0%| F|  |TAMS 0x0000000702900000, 0x0000000702900000| Untracked 
|  18|0x0000000702a00000, 0x0000000702a00000, 0x0000000702b00000|  0%| F|  |TAMS 0x0000000702a00000, 0x0000000702a00000| Untracked 
|  19|0x0000000702b00000, 0x0000000702b00000, 0x0000000702c00000|  0%| F|  |TAMS 0x0000000702b00000, 0x0000000702b00000| Untracked 
|  20|0x0000000702c00000, 0x0000000702c00000, 0x0000000702d00000|  0%| F|  |TAMS 0x0000000702c00000, 0x0000000702c00000| Untracked 
|  21|0x0000000702d00000, 0x0000000702d00000, 0x0000000702e00000|  0%| F|  |TAMS 0x0000000702d00000, 0x0000000702d00000| Untracked 
|  22|0x0000000702e00000, 0x0000000702e00000, 0x0000000702f00000|  0%| F|  |TAMS 0x0000000702e00000, 0x0000000702e00000| Untracked 
|  23|0x0000000702f00000, 0x0000000702f00000, 0x0000000703000000|  0%| F|  |TAMS 0x0000000702f00000, 0x0000000702f00000| Untracked 
|  24|0x0000000703000000, 0x0000000703000000, 0x0000000703100000|  0%| F|  |TAMS 0x0000000703000000, 0x0000000703000000| Untracked 
|  25|0x0000000703100000, 0x0000000703100000, 0x0000000703200000|  0%| F|  |TAMS 0x0000000703100000, 0x0000000703100000| Untracked 
|  26|0x0000000703200000, 0x0000000703200000, 0x0000000703300000|  0%| F|  |TAMS 0x0000000703200000, 0x0000000703200000| Untracked 
|  27|0x0000000703300000, 0x0000000703300000, 0x0000000703400000|  0%| F|  |TAMS 0x0000000703300000, 0x0000000703300000| Untracked 
|  28|0x0000000703400000, 0x0000000703400000, 0x0000000703500000|  0%| F|  |TAMS 0x0000000703400000, 0x0000000703400000| Untracked 
|  29|0x0000000703500000, 0x0000000703500000, 0x0000000703600000|  0%| F|  |TAMS 0x0000000703500000, 0x0000000703500000| Untracked 
|  30|0x0000000703600000, 0x0000000703600000, 0x0000000703700000|  0%| F|  |TAMS 0x0000000703600000, 0x0000000703600000| Untracked 
|  31|0x0000000703700000, 0x0000000703700000, 0x0000000703800000|  0%| F|  |TAMS 0x0000000703700000, 0x0000000703700000| Untracked 
|  32|0x0000000703800000, 0x0000000703800000, 0x0000000703900000|  0%| F|  |TAMS 0x0000000703800000, 0x0000000703800000| Untracked 
|  33|0x0000000703900000, 0x0000000703900000, 0x0000000703a00000|  0%| F|  |TAMS 0x0000000703900000, 0x0000000703900000| Untracked 
|  34|0x0000000703a00000, 0x0000000703a00000, 0x0000000703b00000|  0%| F|  |TAMS 0x0000000703a00000, 0x0000000703a00000| Untracked 
|  35|0x0000000703b00000, 0x0000000703b00000, 0x0000000703c00000|  0%| F|  |TAMS 0x0000000703b00000, 0x0000000703b00000| Untracked 
|  36|0x0000000703c00000, 0x0000000703c00000, 0x0000000703d00000|  0%| F|  |TAMS 0x0000000703c00000, 0x0000000703c00000| Untracked 
|  37|0x0000000703d00000, 0x0000000703d00000, 0x0000000703e00000|  0%| F|  |TAMS 0x0000000703d00000, 0x0000000703d00000| Untracked 
|  38|0x0000000703e00000, 0x0000000703e00000, 0x0000000703f00000|  0%| F|  |TAMS 0x0000000703e00000, 0x0000000703e00000| Untracked 
|  39|0x0000000703f00000, 0x0000000703f00000, 0x0000000704000000|  0%| F|  |TAMS 0x0000000703f00000, 0x0000000703f00000| Untracked 
|  40|0x0000000704000000, 0x0000000704000000, 0x0000000704100000|  0%| F|  |TAMS 0x0000000704000000, 0x0000000704000000| Untracked 
|  41|0x0000000704100000, 0x0000000704100000, 0x0000000704200000|  0%| F|  |TAMS 0x0000000704100000, 0x0000000704100000| Untracked 
|  42|0x0000000704200000, 0x0000000704200000, 0x0000000704300000|  0%| F|  |TAMS 0x0000000704200000, 0x0000000704200000| Untracked 
|  43|0x0000000704300000, 0x0000000704300000, 0x0000000704400000|  0%| F|  |TAMS 0x0000000704300000, 0x0000000704300000| Untracked 
|  44|0x0000000704400000, 0x0000000704400000, 0x0000000704500000|  0%| F|  |TAMS 0x0000000704400000, 0x0000000704400000| Untracked 
|  45|0x0000000704500000, 0x0000000704500000, 0x0000000704600000|  0%| F|  |TAMS 0x0000000704500000, 0x0000000704500000| Untracked 
|  46|0x0000000704600000, 0x0000000704600000, 0x0000000704700000|  0%| F|  |TAMS 0x0000000704600000, 0x0000000704600000| Untracked 
|  47|0x0000000704700000, 0x0000000704700000, 0x0000000704800000|  0%| F|  |TAMS 0x0000000704700000, 0x0000000704700000| Untracked 
|  48|0x0000000704800000, 0x0000000704800000, 0x0000000704900000|  0%| F|  |TAMS 0x0000000704800000, 0x0000000704800000| Untracked 
|  49|0x0000000704900000, 0x0000000704900000, 0x0000000704a00000|  0%| F|  |TAMS 0x0000000704900000, 0x0000000704900000| Untracked 
|  50|0x0000000704a00000, 0x0000000704a00000, 0x0000000704b00000|  0%| F|  |TAMS 0x0000000704a00000, 0x0000000704a00000| Untracked 
|  51|0x0000000704b00000, 0x0000000704b00000, 0x0000000704c00000|  0%| F|  |TAMS 0x0000000704b00000, 0x0000000704b00000| Untracked 
|  52|0x0000000704c00000, 0x0000000704c00000, 0x0000000704d00000|  0%| F|  |TAMS 0x0000000704c00000, 0x0000000704c00000| Untracked 
|  53|0x0000000704d00000, 0x0000000704d00000, 0x0000000704e00000|  0%| F|  |TAMS 0x0000000704d00000, 0x0000000704d00000| Untracked 
|  54|0x0000000704e00000, 0x0000000704e00000, 0x0000000704f00000|  0%| F|  |TAMS 0x0000000704e00000, 0x0000000704e00000| Untracked 
|  55|0x0000000704f00000, 0x0000000704f00000, 0x0000000705000000|  0%| F|  |TAMS 0x0000000704f00000, 0x0000000704f00000| Untracked 
|  56|0x0000000705000000, 0x0000000705000000, 0x0000000705100000|  0%| F|  |TAMS 0x0000000705000000, 0x0000000705000000| Untracked 
|  57|0x0000000705100000, 0x0000000705100000, 0x0000000705200000|  0%| F|  |TAMS 0x0000000705100000, 0x0000000705100000| Untracked 
|  58|0x0000000705200000, 0x0000000705200000, 0x0000000705300000|  0%| F|  |TAMS 0x0000000705200000, 0x0000000705200000| Untracked 
|  59|0x0000000705300000, 0x0000000705300000, 0x0000000705400000|  0%| F|  |TAMS 0x0000000705300000, 0x0000000705300000| Untracked 
|  60|0x0000000705400000, 0x0000000705400000, 0x0000000705500000|  0%| F|  |TAMS 0x0000000705400000, 0x0000000705400000| Untracked 
|  61|0x0000000705500000, 0x0000000705500000, 0x0000000705600000|  0%| F|  |TAMS 0x0000000705500000, 0x0000000705500000| Untracked 
|  62|0x0000000705600000, 0x0000000705600000, 0x0000000705700000|  0%| F|  |TAMS 0x0000000705600000, 0x0000000705600000| Untracked 
|  63|0x0000000705700000, 0x0000000705700000, 0x0000000705800000|  0%| F|  |TAMS 0x0000000705700000, 0x0000000705700000| Untracked 
|  64|0x0000000705800000, 0x0000000705800000, 0x0000000705900000|  0%| F|  |TAMS 0x0000000705800000, 0x0000000705800000| Untracked 
|  65|0x0000000705900000, 0x0000000705900000, 0x0000000705a00000|  0%| F|  |TAMS 0x0000000705900000, 0x0000000705900000| Untracked 
|  66|0x0000000705a00000, 0x0000000705a00000, 0x0000000705b00000|  0%| F|  |TAMS 0x0000000705a00000, 0x0000000705a00000| Untracked 
|  67|0x0000000705b00000, 0x0000000705b00000, 0x0000000705c00000|  0%| F|  |TAMS 0x0000000705b00000, 0x0000000705b00000| Untracked 
|  68|0x0000000705c00000, 0x0000000705c00000, 0x0000000705d00000|  0%| F|  |TAMS 0x0000000705c00000, 0x0000000705c00000| Untracked 
|  69|0x0000000705d00000, 0x0000000705d00000, 0x0000000705e00000|  0%| F|  |TAMS 0x0000000705d00000, 0x0000000705d00000| Untracked 
|  70|0x0000000705e00000, 0x0000000705e00000, 0x0000000705f00000|  0%| F|  |TAMS 0x0000000705e00000, 0x0000000705e00000| Untracked 
|  71|0x0000000705f00000, 0x0000000705f00000, 0x0000000706000000|  0%| F|  |TAMS 0x0000000705f00000, 0x0000000705f00000| Untracked 
|  72|0x0000000706000000, 0x0000000706000000, 0x0000000706100000|  0%| F|  |TAMS 0x0000000706000000, 0x0000000706000000| Untracked 
|  73|0x0000000706100000, 0x0000000706100000, 0x0000000706200000|  0%| F|  |TAMS 0x0000000706100000, 0x0000000706100000| Untracked 
|  74|0x0000000706200000, 0x0000000706200000, 0x0000000706300000|  0%| F|  |TAMS 0x0000000706200000, 0x0000000706200000| Untracked 
|  75|0x0000000706300000, 0x0000000706300000, 0x0000000706400000|  0%| F|  |TAMS 0x0000000706300000, 0x0000000706300000| Untracked 
|  76|0x0000000706400000, 0x0000000706400000, 0x0000000706500000|  0%| F|  |TAMS 0x0000000706400000, 0x0000000706400000| Untracked 
|  77|0x0000000706500000, 0x0000000706500000, 0x0000000706600000|  0%| F|  |TAMS 0x0000000706500000, 0x0000000706500000| Untracked 
|  78|0x0000000706600000, 0x0000000706600000, 0x0000000706700000|  0%| F|  |TAMS 0x0000000706600000, 0x0000000706600000| Untracked 
|  79|0x0000000706700000, 0x0000000706700000, 0x0000000706800000|  0%| F|  |TAMS 0x0000000706700000, 0x0000000706700000| Untracked 
|  80|0x0000000706800000, 0x0000000706800000, 0x0000000706900000|  0%| F|  |TAMS 0x0000000706800000, 0x0000000706800000| Untracked 
|  81|0x0000000706900000, 0x0000000706900000, 0x0000000706a00000|  0%| F|  |TAMS 0x0000000706900000, 0x0000000706900000| Untracked 
|  82|0x0000000706a00000, 0x0000000706a00000, 0x0000000706b00000|  0%| F|  |TAMS 0x0000000706a00000, 0x0000000706a00000| Untracked 
|  83|0x0000000706b00000, 0x0000000706b00000, 0x0000000706c00000|  0%| F|  |TAMS 0x0000000706b00000, 0x0000000706b00000| Untracked 
|  84|0x0000000706c00000, 0x0000000706c00000, 0x0000000706d00000|  0%| F|  |TAMS 0x0000000706c00000, 0x0000000706c00000| Untracked 
|  85|0x0000000706d00000, 0x0000000706d00000, 0x0000000706e00000|  0%| F|  |TAMS 0x0000000706d00000, 0x0000000706d00000| Untracked 
|  86|0x0000000706e00000, 0x0000000706e00000, 0x0000000706f00000|  0%| F|  |TAMS 0x0000000706e00000, 0x0000000706e00000| Untracked 
|  87|0x0000000706f00000, 0x0000000706f00000, 0x0000000707000000|  0%| F|  |TAMS 0x0000000706f00000, 0x0000000706f00000| Untracked 
|  88|0x0000000707000000, 0x0000000707000000, 0x0000000707100000|  0%| F|  |TAMS 0x0000000707000000, 0x0000000707000000| Untracked 
|  89|0x0000000707100000, 0x0000000707100000, 0x0000000707200000|  0%| F|  |TAMS 0x0000000707100000, 0x0000000707100000| Untracked 
|  90|0x0000000707200000, 0x0000000707200000, 0x0000000707300000|  0%| F|  |TAMS 0x0000000707200000, 0x0000000707200000| Untracked 
|  91|0x0000000707300000, 0x0000000707300000, 0x0000000707400000|  0%| F|  |TAMS 0x0000000707300000, 0x0000000707300000| Untracked 
|  92|0x0000000707400000, 0x0000000707400000, 0x0000000707500000|  0%| F|  |TAMS 0x0000000707400000, 0x0000000707400000| Untracked 
|  93|0x0000000707500000, 0x0000000707500000, 0x0000000707600000|  0%| F|  |TAMS 0x0000000707500000, 0x0000000707500000| Untracked 
|  94|0x0000000707600000, 0x0000000707600000, 0x0000000707700000|  0%| F|  |TAMS 0x0000000707600000, 0x0000000707600000| Untracked 
|  95|0x0000000707700000, 0x0000000707700000, 0x0000000707800000|  0%| F|  |TAMS 0x0000000707700000, 0x0000000707700000| Untracked 
|  96|0x0000000707800000, 0x0000000707800000, 0x0000000707900000|  0%| F|  |TAMS 0x0000000707800000, 0x0000000707800000| Untracked 
|  97|0x0000000707900000, 0x0000000707900000, 0x0000000707a00000|  0%| F|  |TAMS 0x0000000707900000, 0x0000000707900000| Untracked 
|  98|0x0000000707a00000, 0x0000000707a00000, 0x0000000707b00000|  0%| F|  |TAMS 0x0000000707a00000, 0x0000000707a00000| Untracked 
|  99|0x0000000707b00000, 0x0000000707b00000, 0x0000000707c00000|  0%| F|  |TAMS 0x0000000707b00000, 0x0000000707b00000| Untracked 
| 100|0x0000000707c00000, 0x0000000707c00000, 0x0000000707d00000|  0%| F|  |TAMS 0x0000000707c00000, 0x0000000707c00000| Untracked 
| 101|0x0000000707d00000, 0x0000000707d00000, 0x0000000707e00000|  0%| F|  |TAMS 0x0000000707d00000, 0x0000000707d00000| Untracked 
| 102|0x0000000707e00000, 0x0000000707e00000, 0x0000000707f00000|  0%| F|  |TAMS 0x0000000707e00000, 0x0000000707e00000| Untracked 
| 103|0x0000000707f00000, 0x0000000707f00000, 0x0000000708000000|  0%| F|  |TAMS 0x0000000707f00000, 0x0000000707f00000| Untracked 
| 104|0x0000000708000000, 0x0000000708000000, 0x0000000708100000|  0%| F|  |TAMS 0x0000000708000000, 0x0000000708000000| Untracked 
| 105|0x0000000708100000, 0x0000000708100000, 0x0000000708200000|  0%| F|  |TAMS 0x0000000708100000, 0x0000000708100000| Untracked 
| 106|0x0000000708200000, 0x0000000708200000, 0x0000000708300000|  0%| F|  |TAMS 0x0000000708200000, 0x0000000708200000| Untracked 
| 107|0x0000000708300000, 0x0000000708300000, 0x0000000708400000|  0%| F|  |TAMS 0x0000000708300000, 0x0000000708300000| Untracked 
| 108|0x0000000708400000, 0x0000000708400000, 0x0000000708500000|  0%| F|  |TAMS 0x0000000708400000, 0x0000000708400000| Untracked 
| 109|0x0000000708500000, 0x0000000708500000, 0x0000000708600000|  0%| F|  |TAMS 0x0000000708500000, 0x0000000708500000| Untracked 
| 110|0x0000000708600000, 0x0000000708600000, 0x0000000708700000|  0%| F|  |TAMS 0x0000000708600000, 0x0000000708600000| Untracked 
| 111|0x0000000708700000, 0x0000000708700000, 0x0000000708800000|  0%| F|  |TAMS 0x0000000708700000, 0x0000000708700000| Untracked 
| 112|0x0000000708800000, 0x0000000708800000, 0x0000000708900000|  0%| F|  |TAMS 0x0000000708800000, 0x0000000708800000| Untracked 
| 113|0x0000000708900000, 0x0000000708900000, 0x0000000708a00000|  0%| F|  |TAMS 0x0000000708900000, 0x0000000708900000| Untracked 
| 114|0x0000000708a00000, 0x0000000708a00000, 0x0000000708b00000|  0%| F|  |TAMS 0x0000000708a00000, 0x0000000708a00000| Untracked 
| 115|0x0000000708b00000, 0x0000000708b00000, 0x0000000708c00000|  0%| F|  |TAMS 0x0000000708b00000, 0x0000000708b00000| Untracked 
| 116|0x0000000708c00000, 0x0000000708c00000, 0x0000000708d00000|  0%| F|  |TAMS 0x0000000708c00000, 0x0000000708c00000| Untracked 
| 117|0x0000000708d00000, 0x0000000708d00000, 0x0000000708e00000|  0%| F|  |TAMS 0x0000000708d00000, 0x0000000708d00000| Untracked 
| 118|0x0000000708e00000, 0x0000000708e00000, 0x0000000708f00000|  0%| F|  |TAMS 0x0000000708e00000, 0x0000000708e00000| Untracked 
| 119|0x0000000708f00000, 0x0000000708f00000, 0x0000000709000000|  0%| F|  |TAMS 0x0000000708f00000, 0x0000000708f00000| Untracked 
| 120|0x0000000709000000, 0x0000000709000000, 0x0000000709100000|  0%| F|  |TAMS 0x0000000709000000, 0x0000000709000000| Untracked 
| 121|0x0000000709100000, 0x0000000709100000, 0x0000000709200000|  0%| F|  |TAMS 0x0000000709100000, 0x0000000709100000| Untracked 
| 122|0x0000000709200000, 0x0000000709200000, 0x0000000709300000|  0%| F|  |TAMS 0x0000000709200000, 0x0000000709200000| Untracked 
| 123|0x0000000709300000, 0x0000000709300000, 0x0000000709400000|  0%| F|  |TAMS 0x0000000709300000, 0x0000000709300000| Untracked 
| 124|0x0000000709400000, 0x0000000709400000, 0x0000000709500000|  0%| F|  |TAMS 0x0000000709400000, 0x0000000709400000| Untracked 
| 125|0x0000000709500000, 0x0000000709500000, 0x0000000709600000|  0%| F|  |TAMS 0x0000000709500000, 0x0000000709500000| Untracked 
| 126|0x0000000709600000, 0x0000000709600000, 0x0000000709700000|  0%| F|  |TAMS 0x0000000709600000, 0x0000000709600000| Untracked 
| 127|0x0000000709700000, 0x0000000709700000, 0x0000000709800000|  0%| F|  |TAMS 0x0000000709700000, 0x0000000709700000| Untracked 
| 128|0x0000000709800000, 0x0000000709800000, 0x0000000709900000|  0%| F|  |TAMS 0x0000000709800000, 0x0000000709800000| Untracked 
| 129|0x0000000709900000, 0x0000000709900000, 0x0000000709a00000|  0%| F|  |TAMS 0x0000000709900000, 0x0000000709900000| Untracked 
| 130|0x0000000709a00000, 0x0000000709a00000, 0x0000000709b00000|  0%| F|  |TAMS 0x0000000709a00000, 0x0000000709a00000| Untracked 
| 131|0x0000000709b00000, 0x0000000709b00000, 0x0000000709c00000|  0%| F|  |TAMS 0x0000000709b00000, 0x0000000709b00000| Untracked 
| 132|0x0000000709c00000, 0x0000000709c00000, 0x0000000709d00000|  0%| F|  |TAMS 0x0000000709c00000, 0x0000000709c00000| Untracked 
| 133|0x0000000709d00000, 0x0000000709d00000, 0x0000000709e00000|  0%| F|  |TAMS 0x0000000709d00000, 0x0000000709d00000| Untracked 
| 134|0x0000000709e00000, 0x0000000709e00000, 0x0000000709f00000|  0%| F|  |TAMS 0x0000000709e00000, 0x0000000709e00000| Untracked 
| 135|0x0000000709f00000, 0x0000000709f00000, 0x000000070a000000|  0%| F|  |TAMS 0x0000000709f00000, 0x0000000709f00000| Untracked 
| 136|0x000000070a000000, 0x000000070a000000, 0x000000070a100000|  0%| F|  |TAMS 0x000000070a000000, 0x000000070a000000| Untracked 
| 137|0x000000070a100000, 0x000000070a100000, 0x000000070a200000|  0%| F|  |TAMS 0x000000070a100000, 0x000000070a100000| Untracked 
| 138|0x000000070a200000, 0x000000070a200000, 0x000000070a300000|  0%| F|  |TAMS 0x000000070a200000, 0x000000070a200000| Untracked 
| 139|0x000000070a300000, 0x000000070a300000, 0x000000070a400000|  0%| F|  |TAMS 0x000000070a300000, 0x000000070a300000| Untracked 
| 140|0x000000070a400000, 0x000000070a400000, 0x000000070a500000|  0%| F|  |TAMS 0x000000070a400000, 0x000000070a400000| Untracked 
| 141|0x000000070a500000, 0x000000070a500000, 0x000000070a600000|  0%| F|  |TAMS 0x000000070a500000, 0x000000070a500000| Untracked 
| 142|0x000000070a600000, 0x000000070a600000, 0x000000070a700000|  0%| F|  |TAMS 0x000000070a600000, 0x000000070a600000| Untracked 
| 143|0x000000070a700000, 0x000000070a700000, 0x000000070a800000|  0%| F|  |TAMS 0x000000070a700000, 0x000000070a700000| Untracked 
| 144|0x000000070a800000, 0x000000070a800000, 0x000000070a900000|  0%| F|  |TAMS 0x000000070a800000, 0x000000070a800000| Untracked 
| 145|0x000000070a900000, 0x000000070a900000, 0x000000070aa00000|  0%| F|  |TAMS 0x000000070a900000, 0x000000070a900000| Untracked 
| 146|0x000000070aa00000, 0x000000070aa00000, 0x000000070ab00000|  0%| F|  |TAMS 0x000000070aa00000, 0x000000070aa00000| Untracked 
| 147|0x000000070ab00000, 0x000000070ab00000, 0x000000070ac00000|  0%| F|  |TAMS 0x000000070ab00000, 0x000000070ab00000| Untracked 
| 148|0x000000070ac00000, 0x000000070ac00000, 0x000000070ad00000|  0%| F|  |TAMS 0x000000070ac00000, 0x000000070ac00000| Untracked 
| 149|0x000000070ad00000, 0x000000070ad00000, 0x000000070ae00000|  0%| F|  |TAMS 0x000000070ad00000, 0x000000070ad00000| Untracked 
| 150|0x000000070ae00000, 0x000000070ae00000, 0x000000070af00000|  0%| F|  |TAMS 0x000000070ae00000, 0x000000070ae00000| Untracked 
| 151|0x000000070af00000, 0x000000070af00000, 0x000000070b000000|  0%| F|  |TAMS 0x000000070af00000, 0x000000070af00000| Untracked 
| 152|0x000000070b000000, 0x000000070b000000, 0x000000070b100000|  0%| F|  |TAMS 0x000000070b000000, 0x000000070b000000| Untracked 
| 153|0x000000070b100000, 0x000000070b100000, 0x000000070b200000|  0%| F|  |TAMS 0x000000070b100000, 0x000000070b100000| Untracked 
| 154|0x000000070b200000, 0x000000070b200000, 0x000000070b300000|  0%| F|  |TAMS 0x000000070b200000, 0x000000070b200000| Untracked 
| 155|0x000000070b300000, 0x000000070b300000, 0x000000070b400000|  0%| F|  |TAMS 0x000000070b300000, 0x000000070b300000| Untracked 
| 156|0x000000070b400000, 0x000000070b400000, 0x000000070b500000|  0%| F|  |TAMS 0x000000070b400000, 0x000000070b400000| Untracked 
| 157|0x000000070b500000, 0x000000070b500000, 0x000000070b600000|  0%| F|  |TAMS 0x000000070b500000, 0x000000070b500000| Untracked 
| 158|0x000000070b600000, 0x000000070b600000, 0x000000070b700000|  0%| F|  |TAMS 0x000000070b600000, 0x000000070b600000| Untracked 
| 159|0x000000070b700000, 0x000000070b700000, 0x000000070b800000|  0%| F|  |TAMS 0x000000070b700000, 0x000000070b700000| Untracked 
| 160|0x000000070b800000, 0x000000070b800000, 0x000000070b900000|  0%| F|  |TAMS 0x000000070b800000, 0x000000070b800000| Untracked 
| 161|0x000000070b900000, 0x000000070b900000, 0x000000070ba00000|  0%| F|  |TAMS 0x000000070b900000, 0x000000070b900000| Untracked 
| 162|0x000000070ba00000, 0x000000070ba00000, 0x000000070bb00000|  0%| F|  |TAMS 0x000000070ba00000, 0x000000070ba00000| Untracked 
| 163|0x000000070bb00000, 0x000000070bb00000, 0x000000070bc00000|  0%| F|  |TAMS 0x000000070bb00000, 0x000000070bb00000| Untracked 
| 164|0x000000070bc00000, 0x000000070bc00000, 0x000000070bd00000|  0%| F|  |TAMS 0x000000070bc00000, 0x000000070bc00000| Untracked 
| 165|0x000000070bd00000, 0x000000070bd00000, 0x000000070be00000|  0%| F|  |TAMS 0x000000070bd00000, 0x000000070bd00000| Untracked 
| 166|0x000000070be00000, 0x000000070be00000, 0x000000070bf00000|  0%| F|  |TAMS 0x000000070be00000, 0x000000070be00000| Untracked 
| 167|0x000000070bf00000, 0x000000070bf00000, 0x000000070c000000|  0%| F|  |TAMS 0x000000070bf00000, 0x000000070bf00000| Untracked 
| 168|0x000000070c000000, 0x000000070c000000, 0x000000070c100000|  0%| F|  |TAMS 0x000000070c000000, 0x000000070c000000| Untracked 
| 169|0x000000070c100000, 0x000000070c100000, 0x000000070c200000|  0%| F|  |TAMS 0x000000070c100000, 0x000000070c100000| Untracked 
| 170|0x000000070c200000, 0x000000070c200000, 0x000000070c300000|  0%| F|  |TAMS 0x000000070c200000, 0x000000070c200000| Untracked 
| 171|0x000000070c300000, 0x000000070c300000, 0x000000070c400000|  0%| F|  |TAMS 0x000000070c300000, 0x000000070c300000| Untracked 
| 172|0x000000070c400000, 0x000000070c400000, 0x000000070c500000|  0%| F|  |TAMS 0x000000070c400000, 0x000000070c400000| Untracked 
| 173|0x000000070c500000, 0x000000070c500000, 0x000000070c600000|  0%| F|  |TAMS 0x000000070c500000, 0x000000070c500000| Untracked 
| 174|0x000000070c600000, 0x000000070c600000, 0x000000070c700000|  0%| F|  |TAMS 0x000000070c600000, 0x000000070c600000| Untracked 
| 175|0x000000070c700000, 0x000000070c700000, 0x000000070c800000|  0%| F|  |TAMS 0x000000070c700000, 0x000000070c700000| Untracked 
| 176|0x000000070c800000, 0x000000070c800000, 0x000000070c900000|  0%| F|  |TAMS 0x000000070c800000, 0x000000070c800000| Untracked 
| 177|0x000000070c900000, 0x000000070c900000, 0x000000070ca00000|  0%| F|  |TAMS 0x000000070c900000, 0x000000070c900000| Untracked 
| 178|0x000000070ca00000, 0x000000070ca00000, 0x000000070cb00000|  0%| F|  |TAMS 0x000000070ca00000, 0x000000070ca00000| Untracked 
| 179|0x000000070cb00000, 0x000000070cb00000, 0x000000070cc00000|  0%| F|  |TAMS 0x000000070cb00000, 0x000000070cb00000| Untracked 
| 180|0x000000070cc00000, 0x000000070cc00000, 0x000000070cd00000|  0%| F|  |TAMS 0x000000070cc00000, 0x000000070cc00000| Untracked 
| 181|0x000000070cd00000, 0x000000070cd00000, 0x000000070ce00000|  0%| F|  |TAMS 0x000000070cd00000, 0x000000070cd00000| Untracked 
| 182|0x000000070ce00000, 0x000000070ce00000, 0x000000070cf00000|  0%| F|  |TAMS 0x000000070ce00000, 0x000000070ce00000| Untracked 
| 183|0x000000070cf00000, 0x000000070cf00000, 0x000000070d000000|  0%| F|  |TAMS 0x000000070cf00000, 0x000000070cf00000| Untracked 
| 184|0x000000070d000000, 0x000000070d000000, 0x000000070d100000|  0%| F|  |TAMS 0x000000070d000000, 0x000000070d000000| Untracked 
| 185|0x000000070d100000, 0x000000070d100000, 0x000000070d200000|  0%| F|  |TAMS 0x000000070d100000, 0x000000070d100000| Untracked 
| 186|0x000000070d200000, 0x000000070d200000, 0x000000070d300000|  0%| F|  |TAMS 0x000000070d200000, 0x000000070d200000| Untracked 
| 187|0x000000070d300000, 0x000000070d300000, 0x000000070d400000|  0%| F|  |TAMS 0x000000070d300000, 0x000000070d300000| Untracked 
| 188|0x000000070d400000, 0x000000070d400000, 0x000000070d500000|  0%| F|  |TAMS 0x000000070d400000, 0x000000070d400000| Untracked 
| 189|0x000000070d500000, 0x000000070d500000, 0x000000070d600000|  0%| F|  |TAMS 0x000000070d500000, 0x000000070d500000| Untracked 
| 190|0x000000070d600000, 0x000000070d600000, 0x000000070d700000|  0%| F|  |TAMS 0x000000070d600000, 0x000000070d600000| Untracked 
| 191|0x000000070d700000, 0x000000070d700000, 0x000000070d800000|  0%| F|  |TAMS 0x000000070d700000, 0x000000070d700000| Untracked 
| 192|0x000000070d800000, 0x000000070d800000, 0x000000070d900000|  0%| F|  |TAMS 0x000000070d800000, 0x000000070d800000| Untracked 
| 193|0x000000070d900000, 0x000000070d900000, 0x000000070da00000|  0%| F|  |TAMS 0x000000070d900000, 0x000000070d900000| Untracked 
| 194|0x000000070da00000, 0x000000070da00000, 0x000000070db00000|  0%| F|  |TAMS 0x000000070da00000, 0x000000070da00000| Untracked 
| 195|0x000000070db00000, 0x000000070db00000, 0x000000070dc00000|  0%| F|  |TAMS 0x000000070db00000, 0x000000070db00000| Untracked 
| 196|0x000000070dc00000, 0x000000070dc00000, 0x000000070dd00000|  0%| F|  |TAMS 0x000000070dc00000, 0x000000070dc00000| Untracked 
| 197|0x000000070dd00000, 0x000000070dd00000, 0x000000070de00000|  0%| F|  |TAMS 0x000000070dd00000, 0x000000070dd00000| Untracked 
| 198|0x000000070de00000, 0x000000070de00000, 0x000000070df00000|  0%| F|  |TAMS 0x000000070de00000, 0x000000070de00000| Untracked 
| 199|0x000000070df00000, 0x000000070df00000, 0x000000070e000000|  0%| F|  |TAMS 0x000000070df00000, 0x000000070df00000| Untracked 
| 200|0x000000070e000000, 0x000000070e000000, 0x000000070e100000|  0%| F|  |TAMS 0x000000070e000000, 0x000000070e000000| Untracked 
| 201|0x000000070e100000, 0x000000070e100000, 0x000000070e200000|  0%| F|  |TAMS 0x000000070e100000, 0x000000070e100000| Untracked 
| 202|0x000000070e200000, 0x000000070e200000, 0x000000070e300000|  0%| F|  |TAMS 0x000000070e200000, 0x000000070e200000| Untracked 
| 203|0x000000070e300000, 0x000000070e300000, 0x000000070e400000|  0%| F|  |TAMS 0x000000070e300000, 0x000000070e300000| Untracked 
| 204|0x000000070e400000, 0x000000070e400000, 0x000000070e500000|  0%| F|  |TAMS 0x000000070e400000, 0x000000070e400000| Untracked 
| 205|0x000000070e500000, 0x000000070e500000, 0x000000070e600000|  0%| F|  |TAMS 0x000000070e500000, 0x000000070e500000| Untracked 
| 206|0x000000070e600000, 0x000000070e600000, 0x000000070e700000|  0%| F|  |TAMS 0x000000070e600000, 0x000000070e600000| Untracked 
| 207|0x000000070e700000, 0x000000070e700000, 0x000000070e800000|  0%| F|  |TAMS 0x000000070e700000, 0x000000070e700000| Untracked 
| 208|0x000000070e800000, 0x000000070e800000, 0x000000070e900000|  0%| F|  |TAMS 0x000000070e800000, 0x000000070e800000| Untracked 
| 209|0x000000070e900000, 0x000000070e900000, 0x000000070ea00000|  0%| F|  |TAMS 0x000000070e900000, 0x000000070e900000| Untracked 
| 210|0x000000070ea00000, 0x000000070ea00000, 0x000000070eb00000|  0%| F|  |TAMS 0x000000070ea00000, 0x000000070ea00000| Untracked 
| 211|0x000000070eb00000, 0x000000070eb00000, 0x000000070ec00000|  0%| F|  |TAMS 0x000000070eb00000, 0x000000070eb00000| Untracked 
| 212|0x000000070ec00000, 0x000000070ec00000, 0x000000070ed00000|  0%| F|  |TAMS 0x000000070ec00000, 0x000000070ec00000| Untracked 
| 213|0x000000070ed00000, 0x000000070ed00000, 0x000000070ee00000|  0%| F|  |TAMS 0x000000070ed00000, 0x000000070ed00000| Untracked 
| 214|0x000000070ee00000, 0x000000070ee00000, 0x000000070ef00000|  0%| F|  |TAMS 0x000000070ee00000, 0x000000070ee00000| Untracked 
| 215|0x000000070ef00000, 0x000000070ef00000, 0x000000070f000000|  0%| F|  |TAMS 0x000000070ef00000, 0x000000070ef00000| Untracked 
| 216|0x000000070f000000, 0x000000070f000000, 0x000000070f100000|  0%| F|  |TAMS 0x000000070f000000, 0x000000070f000000| Untracked 
| 217|0x000000070f100000, 0x000000070f100000, 0x000000070f200000|  0%| F|  |TAMS 0x000000070f100000, 0x000000070f100000| Untracked 
| 218|0x000000070f200000, 0x000000070f200000, 0x000000070f300000|  0%| F|  |TAMS 0x000000070f200000, 0x000000070f200000| Untracked 
| 219|0x000000070f300000, 0x000000070f300000, 0x000000070f400000|  0%| F|  |TAMS 0x000000070f300000, 0x000000070f300000| Untracked 
| 220|0x000000070f400000, 0x000000070f400000, 0x000000070f500000|  0%| F|  |TAMS 0x000000070f400000, 0x000000070f400000| Untracked 
| 221|0x000000070f500000, 0x000000070f500000, 0x000000070f600000|  0%| F|  |TAMS 0x000000070f500000, 0x000000070f500000| Untracked 
| 222|0x000000070f600000, 0x000000070f600000, 0x000000070f700000|  0%| F|  |TAMS 0x000000070f600000, 0x000000070f600000| Untracked 
| 223|0x000000070f700000, 0x000000070f700000, 0x000000070f800000|  0%| F|  |TAMS 0x000000070f700000, 0x000000070f700000| Untracked 
| 224|0x000000070f800000, 0x000000070f800000, 0x000000070f900000|  0%| F|  |TAMS 0x000000070f800000, 0x000000070f800000| Untracked 
| 225|0x000000070f900000, 0x000000070f900000, 0x000000070fa00000|  0%| F|  |TAMS 0x000000070f900000, 0x000000070f900000| Untracked 
| 226|0x000000070fa00000, 0x000000070fa00000, 0x000000070fb00000|  0%| F|  |TAMS 0x000000070fa00000, 0x000000070fa00000| Untracked 
| 227|0x000000070fb00000, 0x000000070fb00000, 0x000000070fc00000|  0%| F|  |TAMS 0x000000070fb00000, 0x000000070fb00000| Untracked 
| 228|0x000000070fc00000, 0x000000070fc00000, 0x000000070fd00000|  0%| F|  |TAMS 0x000000070fc00000, 0x000000070fc00000| Untracked 
| 229|0x000000070fd00000, 0x000000070fd00000, 0x000000070fe00000|  0%| F|  |TAMS 0x000000070fd00000, 0x000000070fd00000| Untracked 
| 230|0x000000070fe00000, 0x000000070fe00000, 0x000000070ff00000|  0%| F|  |TAMS 0x000000070fe00000, 0x000000070fe00000| Untracked 
| 231|0x000000070ff00000, 0x000000070ff00000, 0x0000000710000000|  0%| F|  |TAMS 0x000000070ff00000, 0x000000070ff00000| Untracked 
| 232|0x0000000710000000, 0x0000000710000000, 0x0000000710100000|  0%| F|  |TAMS 0x0000000710000000, 0x0000000710000000| Untracked 
| 233|0x0000000710100000, 0x0000000710100000, 0x0000000710200000|  0%| F|  |TAMS 0x0000000710100000, 0x0000000710100000| Untracked 
| 234|0x0000000710200000, 0x00000007102fc870, 0x0000000710300000| 98%| E|  |TAMS 0x0000000710200000, 0x0000000710200000| Complete 
| 235|0x0000000710300000, 0x0000000710400000, 0x0000000710400000|100%| E|CS|TAMS 0x0000000710300000, 0x0000000710300000| Complete 
| 236|0x0000000710400000, 0x0000000710500000, 0x0000000710500000|100%| E|CS|TAMS 0x0000000710400000, 0x0000000710400000| Complete 
| 237|0x0000000710500000, 0x0000000710600000, 0x0000000710600000|100%| E|CS|TAMS 0x0000000710500000, 0x0000000710500000| Complete 
| 238|0x0000000710600000, 0x0000000710700000, 0x0000000710700000|100%| E|CS|TAMS 0x0000000710600000, 0x0000000710600000| Complete 
| 239|0x0000000710700000, 0x0000000710800000, 0x0000000710800000|100%| E|CS|TAMS 0x0000000710700000, 0x0000000710700000| Complete 
| 240|0x0000000710800000, 0x0000000710900000, 0x0000000710900000|100%| E|CS|TAMS 0x0000000710800000, 0x0000000710800000| Complete 
| 241|0x0000000710900000, 0x0000000710a00000, 0x0000000710a00000|100%| E|CS|TAMS 0x0000000710900000, 0x0000000710900000| Complete 
| 242|0x0000000710a00000, 0x0000000710b00000, 0x0000000710b00000|100%| E|CS|TAMS 0x0000000710a00000, 0x0000000710a00000| Complete 
| 243|0x0000000710b00000, 0x0000000710c00000, 0x0000000710c00000|100%| E|CS|TAMS 0x0000000710b00000, 0x0000000710b00000| Complete 
| 244|0x0000000710c00000, 0x0000000710d00000, 0x0000000710d00000|100%| E|CS|TAMS 0x0000000710c00000, 0x0000000710c00000| Complete 
| 245|0x0000000710d00000, 0x0000000710e00000, 0x0000000710e00000|100%| E|CS|TAMS 0x0000000710d00000, 0x0000000710d00000| Complete 
| 246|0x0000000710e00000, 0x0000000710f00000, 0x0000000710f00000|100%| E|  |TAMS 0x0000000710e00000, 0x0000000710e00000| Complete 
| 247|0x0000000710f00000, 0x0000000711000000, 0x0000000711000000|100%| E|CS|TAMS 0x0000000710f00000, 0x0000000710f00000| Complete 
| 248|0x0000000711000000, 0x0000000711100000, 0x0000000711100000|100%| E|CS|TAMS 0x0000000711000000, 0x0000000711000000| Complete 
| 249|0x0000000711100000, 0x0000000711200000, 0x0000000711200000|100%| E|CS|TAMS 0x0000000711100000, 0x0000000711100000| Complete 
| 250|0x0000000711200000, 0x0000000711300000, 0x0000000711300000|100%| E|CS|TAMS 0x0000000711200000, 0x0000000711200000| Complete 
| 251|0x0000000711300000, 0x0000000711400000, 0x0000000711400000|100%| E|CS|TAMS 0x0000000711300000, 0x0000000711300000| Complete 
| 252|0x0000000711400000, 0x0000000711500000, 0x0000000711500000|100%| E|CS|TAMS 0x0000000711400000, 0x0000000711400000| Complete 
| 253|0x0000000711500000, 0x0000000711600000, 0x0000000711600000|100%| E|CS|TAMS 0x0000000711500000, 0x0000000711500000| Complete 
| 254|0x0000000711600000, 0x0000000711700000, 0x0000000711700000|100%| E|CS|TAMS 0x0000000711600000, 0x0000000711600000| Complete 
| 255|0x0000000711700000, 0x0000000711800000, 0x0000000711800000|100%| E|CS|TAMS 0x0000000711700000, 0x0000000711700000| Complete 

Card table byte_map: [0x000002a6f6250000,0x000002a6f6a50000] _byte_map_base: 0x000002a6f2a44000

Marking Bits (Prev, Next): (CMBitMap*) 0x000002a6dddcaeb8, (CMBitMap*) 0x000002a6dddcaef8
 Prev Bits: [0x000002a6f7250000, 0x000002a6fb1f0000)
 Next Bits: [0x000002a6fb1f0000, 0x000002a6ff190000)

Polling page: 0x000002a6dbba0000

Metaspace:

Usage:
  Non-class:      7.81 MB capacity,     5.61 MB ( 72%) used,     2.19 MB ( 28%) free+waste,    11.25 KB ( <1%) overhead. 
      Class:    626.00 KB capacity,   364.16 KB ( 58%) used,   256.66 KB ( 41%) free+waste,     5.19 KB ( <1%) overhead. 
       Both:      8.42 MB capacity,     5.97 MB ( 71%) used,     2.44 MB ( 29%) free+waste,    16.44 KB ( <1%) overhead. 

Virtual space:
  Non-class space:        8.00 MB reserved,       8.00 MB (100%) committed 
      Class space:        1.00 GB reserved,     640.00 KB ( <1%) committed 
             Both:        1.01 GB reserved,       8.63 MB ( <1%) committed 

Chunk freelists:
   Non-Class:  66.00 KB
       Class:  14.00 KB
        Both:  80.00 KB

MaxMetaspaceSize: 17179869184.00 GB
CompressedClassSpaceSize: 1.00 GB

CodeHeap 'non-profiled nmethods': size=120000Kb used=264Kb max_used=264Kb free=119735Kb
 bounds [0x000002a6edfd0000, 0x000002a6ee240000, 0x000002a6f5500000]
CodeHeap 'profiled nmethods': size=120000Kb used=1419Kb max_used=1419Kb free=118580Kb
 bounds [0x000002a6e6aa0000, 0x000002a6e6d10000, 0x000002a6edfd0000]
CodeHeap 'non-nmethods': size=5760Kb used=1603Kb max_used=1619Kb free=4156Kb
 bounds [0x000002a6e6500000, 0x000002a6e6770000, 0x000002a6e6aa0000]
 total_blobs=2282 nmethods=826 adapters=903
 compilation: enabled
              stopped_count=0, restarted_count=0
 full_count=0

Compilation events (20 events):
Event: 0.625 Thread 0x000002a6828d0800  813       3       java.nio.Buffer::checkIndex (24 bytes)
Event: 0.625 Thread 0x000002a6828d0800 nmethod 813 0x000002a6e6bfea10 code [0x000002a6e6bfebc0, 0x000002a6e6bfee28]
Event: 0.625 Thread 0x000002a6828d0800  814       3       java.nio.HeapCharBuffer::get (19 bytes)
Event: 0.625 Thread 0x000002a6828d0800 nmethod 814 0x000002a6e6bfef10 code [0x000002a6e6bff0e0, 0x000002a6e6bff3c8]
Event: 0.625 Thread 0x000002a6828d0800  821       3       jdk.internal.jimage.ImageStringsReader::get (9 bytes)
Event: 0.625 Thread 0x000002a6828d0800 nmethod 821 0x000002a6e6bff590 code [0x000002a6e6bff740, 0x000002a6e6bff928]
Event: 0.625 Thread 0x000002a6828d0800  822       3       jdk.internal.jimage.BasicImageReader::getString (49 bytes)
Event: 0.626 Thread 0x000002a6828d0800 nmethod 822 0x000002a6e6bffa10 code [0x000002a6e6bffc60, 0x000002a6e6c00738]
Event: 0.626 Thread 0x000002a6828d0800  823       3       jdk.internal.jimage.ImageStringsReader::stringFromByteBuffer (28 bytes)
Event: 0.626 Thread 0x000002a6828d0800 nmethod 823 0x000002a6e6c00a90 code [0x000002a6e6c00c60, 0x000002a6e6c01058]
Event: 0.626 Thread 0x000002a6828d0800  826       3       java.util.regex.Pattern$$Lambda$47/0x0000000800bae840::is (5 bytes)
Event: 0.626 Thread 0x000002a6828d0800 nmethod 826 0x000002a6e6c01210 code [0x000002a6e6c013a0, 0x000002a6e6c01518]
Event: 0.626 Thread 0x000002a6828d0800  816       3       java.util.zip.ZipFile$ZipFileInputStream::initDataOffset (117 bytes)
Event: 0.626 Thread 0x000002a6828d0800 nmethod 816 0x000002a6e6c01610 code [0x000002a6e6c01840, 0x000002a6e6c02008]
Event: 0.626 Thread 0x000002a6828d0800  824       1       java.util.stream.AbstractPipeline::getStreamAndOpFlags (5 bytes)
Event: 0.626 Thread 0x000002a6828d0800 nmethod 824 0x000002a6ee011c10 code [0x000002a6ee011da0, 0x000002a6ee011e78]
Event: 0.626 Thread 0x000002a6828d0800  817   !   3       java.util.zip.ZipFile$Source::readAt (39 bytes)
Event: 0.626 Thread 0x000002a6828d0800 nmethod 817 0x000002a6e6c02310 code [0x000002a6e6c02500, 0x000002a6e6c02a88]
Event: 0.626 Thread 0x000002a6828d0800  825       1       java.util.stream.FindOps$FindOp::getOpFlags (5 bytes)
Event: 0.626 Thread 0x000002a6828d0800 nmethod 825 0x000002a6ee011f10 code [0x000002a6ee0120a0, 0x000002a6ee012178]

GC Heap History (0 events):
No events

Deoptimization events (20 events):
Event: 0.468 Thread 0x000002a6ddd65000 Uncommon trap: trap_request=0xffffff54 fr.pc=0x000002a6ee001d08 relative=0x0000000000000068
Event: 0.468 Thread 0x000002a6ddd65000 Uncommon trap: reason=speculate_null_assert action=make_not_entrant pc=0x000002a6ee001d08 method=sun.misc.Unsafe.getLong(Ljava/lang/Object;J)J @ 5 c2
Event: 0.468 Thread 0x000002a6ddd65000 DEOPT PACKING pc=0x000002a6ee001d08 sp=0x000000c605bff270
Event: 0.468 Thread 0x000002a6ddd65000 DEOPT UNPACKING pc=0x000002a6e654912f sp=0x000000c605bff1f8 mode 2
Event: 0.623 Thread 0x000002a6ddd65000 Uncommon trap: trap_request=0xffffff45 fr.pc=0x000002a6edfe9c24 relative=0x0000000000000484
Event: 0.623 Thread 0x000002a6ddd65000 Uncommon trap: reason=unstable_if action=reinterpret pc=0x000002a6edfe9c24 method=java.lang.AbstractStringBuilder.putStringAt(ILjava/lang/String;)V @ 8 c2
Event: 0.623 Thread 0x000002a6ddd65000 DEOPT PACKING pc=0x000002a6edfe9c24 sp=0x000000c605bff2a0
Event: 0.623 Thread 0x000002a6ddd65000 DEOPT UNPACKING pc=0x000002a6e654912f sp=0x000000c605bff1b8 mode 2
Event: 0.623 Thread 0x000002a6ddd65000 Uncommon trap: trap_request=0xffffff45 fr.pc=0x000002a6edfeb4a8 relative=0x0000000000000488
Event: 0.623 Thread 0x000002a6ddd65000 Uncommon trap: reason=unstable_if action=reinterpret pc=0x000002a6edfeb4a8 method=java.lang.AbstractStringBuilder.putStringAt(ILjava/lang/String;)V @ 8 c2
Event: 0.623 Thread 0x000002a6ddd65000 DEOPT PACKING pc=0x000002a6edfeb4a8 sp=0x000000c605bff250
Event: 0.623 Thread 0x000002a6ddd65000 DEOPT UNPACKING pc=0x000002a6e654912f sp=0x000000c605bff1c0 mode 2
Event: 0.623 Thread 0x000002a6ddd65000 Uncommon trap: trap_request=0xffffff45 fr.pc=0x000002a6edfe93c0 relative=0x0000000000000100
Event: 0.623 Thread 0x000002a6ddd65000 Uncommon trap: reason=unstable_if action=reinterpret pc=0x000002a6edfe93c0 method=java.lang.String.getBytes([BIB)V @ 5 c2
Event: 0.623 Thread 0x000002a6ddd65000 DEOPT PACKING pc=0x000002a6edfe93c0 sp=0x000000c605bff170
Event: 0.623 Thread 0x000002a6ddd65000 DEOPT UNPACKING pc=0x000002a6e654912f sp=0x000000c605bff138 mode 2
Event: 0.623 Thread 0x000002a6ddd65000 Uncommon trap: trap_request=0xffffff45 fr.pc=0x000002a6ee00b570 relative=0x0000000000000390
Event: 0.623 Thread 0x000002a6ddd65000 Uncommon trap: reason=unstable_if action=reinterpret pc=0x000002a6ee00b570 method=java.lang.AbstractStringBuilder.isLatin1()Z @ 10 c2
Event: 0.623 Thread 0x000002a6ddd65000 DEOPT PACKING pc=0x000002a6ee00b570 sp=0x000000c605bff2d0
Event: 0.623 Thread 0x000002a6ddd65000 DEOPT UNPACKING pc=0x000002a6e654912f sp=0x000000c605bff250 mode 2

Classes unloaded (0 events):
No events

Classes redefined (0 events):
No events

Internal exceptions (11 events):
Event: 0.132 Thread 0x000002a6ddd65000 Exception <a 'java/lang/NoSuchMethodError'{0x00000007113bf210}: 'void java.lang.invoke.DelegatingMethodHandle$Holder.delegate(java.lang.Object, java.lang.Object, int, java.lang.Object)'> (0x00000007113bf210) 
thrown [./open/src/hotspot/share/interpreter/linkResolver.cpp, line 766]
Event: 0.133 Thread 0x000002a6ddd65000 Exception <a 'java/lang/NoSuchMethodError'{0x00000007113c5d80}: 'java.lang.Object java.lang.invoke.DirectMethodHandle$Holder.invokeStaticInit(java.lang.Object, java.lang.Object, java.lang.Object)'> (0x00000007113c5d80) 
thrown [./open/src/hotspot/share/interpreter/linkResolver.cpp, line 766]
Event: 0.152 Thread 0x000002a6ddd65000 Exception <a 'sun/nio/fs/WindowsException'{0x000000071121b4e0}> (0x000000071121b4e0) 
thrown [./open/src/hotspot/share/prims/jni.cpp, line 599]
Event: 0.152 Thread 0x000002a6ddd65000 Exception <a 'sun/nio/fs/WindowsException'{0x000000071121ba20}> (0x000000071121ba20) 
thrown [./open/src/hotspot/share/prims/jni.cpp, line 599]
Event: 0.183 Thread 0x000002a6ddd65000 Exception <a 'sun/nio/fs/WindowsException'{0x00000007111d5130}> (0x00000007111d5130) 
thrown [./open/src/hotspot/share/prims/jni.cpp, line 599]
Event: 0.183 Thread 0x000002a6ddd65000 Exception <a 'sun/nio/fs/WindowsException'{0x00000007111d5488}> (0x00000007111d5488) 
thrown [./open/src/hotspot/share/prims/jni.cpp, line 599]
Event: 0.429 Thread 0x000002a6ddd65000 Exception <a 'sun/nio/fs/WindowsException'{0x00000007110d2928}> (0x00000007110d2928) 
thrown [./open/src/hotspot/share/prims/jni.cpp, line 599]
Event: 0.429 Thread 0x000002a6ddd65000 Exception <a 'sun/nio/fs/WindowsException'{0x00000007110d2cb8}> (0x00000007110d2cb8) 
thrown [./open/src/hotspot/share/prims/jni.cpp, line 599]
Event: 0.433 Thread 0x000002a6ddd65000 Exception <a 'sun/nio/fs/WindowsException'{0x00000007110f33e8}> (0x00000007110f33e8) 
thrown [./open/src/hotspot/share/prims/jni.cpp, line 599]
Event: 0.433 Thread 0x000002a6ddd65000 Exception <a 'sun/nio/fs/WindowsException'{0x00000007110f36b8}> (0x00000007110f36b8) 
thrown [./open/src/hotspot/share/prims/jni.cpp, line 599]
Event: 0.618 Thread 0x000002a6ddd65000 Exception <a 'java/lang/NoSuchMethodError'{0x000000071025fa68}: 'int java.lang.invoke.DirectMethodHandle$Holder.invokeSpecialIFC(java.lang.Object, java.lang.Object, int)'> (0x000000071025fa68) 
thrown [./open/src/hotspot/share/interpreter/linkResolver.cpp, line 766]

Events (20 events):
Event: 0.187 loading class jdk/internal/reflect/UnsafeQualifiedStaticIntegerFieldAccessorImpl
Event: 0.187 loading class jdk/internal/reflect/UnsafeQualifiedStaticIntegerFieldAccessorImpl done
Event: 0.403 Thread 0x000002a682a02800 Thread exited: 0x000002a682a02800
Event: 0.431 Loaded shared library C:\Users\K&M\AppData\Local\Temp\lwjglK&M\3.2.3-build-13\lwjgl_opengl.dll
Event: 0.464 Thread 0x000002a688f53000 Thread added: 0x000002a688f53000
Event: 0.476 Loaded shared library C:\Users\K&M\AppData\Local\Temp\lwjglK&M\3.2.3-build-13\lwjgl.dll
Event: 0.598 loading class jdk/internal/reflect/UnsafeQualifiedLongFieldAccessorImpl
Event: 0.598 loading class jdk/internal/reflect/UnsafeQualifiedFieldAccessorImpl
Event: 0.598 loading class jdk/internal/reflect/UnsafeQualifiedFieldAccessorImpl done
Event: 0.598 loading class jdk/internal/reflect/UnsafeQualifiedLongFieldAccessorImpl done
Event: 0.616 loading class sun/net/ProgressMonitor
Event: 0.616 loading class sun/net/ProgressMonitor done
Event: 0.616 loading class sun/net/DefaultProgressMeteringPolicy
Event: 0.616 loading class sun/net/ProgressMeteringPolicy
Event: 0.616 loading class sun/net/ProgressMeteringPolicy done
Event: 0.616 loading class sun/net/DefaultProgressMeteringPolicy done
Event: 0.616 loading class java/util/Scanner
Event: 0.617 loading class java/util/Scanner done
Event: 0.619 loading class java/util/Scanner$PatternLRUCache
Event: 0.620 loading class java/util/Scanner$PatternLRUCache done


Dynamic libraries:
0x00007ff7df170000 - 0x00007ff7df17f000 	C:\Program Files\Java\jdk-14.0.1\bin\java.exe
0x00007ffba4a80000 - 0x00007ffba4c70000 	C:\WINDOWS\SYSTEM32\ntdll.dll
0x00007ffba2f10000 - 0x00007ffba2fc2000 	C:\WINDOWS\System32\KERNEL32.DLL
0x00007ffba1f90000 - 0x00007ffba2235000 	C:\WINDOWS\System32\KERNELBASE.dll
0x00007ffba1e90000 - 0x00007ffba1f8a000 	C:\WINDOWS\System32\ucrtbase.dll
0x00007ffb9d720000 - 0x00007ffb9d738000 	C:\Program Files\Java\jdk-14.0.1\bin\jli.dll
0x00007ffb9ba40000 - 0x00007ffb9ba55000 	C:\Program Files\Java\jdk-14.0.1\bin\VCRUNTIME140.dll
0x00007ffba34f0000 - 0x00007ffba3593000 	C:\WINDOWS\System32\ADVAPI32.dll
0x00007ffba3110000 - 0x00007ffba31ae000 	C:\WINDOWS\System32\msvcrt.dll
0x00007ffba2c40000 - 0x00007ffba2cd7000 	C:\WINDOWS\System32\sechost.dll
0x00007ffba48e0000 - 0x00007ffba49ff000 	C:\WINDOWS\System32\RPCRT4.dll
0x00007ffba2d70000 - 0x00007ffba2f04000 	C:\WINDOWS\System32\USER32.dll
0x00007ffba2a50000 - 0x00007ffba2a71000 	C:\WINDOWS\System32\win32u.dll
0x00007ffba4a00000 - 0x00007ffba4a26000 	C:\WINDOWS\System32\GDI32.dll
0x00007ffb8dde0000 - 0x00007ffb8e064000 	C:\WINDOWS\WinSxS\amd64_microsoft.windows.common-controls_6595b64144ccf1df_6.0.18362.1316_none_9e7a364fe461dbd7\COMCTL32.dll
0x00007ffba1a50000 - 0x00007ffba1be8000 	C:\WINDOWS\System32\gdi32full.dll
0x00007ffba1c10000 - 0x00007ffba1cae000 	C:\WINDOWS\System32\msvcp_win.dll
0x00007ffba31b0000 - 0x00007ffba34e7000 	C:\WINDOWS\System32\combase.dll
0x00007ffba1cb0000 - 0x00007ffba1d31000 	C:\WINDOWS\System32\bcryptPrimitives.dll
0x00007ffb9ab30000 - 0x00007ffb9ab3a000 	C:\WINDOWS\SYSTEM32\VERSION.dll
0x00007ffba2b30000 - 0x00007ffba2b5e000 	C:\WINDOWS\System32\IMM32.DLL
0x00007ffb894d0000 - 0x00007ffb8956b000 	C:\Program Files\Java\jdk-14.0.1\bin\msvcp140.dll
0x00007ffb75680000 - 0x00007ffb7619e000 	C:\Program Files\Java\jdk-14.0.1\bin\server\jvm.dll
0x00007ffba4a30000 - 0x00007ffba4a38000 	C:\WINDOWS\System32\PSAPI.DLL
0x00007ffb9d3a0000 - 0x00007ffb9d3a9000 	C:\WINDOWS\SYSTEM32\WSOCK32.dll
0x00007ffb9e0b0000 - 0x00007ffb9e0d4000 	C:\WINDOWS\SYSTEM32\WINMM.dll
0x00007ffba2d00000 - 0x00007ffba2d6f000 	C:\WINDOWS\System32\WS2_32.dll
0x00007ffb9e080000 - 0x00007ffb9e0ad000 	C:\WINDOWS\SYSTEM32\WINMMBASE.dll
0x00007ffba1a00000 - 0x00007ffba1a4a000 	C:\WINDOWS\System32\cfgmgr32.dll
0x00007ffba19e0000 - 0x00007ffba19f1000 	C:\WINDOWS\System32\kernel.appcore.dll
0x00007ffb9e180000 - 0x00007ffb9e18a000 	C:\Program Files\Java\jdk-14.0.1\bin\jimage.dll
0x00007ffba0190000 - 0x00007ffba0384000 	C:\WINDOWS\SYSTEM32\DBGHELP.DLL
0x00007ffb8ad20000 - 0x00007ffb8ad4a000 	C:\WINDOWS\SYSTEM32\dbgcore.DLL
0x00007ffb9ced0000 - 0x00007ffb9cede000 	C:\Program Files\Java\jdk-14.0.1\bin\instrument.dll
0x00007ffb97e70000 - 0x00007ffb97e95000 	C:\Program Files\Java\jdk-14.0.1\bin\java.dll
0x00007ffb8e930000 - 0x00007ffb8e946000 	C:\Program Files\Java\jdk-14.0.1\bin\zip.dll
0x00007ffba3bd0000 - 0x00007ffba42b8000 	C:\WINDOWS\System32\SHELL32.dll
0x00007ffba4470000 - 0x00007ffba4517000 	C:\WINDOWS\System32\shcore.dll
0x00007ffba2240000 - 0x00007ffba29bb000 	C:\WINDOWS\System32\windows.storage.dll
0x00007ffba1960000 - 0x00007ffba1983000 	C:\WINDOWS\System32\profapi.dll
0x00007ffba1990000 - 0x00007ffba19da000 	C:\WINDOWS\System32\powrprof.dll
0x00007ffba1930000 - 0x00007ffba1940000 	C:\WINDOWS\System32\UMPDC.dll
0x00007ffba4880000 - 0x00007ffba48d2000 	C:\WINDOWS\System32\shlwapi.dll
0x00007ffba1bf0000 - 0x00007ffba1c07000 	C:\WINDOWS\System32\cryptsp.dll
0x00007ffb8db90000 - 0x00007ffb8dba9000 	C:\Program Files\Java\jdk-14.0.1\bin\net.dll
0x00007ffb91230000 - 0x00007ffb91320000 	C:\WINDOWS\SYSTEM32\WINHTTP.dll
0x00007ffba1170000 - 0x00007ffba11d7000 	C:\WINDOWS\system32\mswsock.dll
0x00007ffb8c9c0000 - 0x00007ffb8c9d2000 	C:\Program Files\Java\jdk-14.0.1\bin\nio.dll
0x00007ffb982b0000 - 0x00007ffb982c0000 	C:\Program Files\Java\jdk-14.0.1\bin\verify.dll
0x00007ffb8c9a0000 - 0x00007ffb8c9ba000 	C:\Program Files\JetBrains\IntelliJ IDEA 2020.1.1\bin\breakgen64.dll
0x00007ffb88e60000 - 0x00007ffb88ec4000 	C:\Users\K&M\AppData\Local\Temp\lwjglK&M\3.2.3-build-13\lwjgl.dll
0x00007ffb88b90000 - 0x00007ffb88bf2000 	C:\Users\K&M\AppData\Local\Temp\lwjglK&M\3.2.3-build-13\glfw.dll
0x00007ffb9f6d0000 - 0x00007ffb9f769000 	C:\WINDOWS\system32\uxtheme.dll
0x00007ffb8baf0000 - 0x00007ffb8bb33000 	C:\WINDOWS\SYSTEM32\dinput8.dll
0x00007ffb8b170000 - 0x00007ffb8b181000 	C:\WINDOWS\SYSTEM32\xinput1_4.dll
0x00007ffba1710000 - 0x00007ffba173a000 	C:\WINDOWS\SYSTEM32\DEVOBJ.dll
0x00007ffb9fc70000 - 0x00007ffb9fc9d000 	C:\WINDOWS\SYSTEM32\dwmapi.dll
0x00007ffb97c00000 - 0x00007ffb97d1c000 	C:\WINDOWS\SYSTEM32\inputhost.dll
0x00007ffb9f380000 - 0x00007ffb9f454000 	C:\WINDOWS\SYSTEM32\CoreMessaging.dll
0x00007ffb9d4a0000 - 0x00007ffb9d5f2000 	C:\WINDOWS\SYSTEM32\wintypes.dll
0x00007ffb9c820000 - 0x00007ffb9cb4a000 	C:\WINDOWS\SYSTEM32\CoreUIComponents.dll
0x00007ffb9da20000 - 0x00007ffb9db10000 	C:\WINDOWS\SYSTEM32\PROPSYS.dll
0x00007ffba3a20000 - 0x00007ffba3ae5000 	C:\WINDOWS\System32\OLEAUT32.dll
0x00007ffba0970000 - 0x00007ffba09a1000 	C:\WINDOWS\SYSTEM32\ntmarta.dll
0x00007ffba2fd0000 - 0x00007ffba3105000 	C:\WINDOWS\System32\MSCTF.dll
0x00007ffba0510000 - 0x00007ffba051e000 	C:\WINDOWS\SYSTEM32\HID.DLL
0x00007ffba35b0000 - 0x00007ffba3a20000 	C:\WINDOWS\System32\SETUPAPI.DLL
0x00007ffba2a20000 - 0x00007ffba2a46000 	C:\WINDOWS\System32\bcrypt.dll
0x00007ffba29c0000 - 0x00007ffba2a1c000 	C:\WINDOWS\System32\WINTRUST.dll
0x00007ffba1940000 - 0x00007ffba1952000 	C:\WINDOWS\System32\MSASN1.dll
0x00007ffba1d40000 - 0x00007ffba1e8a000 	C:\WINDOWS\System32\CRYPT32.dll
0x00007ffb73c30000 - 0x00007ffb73d86000 	C:\WINDOWS\SYSTEM32\opengl32.dll
0x00007ffb7f330000 - 0x00007ffb7f35c000 	C:\WINDOWS\SYSTEM32\GLU32.dll
0x00007ffba0570000 - 0x00007ffba0590000 	C:\WINDOWS\SYSTEM32\dxcore.dll
0x00007ffb604b0000 - 0x00007ffb62e38000 	C:\WINDOWS\System32\DriverStore\FileRepository\nv_dispi.inf_amd64_e44a509137af5639\nvoglv64.dll
0x00007ffba4520000 - 0x00007ffba4677000 	C:\WINDOWS\System32\ole32.dll
0x00007ffb9dc80000 - 0x00007ffb9dc93000 	C:\WINDOWS\SYSTEM32\WTSAPI32.dll
0x00007ffb9aae0000 - 0x00007ffb9ab0f000 	C:\WINDOWS\SYSTEM32\cryptnet.dll
0x00007ffba1340000 - 0x00007ffba134c000 	C:\WINDOWS\SYSTEM32\cryptbase.dll
0x00007ffb73960000 - 0x00007ffb73c26000 	C:\WINDOWS\system32\nvspcap64.dll
0x00007ffba09e0000 - 0x00007ffba0a36000 	C:\WINDOWS\SYSTEM32\WINSTA.dll
0x00007ffb97b60000 - 0x00007ffb97bfd000 	C:\WINDOWS\System32\TextInputFramework.dll
0x00007ffb96560000 - 0x00007ffb96807000 	C:\WINDOWS\System32\iertutil.dll
0x00007ffb7c050000 - 0x00007ffb7c0a9000 	C:\Users\K&M\AppData\Local\Temp\lwjglK&M\3.2.3-build-13\lwjgl_opengl.dll

dbghelp: loaded successfully - version: 4.0.5 - missing functions: none
symbol engine: initialized successfully - sym options: 0x614 - pdb path: .;C:\Program Files\Java\jdk-14.0.1\bin;C:\WINDOWS\SYSTEM32;C:\WINDOWS\WinSxS\amd64_microsoft.windows.common-controls_6595b64144ccf1df_6.0.18362.1316_none_9e7a364fe461dbd7;C:\Program Files\Java\jdk-14.0.1\bin\server;C:\Program Files\JetBrains\IntelliJ IDEA 2020.1.1\bin;C:\Users\K&M\AppData\Local\Temp\lwjglK&M\3.2.3-build-13;C:\WINDOWS\System32\DriverStore\FileRepository\nv_dispi.inf_amd64_e44a509137af5639

VM Arguments:
jvm_args: -javaagent:C:\Program Files\JetBrains\IntelliJ IDEA 2020.1.1\lib\idea_rt.jar=56574:C:\Program Files\JetBrains\IntelliJ IDEA 2020.1.1\bin -Dfile.encoding=UTF-8 
java_command: projekt.Projekt
java_class_path (initial): C:\Users\K&M\Desktop\uni zeug\1\bin;C:\Users\K&M\Desktop\uni zeug\1\lib\lwjgl-glfw-natives-linux.jar;C:\Users\K&M\Desktop\uni zeug\1\lib\lwjgl-glfw-natives-macos.jar;C:\Users\K&M\Desktop\uni zeug\1\lib\lwjgl-glfw-natives-windows.jar;C:\Users\K&M\Desktop\uni zeug\1\lib\lwjgl-glfw.jar;C:\Users\K&M\Desktop\uni zeug\1\lib\lwjgl-natives-linux.jar;C:\Users\K&M\Desktop\uni zeug\1\lib\lwjgl-natives-macos.jar;C:\Users\K&M\Desktop\uni zeug\1\lib\lwjgl-natives-windows.jar;C:\Users\K&M\Desktop\uni zeug\1\lib\lwjgl-opengl-natives-linux.jar;C:\Users\K&M\Desktop\uni zeug\1\lib\lwjgl-opengl-natives-macos.jar;C:\Users\K&M\Desktop\uni zeug\1\lib\lwjgl-opengl-natives-windows.jar;C:\Users\K&M\Desktop\uni zeug\1\lib\lwjgl-opengl.jar;C:\Users\K&M\Desktop\uni zeug\1\lib\lwjgl.jar
Launcher Type: SUN_STANDARD

[Global flags]
     intx CICompilerCount                          = 4                                         {product} {ergonomic}
     uint ConcGCThreads                            = 3                                         {product} {ergonomic}
     uint G1ConcRefinementThreads                  = 10                                        {product} {ergonomic}
   size_t G1HeapRegionSize                         = 1048576                                   {product} {ergonomic}
    uintx GCDrainStackTargetSize                   = 64                                        {product} {ergonomic}
   size_t InitialHeapSize                          = 268435456                                 {product} {ergonomic}
   size_t MarkStackSize                            = 4194304                                   {product} {ergonomic}
   size_t MaxHeapSize                              = 4269801472                                {product} {ergonomic}
   size_t MaxNewSize                               = 2561671168                                {product} {ergonomic}
   size_t MinHeapDeltaBytes                        = 1048576                                   {product} {ergonomic}
   size_t MinHeapSize                              = 8388608                                   {product} {ergonomic}
    uintx NonNMethodCodeHeapSize                   = 5839372                                {pd product} {ergonomic}
    uintx NonProfiledCodeHeapSize                  = 122909434                              {pd product} {ergonomic}
    uintx ProfiledCodeHeapSize                     = 122909434                              {pd product} {ergonomic}
    uintx ReservedCodeCacheSize                    = 251658240                              {pd product} {ergonomic}
     bool SegmentedCodeCache                       = true                                      {product} {ergonomic}
   size_t SoftMaxHeapSize                          = 4269801472                             {manageable} {ergonomic}
     bool UseCompressedClassPointers               = true                                 {lp64_product} {ergonomic}
     bool UseCompressedOops                        = true                                 {lp64_product} {ergonomic}
     bool UseG1GC                                  = true                                      {product} {ergonomic}
     bool UseLargePagesIndividualAllocation        = false                                  {pd product} {ergonomic}

Logging:
Log output configuration:
 #0: stdout all=warning uptime,level,tags
 #1: stderr all=off uptime,level,tags

Environment Variables:
PATH=C:\Program Files (x86)\Common Files\Oracle\Java\javapath;C:\Windows\system32;C:\Windows;C:\Windows\System32\Wbem;C:\Windows\System32\WindowsPowerShell\v1.0\;C:\Windows\System32\OpenSSH\;C:\Program Files (x86)\NVIDIA Corporation\PhysX\Common;C:\Program Files\NVIDIA Corporation\NVIDIA NvDLISR;C:\WINDOWS\system32;C:\WINDOWS;C:\WINDOWS\System32\Wbem;C:\WINDOWS\System32\WindowsPowerShell\v1.0\;C:\WINDOWS\System32\OpenSSH\;C:\Program Files\Git\cmd;C:\Program Files\dotnet\;C:\Users\K&M\AppData\Local\Microsoft\WindowsApps;;C:\Users\K&M\AppData\Local\Programs\Microsoft VS Code\bin;C:\Users\K&M\.dotnet\tools
USERNAME=K&M
OS=Windows_NT
PROCESSOR_IDENTIFIER=Intel64 Family 6 Model 63 Stepping 2, GenuineIntel



---------------  S Y S T E M  ---------------

OS: Windows 10 , 64 bit Build 18362 (10.0.18362.1316)
OS uptime: 0 days 8:32 hours

CPU:total 12 (initial active 12) (6 cores per cpu, 2 threads per core) family 6 model 63 stepping 2, cmov, cx8, fxsr, mmx, sse, sse2, sse3, ssse3, sse4.1, sse4.2, popcnt, avx, avx2, aes, clmul, erms, lzcnt, ht, tsc, tscinvbit, bmi1, bmi2, fma

Memory: 4k page, system-wide physical 16284M (8243M free)
TotalPageFile size 18716M (AvailPageFile size 5886M)
current process WorkingSet (physical memory assigned to process): 103M, peak: 103M
current process commit charge ("private bytes"): 403M, peak: 403M

vm_info: Java HotSpot(TM) 64-Bit Server VM (14.0.1+7) for windows-amd64 JRE (14.0.1+7), built on Mar  5 2020 10:30:14 by "mach5one" with MS VC++ 15.9 (VS2017)

END.
