#
# A fatal error has been detected by the Java Runtime Environment:
#
#  EXCEPTION_ACCESS_VIOLATION (0xc0000005) at pc=0x00007fff7f5f20ae, pid=14592, tid=12920
#
# JRE version: Java(TM) SE Runtime Environment (14.0.1+7) (build 14.0.1+7)
# Java VM: Java HotSpot(TM) 64-Bit Server VM (14.0.1+7, mixed mode, sharing, tiered, compressed oops, g1 gc, windows-amd64)
# Problematic frame:
# C  [nvoglv64.dll+0x11620ae]
#
# No core dump will be written. Minidumps are not enabled by default on client versions of Windows
#
# If you would like to submit a bug report, please visit:
#   https://bugreport.java.com/bugreport/crash.jsp
# The crash happened outside the Java Virtual Machine in native code.
# See problematic frame for where to report the bug.
#

---------------  S U M M A R Y ------------

Command Line: -javaagent:C:\Program Files\JetBrains\IntelliJ IDEA 2020.1.1\lib\idea_rt.jar=60733:C:\Program Files\JetBrains\IntelliJ IDEA 2020.1.1\bin -Dfile.encoding=UTF-8 projekt.Projekt

Host: Intel(R) Core(TM) i7-5930K CPU @ 3.50GHz, 12 cores, 23G,  Windows 10 , 64 bit Build 18362 (10.0.18362.1316)
Time: Sun Jan 24 17:03:07 2021 Mitteleuropäische Zeit elapsed time: 0 seconds (0d 0h 0m 0s)

---------------  T H R E A D  ---------------

Current thread (0x0000020ea155d000):  JavaThread "main" [_thread_in_native, id=12920, stack(0x0000007d5db00000,0x0000007d5dc00000)]

Stack: [0x0000007d5db00000,0x0000007d5dc00000],  sp=0x0000007d5dbfed78,  free space=1019k
Native frames: (J=compiled Java code, j=interpreted, Vv=VM code, C=native code)
C  [nvoglv64.dll+0x11620ae]

Java frames: (J=compiled Java code, j=interpreted, Vv=VM code)
j  org.lwjgl.opengl.GL11C.glDrawArrays(III)V+0
j  org.lwjgl.opengl.GL11.glDrawArrays(III)V+3
j  projekt.Projekt.render()V+106
j  lenz.opengl.AbstractOpenGLBase.start(Ljava/lang/String;II)V+61
j  projekt.Projekt.main([Ljava/lang/String;)V+15
v  ~StubRoutines::call_stub

siginfo: EXCEPTION_ACCESS_VIOLATION (0xc0000005), reading address 0x0000000000000000


Register to memory mapping:

RIP=0x00007fff7f5f20ae nvoglv64.dll
RAX=0x0000020ed10afbe4 points into unknown readable memory: 00 00 00 00
RBX=0x0000000000000280 is an unknown value
RCX=0x0000000000000240 is an unknown value
RDX=0xfffffdf12ef5041c is an unknown value
RSP=0x0000007d5dbfed78 is pointing into the stack for thread: 0x0000020ea155d000
RBP=0x0000000000000001 is an unknown value
RSI=0x0 is NULL
RDI=0x0000020ed10afbe4 points into unknown readable memory: 00 00 00 00
R8 =0x0000000000000240 is an unknown value
R9 =0x0000000000000024 is an unknown value
R10=0x0 is NULL
R11=0x0000020ed10afbe4 points into unknown readable memory: 00 00 00 00
R12=0x0 is NULL
R13=0x00007fff7e490000 nvoglv64.dll
R14=0x0 is NULL
R15=0x0000020ecc75a438 points into unknown readable memory: 04 00 00 00 01 00 00 00


Registers:
RAX=0x0000020ed10afbe4, RBX=0x0000000000000280, RCX=0x0000000000000240, RDX=0xfffffdf12ef5041c
RSP=0x0000007d5dbfed78, RBP=0x0000000000000001, RSI=0x0000000000000000, RDI=0x0000020ed10afbe4
R8 =0x0000000000000240, R9 =0x0000000000000024, R10=0x0000000000000000, R11=0x0000020ed10afbe4
R12=0x0000000000000000, R13=0x00007fff7e490000, R14=0x0000000000000000, R15=0x0000020ecc75a438
RIP=0x00007fff7f5f20ae, EFLAGS=0x0000000000010202

Top of Stack: (sp=0x0000007d5dbfed78)
0x0000007d5dbfed78:   0000000000000024 0000020ed10afbe4
0x0000007d5dbfed88:   00007fff7f01cc9c 0000020ea9d0a1b3
0x0000007d5dbfed98:   0000000000000148 0000020ea155d000
0x0000007d5dbfeda8:   00007fff7ee8ff2b 0000000000000000
0x0000007d5dbfedb8:   0000000000000000 0000000000000000
0x0000007d5dbfedc8:   000000000012810b 0000020ecc75a438
0x0000007d5dbfedd8:   00007fff7f01dbab 0000020ecc758080
0x0000007d5dbfede8:   0000000000000004 0000000000000024
0x0000007d5dbfedf8:   0000020ea9d0f260 0000020ea155d000
0x0000007d5dbfee08:   0000007d5dbfeee0 0000020ecaf79688
0x0000007d5dbfee18:   0000000000000000 0000020ea9d0a1b3
0x0000007d5dbfee28:   0000020ea9d0f417 0000020ecaf79690
0x0000007d5dbfee38:   0000007d5dbfeeb0 0000000000000148
0x0000007d5dbfee48:   0000000000000148 3ff0000000000024
0x0000007d5dbfee58:   0000020ea155d000 0000020ea9d0f0b6
0x0000007d5dbfee68:   0000007d5dbfee68 0000020ecaf79688 

Instructions: (pc=0x00007fff7f5f20ae)
0x00007fff7f5f1fae:   cc cc cc cc cc cc cc cc 66 66 0f 1f 84 00 00 00
0x00007fff7f5f1fbe:   00 00 48 2b d1 49 83 f8 08 72 22 f6 c1 07 74 14
0x00007fff7f5f1fce:   66 90 8a 01 3a 04 11 75 2c 48 ff c1 49 ff c8 f6
0x00007fff7f5f1fde:   c1 07 75 ee 4d 8b c8 49 c1 e9 03 75 1f 4d 85 c0
0x00007fff7f5f1fee:   74 0f 8a 01 3a 04 11 75 0c 48 ff c1 49 ff c8 75
0x00007fff7f5f1ffe:   f1 48 33 c0 c3 1b c0 83 d8 ff c3 90 49 c1 e9 02
0x00007fff7f5f200e:   74 37 48 8b 01 48 3b 04 11 75 5b 48 8b 41 08 48
0x00007fff7f5f201e:   3b 44 11 08 75 4c 48 8b 41 10 48 3b 44 11 10 75
0x00007fff7f5f202e:   3d 48 8b 41 18 48 3b 44 11 18 75 2e 48 83 c1 20
0x00007fff7f5f203e:   49 ff c9 75 cd 49 83 e0 1f 4d 8b c8 49 c1 e9 03
0x00007fff7f5f204e:   74 9b 48 8b 01 48 3b 04 11 75 1b 48 83 c1 08 49
0x00007fff7f5f205e:   ff c9 75 ee 49 83 e0 07 eb 83 48 83 c1 08 48 83
0x00007fff7f5f206e:   c1 08 48 83 c1 08 48 8b 0c 0a 48 0f c8 48 0f c9
0x00007fff7f5f207e:   48 3b c1 1b c0 83 d8 ff c3 cc cc cc cc cc cc cc
0x00007fff7f5f208e:   cc cc cc cc cc cc cc cc 66 66 0f 1f 84 00 00 00
0x00007fff7f5f209e:   00 00 57 56 49 8b c3 48 8b f9 49 8b c8 49 8b f2
0x00007fff7f5f20ae:   f3 a4 5e 5f c3 cc cc cc cc cc cc 0f 1f 80 00 00
0x00007fff7f5f20be:   00 00 4c 8b d9 4c 8b d2 49 83 f8 10 76 54 49 83
0x00007fff7f5f20ce:   f8 20 76 2e 48 2b d1 73 0d 4b 8d 04 10 48 3b c8
0x00007fff7f5f20de:   0f 82 dc 02 00 00 49 81 f8 80 00 00 00 0f 86 0f
0x00007fff7f5f20ee:   02 00 00 f6 05 70 32 68 01 02 0f 84 52 01 00 00
0x00007fff7f5f20fe:   eb a0 0f 10 02 42 0f 10 4c 02 f0 0f 11 01 42 0f
0x00007fff7f5f210e:   11 4c 01 f0 48 8b c1 c3 66 66 0f 1f 84 00 00 00
0x00007fff7f5f211e:   00 00 48 8b c1 4c 8d 0d d6 de e9 fe 43 8b 8c 81
0x00007fff7f5f212e:   10 1a 93 02 49 03 c9 ff e1 66 0f 1f 84 00 00 00
0x00007fff7f5f213e:   00 00 c3 0f b7 0a 66 89 08 c3 48 8b 0a 48 89 08
0x00007fff7f5f214e:   c3 0f b7 0a 44 0f b6 42 02 66 89 08 44 88 40 02
0x00007fff7f5f215e:   c3 0f b6 0a 88 08 c3 f3 0f 6f 02 f3 0f 7f 00 c3
0x00007fff7f5f216e:   66 90 4c 8b 02 0f b7 4a 08 44 0f b6 4a 0a 4c 89
0x00007fff7f5f217e:   00 66 89 48 08 44 88 48 0a c3 8b 0a 89 08 c3 0f
0x00007fff7f5f218e:   1f 00 8b 0a 44 0f b6 42 04 89 08 44 88 40 04 c3
0x00007fff7f5f219e:   66 90 8b 0a 44 0f b7 42 04 89 08 66 44 89 40 04 


Stack slot to memory mapping:
stack at sp + 0 slots: 0x0000000000000024 is an unknown value
stack at sp + 1 slots: 0x0000020ed10afbe4 points into unknown readable memory: 00 00 00 00
stack at sp + 2 slots: 0x00007fff7f01cc9c nvoglv64.dll
stack at sp + 3 slots: 0x0000020ea9d0a1b3 is at code_begin+2355 in an Interpreter codelet
invoke return entry points  [0x0000020ea9d09880, 0x0000020ea9d0a2a0]  2592 bytes
stack at sp + 4 slots: 0x0000000000000148 is an unknown value
stack at sp + 5 slots: 0x0000020ea155d000 is a thread
stack at sp + 6 slots: 0x00007fff7ee8ff2b nvoglv64.dll
stack at sp + 7 slots: 0x0 is NULL


---------------  P R O C E S S  ---------------

Threads class SMR info:
_java_thread_list=0x0000020eca6e6d00, length=13, elements={
0x0000020ea155d000, 0x0000020eca52c800, 0x0000020eca52e000, 0x0000020eca541800,
0x0000020eca545000, 0x0000020eca547000, 0x0000020eca54c800, 0x0000020eca54e800,
0x0000020eca55a000, 0x0000020eca51c800, 0x0000020eca69a000, 0x0000020ecb15d800,
0x0000020ecb160000
}

Java Threads: ( => current thread )
=>0x0000020ea155d000 JavaThread "main" [_thread_in_native, id=12920, stack(0x0000007d5db00000,0x0000007d5dc00000)]
  0x0000020eca52c800 JavaThread "Reference Handler" daemon [_thread_blocked, id=12400, stack(0x0000007d5e200000,0x0000007d5e300000)]
  0x0000020eca52e000 JavaThread "Finalizer" daemon [_thread_blocked, id=11072, stack(0x0000007d5e300000,0x0000007d5e400000)]
  0x0000020eca541800 JavaThread "Signal Dispatcher" daemon [_thread_blocked, id=12664, stack(0x0000007d5e400000,0x0000007d5e500000)]
  0x0000020eca545000 JavaThread "Attach Listener" daemon [_thread_blocked, id=15332, stack(0x0000007d5e500000,0x0000007d5e600000)]
  0x0000020eca547000 JavaThread "Service Thread" daemon [_thread_blocked, id=5192, stack(0x0000007d5e600000,0x0000007d5e700000)]
  0x0000020eca54c800 JavaThread "C2 CompilerThread0" daemon [_thread_blocked, id=8156, stack(0x0000007d5e700000,0x0000007d5e800000)]
  0x0000020eca54e800 JavaThread "C1 CompilerThread0" daemon [_thread_blocked, id=13508, stack(0x0000007d5e800000,0x0000007d5e900000)]
  0x0000020eca55a000 JavaThread "Sweeper thread" daemon [_thread_blocked, id=18576, stack(0x0000007d5e900000,0x0000007d5ea00000)]
  0x0000020eca51c800 JavaThread "Common-Cleaner" daemon [_thread_blocked, id=10824, stack(0x0000007d5ea00000,0x0000007d5eb00000)]
  0x0000020eca69a000 JavaThread "C2 CompilerThread1" daemon [_thread_blocked, id=1748, stack(0x0000007d5eb00000,0x0000007d5ec00000)]
  0x0000020ecb15d800 JavaThread "Monitor Ctrl-Break" daemon [_thread_in_native, id=17584, stack(0x0000007d5ec00000,0x0000007d5ed00000)]
  0x0000020ecb160000 JavaThread "Notification Thread" daemon [_thread_blocked, id=7600, stack(0x0000007d5ed00000,0x0000007d5ee00000)]

Other Threads:
  0x0000020eca522800 VMThread "VM Thread" [stack: 0x0000007d5e100000,0x0000007d5e200000] [id=3572]
  0x0000020ecb164000 WatcherThread [stack: 0x0000007d5ee00000,0x0000007d5ef00000] [id=14020]
  0x0000020ea15ea000 GCTaskThread "GC Thread#0" [stack: 0x0000007d5dc00000,0x0000007d5dd00000] [id=12436]
  0x0000020ea161c800 ConcurrentGCThread "G1 Main Marker" [stack: 0x0000007d5dd00000,0x0000007d5de00000] [id=1180]
  0x0000020ea161e800 ConcurrentGCThread "G1 Conc#0" [stack: 0x0000007d5de00000,0x0000007d5df00000] [id=9884]
  0x0000020ec9d11000 ConcurrentGCThread "G1 Refine#0" [stack: 0x0000007d5df00000,0x0000007d5e000000] [id=6872]
  0x0000020ec9d12800 ConcurrentGCThread "G1 Young RemSet Sampling" [stack: 0x0000007d5e000000,0x0000007d5e100000] [id=12428]

Threads with active compile tasks:

VM state:not at safepoint (normal execution)

VM Mutex/Monitor currently owned by a thread: None

Heap address: 0x0000000681800000, size: 6120 MB, Compressed Oops mode: Zero based, Oop shift amount: 3
Narrow klass base: 0x0000000800000000, Narrow klass shift: 3
Compressed class space size: 1073741824 Address: 0x0000000800b30000

Heap:
 garbage-first heap   total 393216K, used 20480K [0x0000000681800000, 0x0000000800000000)
  region size 1024K, 22 young (22528K), 0 survivors (0K)
 Metaspace       used 6115K, capacity 8624K, committed 8832K, reserved 1056768K
  class space    used 364K, capacity 626K, committed 640K, reserved 1048576K
Heap Regions: E=young(eden), S=young(survivor), O=old, HS=humongous(starts), HC=humongous(continues), CS=collection set, F=free, OA=open archive, CA=closed archive, TAMS=top-at-mark-start (previous, next)
|   0|0x0000000681800000, 0x0000000681800000, 0x0000000681900000|  0%| F|  |TAMS 0x0000000681800000, 0x0000000681800000| Untracked 
|   1|0x0000000681900000, 0x0000000681900000, 0x0000000681a00000|  0%| F|  |TAMS 0x0000000681900000, 0x0000000681900000| Untracked 
|   2|0x0000000681a00000, 0x0000000681a00000, 0x0000000681b00000|  0%| F|  |TAMS 0x0000000681a00000, 0x0000000681a00000| Untracked 
|   3|0x0000000681b00000, 0x0000000681b00000, 0x0000000681c00000|  0%| F|  |TAMS 0x0000000681b00000, 0x0000000681b00000| Untracked 
|   4|0x0000000681c00000, 0x0000000681c00000, 0x0000000681d00000|  0%| F|  |TAMS 0x0000000681c00000, 0x0000000681c00000| Untracked 
|   5|0x0000000681d00000, 0x0000000681d00000, 0x0000000681e00000|  0%| F|  |TAMS 0x0000000681d00000, 0x0000000681d00000| Untracked 
|   6|0x0000000681e00000, 0x0000000681e00000, 0x0000000681f00000|  0%| F|  |TAMS 0x0000000681e00000, 0x0000000681e00000| Untracked 
|   7|0x0000000681f00000, 0x0000000681f00000, 0x0000000682000000|  0%| F|  |TAMS 0x0000000681f00000, 0x0000000681f00000| Untracked 
|   8|0x0000000682000000, 0x0000000682000000, 0x0000000682100000|  0%| F|  |TAMS 0x0000000682000000, 0x0000000682000000| Untracked 
|   9|0x0000000682100000, 0x0000000682100000, 0x0000000682200000|  0%| F|  |TAMS 0x0000000682100000, 0x0000000682100000| Untracked 
|  10|0x0000000682200000, 0x0000000682200000, 0x0000000682300000|  0%| F|  |TAMS 0x0000000682200000, 0x0000000682200000| Untracked 
|  11|0x0000000682300000, 0x0000000682300000, 0x0000000682400000|  0%| F|  |TAMS 0x0000000682300000, 0x0000000682300000| Untracked 
|  12|0x0000000682400000, 0x0000000682400000, 0x0000000682500000|  0%| F|  |TAMS 0x0000000682400000, 0x0000000682400000| Untracked 
|  13|0x0000000682500000, 0x0000000682500000, 0x0000000682600000|  0%| F|  |TAMS 0x0000000682500000, 0x0000000682500000| Untracked 
|  14|0x0000000682600000, 0x0000000682600000, 0x0000000682700000|  0%| F|  |TAMS 0x0000000682600000, 0x0000000682600000| Untracked 
|  15|0x0000000682700000, 0x0000000682700000, 0x0000000682800000|  0%| F|  |TAMS 0x0000000682700000, 0x0000000682700000| Untracked 
|  16|0x0000000682800000, 0x0000000682800000, 0x0000000682900000|  0%| F|  |TAMS 0x0000000682800000, 0x0000000682800000| Untracked 
|  17|0x0000000682900000, 0x0000000682900000, 0x0000000682a00000|  0%| F|  |TAMS 0x0000000682900000, 0x0000000682900000| Untracked 
|  18|0x0000000682a00000, 0x0000000682a00000, 0x0000000682b00000|  0%| F|  |TAMS 0x0000000682a00000, 0x0000000682a00000| Untracked 
|  19|0x0000000682b00000, 0x0000000682b00000, 0x0000000682c00000|  0%| F|  |TAMS 0x0000000682b00000, 0x0000000682b00000| Untracked 
|  20|0x0000000682c00000, 0x0000000682c00000, 0x0000000682d00000|  0%| F|  |TAMS 0x0000000682c00000, 0x0000000682c00000| Untracked 
|  21|0x0000000682d00000, 0x0000000682d00000, 0x0000000682e00000|  0%| F|  |TAMS 0x0000000682d00000, 0x0000000682d00000| Untracked 
|  22|0x0000000682e00000, 0x0000000682e00000, 0x0000000682f00000|  0%| F|  |TAMS 0x0000000682e00000, 0x0000000682e00000| Untracked 
|  23|0x0000000682f00000, 0x0000000682f00000, 0x0000000683000000|  0%| F|  |TAMS 0x0000000682f00000, 0x0000000682f00000| Untracked 
|  24|0x0000000683000000, 0x0000000683000000, 0x0000000683100000|  0%| F|  |TAMS 0x0000000683000000, 0x0000000683000000| Untracked 
|  25|0x0000000683100000, 0x0000000683100000, 0x0000000683200000|  0%| F|  |TAMS 0x0000000683100000, 0x0000000683100000| Untracked 
|  26|0x0000000683200000, 0x0000000683200000, 0x0000000683300000|  0%| F|  |TAMS 0x0000000683200000, 0x0000000683200000| Untracked 
|  27|0x0000000683300000, 0x0000000683300000, 0x0000000683400000|  0%| F|  |TAMS 0x0000000683300000, 0x0000000683300000| Untracked 
|  28|0x0000000683400000, 0x0000000683400000, 0x0000000683500000|  0%| F|  |TAMS 0x0000000683400000, 0x0000000683400000| Untracked 
|  29|0x0000000683500000, 0x0000000683500000, 0x0000000683600000|  0%| F|  |TAMS 0x0000000683500000, 0x0000000683500000| Untracked 
|  30|0x0000000683600000, 0x0000000683600000, 0x0000000683700000|  0%| F|  |TAMS 0x0000000683600000, 0x0000000683600000| Untracked 
|  31|0x0000000683700000, 0x0000000683700000, 0x0000000683800000|  0%| F|  |TAMS 0x0000000683700000, 0x0000000683700000| Untracked 
|  32|0x0000000683800000, 0x0000000683800000, 0x0000000683900000|  0%| F|  |TAMS 0x0000000683800000, 0x0000000683800000| Untracked 
|  33|0x0000000683900000, 0x0000000683900000, 0x0000000683a00000|  0%| F|  |TAMS 0x0000000683900000, 0x0000000683900000| Untracked 
|  34|0x0000000683a00000, 0x0000000683a00000, 0x0000000683b00000|  0%| F|  |TAMS 0x0000000683a00000, 0x0000000683a00000| Untracked 
|  35|0x0000000683b00000, 0x0000000683b00000, 0x0000000683c00000|  0%| F|  |TAMS 0x0000000683b00000, 0x0000000683b00000| Untracked 
|  36|0x0000000683c00000, 0x0000000683c00000, 0x0000000683d00000|  0%| F|  |TAMS 0x0000000683c00000, 0x0000000683c00000| Untracked 
|  37|0x0000000683d00000, 0x0000000683d00000, 0x0000000683e00000|  0%| F|  |TAMS 0x0000000683d00000, 0x0000000683d00000| Untracked 
|  38|0x0000000683e00000, 0x0000000683e00000, 0x0000000683f00000|  0%| F|  |TAMS 0x0000000683e00000, 0x0000000683e00000| Untracked 
|  39|0x0000000683f00000, 0x0000000683f00000, 0x0000000684000000|  0%| F|  |TAMS 0x0000000683f00000, 0x0000000683f00000| Untracked 
|  40|0x0000000684000000, 0x0000000684000000, 0x0000000684100000|  0%| F|  |TAMS 0x0000000684000000, 0x0000000684000000| Untracked 
|  41|0x0000000684100000, 0x0000000684100000, 0x0000000684200000|  0%| F|  |TAMS 0x0000000684100000, 0x0000000684100000| Untracked 
|  42|0x0000000684200000, 0x0000000684200000, 0x0000000684300000|  0%| F|  |TAMS 0x0000000684200000, 0x0000000684200000| Untracked 
|  43|0x0000000684300000, 0x0000000684300000, 0x0000000684400000|  0%| F|  |TAMS 0x0000000684300000, 0x0000000684300000| Untracked 
|  44|0x0000000684400000, 0x0000000684400000, 0x0000000684500000|  0%| F|  |TAMS 0x0000000684400000, 0x0000000684400000| Untracked 
|  45|0x0000000684500000, 0x0000000684500000, 0x0000000684600000|  0%| F|  |TAMS 0x0000000684500000, 0x0000000684500000| Untracked 
|  46|0x0000000684600000, 0x0000000684600000, 0x0000000684700000|  0%| F|  |TAMS 0x0000000684600000, 0x0000000684600000| Untracked 
|  47|0x0000000684700000, 0x0000000684700000, 0x0000000684800000|  0%| F|  |TAMS 0x0000000684700000, 0x0000000684700000| Untracked 
|  48|0x0000000684800000, 0x0000000684800000, 0x0000000684900000|  0%| F|  |TAMS 0x0000000684800000, 0x0000000684800000| Untracked 
|  49|0x0000000684900000, 0x0000000684900000, 0x0000000684a00000|  0%| F|  |TAMS 0x0000000684900000, 0x0000000684900000| Untracked 
|  50|0x0000000684a00000, 0x0000000684a00000, 0x0000000684b00000|  0%| F|  |TAMS 0x0000000684a00000, 0x0000000684a00000| Untracked 
|  51|0x0000000684b00000, 0x0000000684b00000, 0x0000000684c00000|  0%| F|  |TAMS 0x0000000684b00000, 0x0000000684b00000| Untracked 
|  52|0x0000000684c00000, 0x0000000684c00000, 0x0000000684d00000|  0%| F|  |TAMS 0x0000000684c00000, 0x0000000684c00000| Untracked 
|  53|0x0000000684d00000, 0x0000000684d00000, 0x0000000684e00000|  0%| F|  |TAMS 0x0000000684d00000, 0x0000000684d00000| Untracked 
|  54|0x0000000684e00000, 0x0000000684e00000, 0x0000000684f00000|  0%| F|  |TAMS 0x0000000684e00000, 0x0000000684e00000| Untracked 
|  55|0x0000000684f00000, 0x0000000684f00000, 0x0000000685000000|  0%| F|  |TAMS 0x0000000684f00000, 0x0000000684f00000| Untracked 
|  56|0x0000000685000000, 0x0000000685000000, 0x0000000685100000|  0%| F|  |TAMS 0x0000000685000000, 0x0000000685000000| Untracked 
|  57|0x0000000685100000, 0x0000000685100000, 0x0000000685200000|  0%| F|  |TAMS 0x0000000685100000, 0x0000000685100000| Untracked 
|  58|0x0000000685200000, 0x0000000685200000, 0x0000000685300000|  0%| F|  |TAMS 0x0000000685200000, 0x0000000685200000| Untracked 
|  59|0x0000000685300000, 0x0000000685300000, 0x0000000685400000|  0%| F|  |TAMS 0x0000000685300000, 0x0000000685300000| Untracked 
|  60|0x0000000685400000, 0x0000000685400000, 0x0000000685500000|  0%| F|  |TAMS 0x0000000685400000, 0x0000000685400000| Untracked 
|  61|0x0000000685500000, 0x0000000685500000, 0x0000000685600000|  0%| F|  |TAMS 0x0000000685500000, 0x0000000685500000| Untracked 
|  62|0x0000000685600000, 0x0000000685600000, 0x0000000685700000|  0%| F|  |TAMS 0x0000000685600000, 0x0000000685600000| Untracked 
|  63|0x0000000685700000, 0x0000000685700000, 0x0000000685800000|  0%| F|  |TAMS 0x0000000685700000, 0x0000000685700000| Untracked 
|  64|0x0000000685800000, 0x0000000685800000, 0x0000000685900000|  0%| F|  |TAMS 0x0000000685800000, 0x0000000685800000| Untracked 
|  65|0x0000000685900000, 0x0000000685900000, 0x0000000685a00000|  0%| F|  |TAMS 0x0000000685900000, 0x0000000685900000| Untracked 
|  66|0x0000000685a00000, 0x0000000685a00000, 0x0000000685b00000|  0%| F|  |TAMS 0x0000000685a00000, 0x0000000685a00000| Untracked 
|  67|0x0000000685b00000, 0x0000000685b00000, 0x0000000685c00000|  0%| F|  |TAMS 0x0000000685b00000, 0x0000000685b00000| Untracked 
|  68|0x0000000685c00000, 0x0000000685c00000, 0x0000000685d00000|  0%| F|  |TAMS 0x0000000685c00000, 0x0000000685c00000| Untracked 
|  69|0x0000000685d00000, 0x0000000685d00000, 0x0000000685e00000|  0%| F|  |TAMS 0x0000000685d00000, 0x0000000685d00000| Untracked 
|  70|0x0000000685e00000, 0x0000000685e00000, 0x0000000685f00000|  0%| F|  |TAMS 0x0000000685e00000, 0x0000000685e00000| Untracked 
|  71|0x0000000685f00000, 0x0000000685f00000, 0x0000000686000000|  0%| F|  |TAMS 0x0000000685f00000, 0x0000000685f00000| Untracked 
|  72|0x0000000686000000, 0x0000000686000000, 0x0000000686100000|  0%| F|  |TAMS 0x0000000686000000, 0x0000000686000000| Untracked 
|  73|0x0000000686100000, 0x0000000686100000, 0x0000000686200000|  0%| F|  |TAMS 0x0000000686100000, 0x0000000686100000| Untracked 
|  74|0x0000000686200000, 0x0000000686200000, 0x0000000686300000|  0%| F|  |TAMS 0x0000000686200000, 0x0000000686200000| Untracked 
|  75|0x0000000686300000, 0x0000000686300000, 0x0000000686400000|  0%| F|  |TAMS 0x0000000686300000, 0x0000000686300000| Untracked 
|  76|0x0000000686400000, 0x0000000686400000, 0x0000000686500000|  0%| F|  |TAMS 0x0000000686400000, 0x0000000686400000| Untracked 
|  77|0x0000000686500000, 0x0000000686500000, 0x0000000686600000|  0%| F|  |TAMS 0x0000000686500000, 0x0000000686500000| Untracked 
|  78|0x0000000686600000, 0x0000000686600000, 0x0000000686700000|  0%| F|  |TAMS 0x0000000686600000, 0x0000000686600000| Untracked 
|  79|0x0000000686700000, 0x0000000686700000, 0x0000000686800000|  0%| F|  |TAMS 0x0000000686700000, 0x0000000686700000| Untracked 
|  80|0x0000000686800000, 0x0000000686800000, 0x0000000686900000|  0%| F|  |TAMS 0x0000000686800000, 0x0000000686800000| Untracked 
|  81|0x0000000686900000, 0x0000000686900000, 0x0000000686a00000|  0%| F|  |TAMS 0x0000000686900000, 0x0000000686900000| Untracked 
|  82|0x0000000686a00000, 0x0000000686a00000, 0x0000000686b00000|  0%| F|  |TAMS 0x0000000686a00000, 0x0000000686a00000| Untracked 
|  83|0x0000000686b00000, 0x0000000686b00000, 0x0000000686c00000|  0%| F|  |TAMS 0x0000000686b00000, 0x0000000686b00000| Untracked 
|  84|0x0000000686c00000, 0x0000000686c00000, 0x0000000686d00000|  0%| F|  |TAMS 0x0000000686c00000, 0x0000000686c00000| Untracked 
|  85|0x0000000686d00000, 0x0000000686d00000, 0x0000000686e00000|  0%| F|  |TAMS 0x0000000686d00000, 0x0000000686d00000| Untracked 
|  86|0x0000000686e00000, 0x0000000686e00000, 0x0000000686f00000|  0%| F|  |TAMS 0x0000000686e00000, 0x0000000686e00000| Untracked 
|  87|0x0000000686f00000, 0x0000000686f00000, 0x0000000687000000|  0%| F|  |TAMS 0x0000000686f00000, 0x0000000686f00000| Untracked 
|  88|0x0000000687000000, 0x0000000687000000, 0x0000000687100000|  0%| F|  |TAMS 0x0000000687000000, 0x0000000687000000| Untracked 
|  89|0x0000000687100000, 0x0000000687100000, 0x0000000687200000|  0%| F|  |TAMS 0x0000000687100000, 0x0000000687100000| Untracked 
|  90|0x0000000687200000, 0x0000000687200000, 0x0000000687300000|  0%| F|  |TAMS 0x0000000687200000, 0x0000000687200000| Untracked 
|  91|0x0000000687300000, 0x0000000687300000, 0x0000000687400000|  0%| F|  |TAMS 0x0000000687300000, 0x0000000687300000| Untracked 
|  92|0x0000000687400000, 0x0000000687400000, 0x0000000687500000|  0%| F|  |TAMS 0x0000000687400000, 0x0000000687400000| Untracked 
|  93|0x0000000687500000, 0x0000000687500000, 0x0000000687600000|  0%| F|  |TAMS 0x0000000687500000, 0x0000000687500000| Untracked 
|  94|0x0000000687600000, 0x0000000687600000, 0x0000000687700000|  0%| F|  |TAMS 0x0000000687600000, 0x0000000687600000| Untracked 
|  95|0x0000000687700000, 0x0000000687700000, 0x0000000687800000|  0%| F|  |TAMS 0x0000000687700000, 0x0000000687700000| Untracked 
|  96|0x0000000687800000, 0x0000000687800000, 0x0000000687900000|  0%| F|  |TAMS 0x0000000687800000, 0x0000000687800000| Untracked 
|  97|0x0000000687900000, 0x0000000687900000, 0x0000000687a00000|  0%| F|  |TAMS 0x0000000687900000, 0x0000000687900000| Untracked 
|  98|0x0000000687a00000, 0x0000000687a00000, 0x0000000687b00000|  0%| F|  |TAMS 0x0000000687a00000, 0x0000000687a00000| Untracked 
|  99|0x0000000687b00000, 0x0000000687b00000, 0x0000000687c00000|  0%| F|  |TAMS 0x0000000687b00000, 0x0000000687b00000| Untracked 
| 100|0x0000000687c00000, 0x0000000687c00000, 0x0000000687d00000|  0%| F|  |TAMS 0x0000000687c00000, 0x0000000687c00000| Untracked 
| 101|0x0000000687d00000, 0x0000000687d00000, 0x0000000687e00000|  0%| F|  |TAMS 0x0000000687d00000, 0x0000000687d00000| Untracked 
| 102|0x0000000687e00000, 0x0000000687e00000, 0x0000000687f00000|  0%| F|  |TAMS 0x0000000687e00000, 0x0000000687e00000| Untracked 
| 103|0x0000000687f00000, 0x0000000687f00000, 0x0000000688000000|  0%| F|  |TAMS 0x0000000687f00000, 0x0000000687f00000| Untracked 
| 104|0x0000000688000000, 0x0000000688000000, 0x0000000688100000|  0%| F|  |TAMS 0x0000000688000000, 0x0000000688000000| Untracked 
| 105|0x0000000688100000, 0x0000000688100000, 0x0000000688200000|  0%| F|  |TAMS 0x0000000688100000, 0x0000000688100000| Untracked 
| 106|0x0000000688200000, 0x0000000688200000, 0x0000000688300000|  0%| F|  |TAMS 0x0000000688200000, 0x0000000688200000| Untracked 
| 107|0x0000000688300000, 0x0000000688300000, 0x0000000688400000|  0%| F|  |TAMS 0x0000000688300000, 0x0000000688300000| Untracked 
| 108|0x0000000688400000, 0x0000000688400000, 0x0000000688500000|  0%| F|  |TAMS 0x0000000688400000, 0x0000000688400000| Untracked 
| 109|0x0000000688500000, 0x0000000688500000, 0x0000000688600000|  0%| F|  |TAMS 0x0000000688500000, 0x0000000688500000| Untracked 
| 110|0x0000000688600000, 0x0000000688600000, 0x0000000688700000|  0%| F|  |TAMS 0x0000000688600000, 0x0000000688600000| Untracked 
| 111|0x0000000688700000, 0x0000000688700000, 0x0000000688800000|  0%| F|  |TAMS 0x0000000688700000, 0x0000000688700000| Untracked 
| 112|0x0000000688800000, 0x0000000688800000, 0x0000000688900000|  0%| F|  |TAMS 0x0000000688800000, 0x0000000688800000| Untracked 
| 113|0x0000000688900000, 0x0000000688900000, 0x0000000688a00000|  0%| F|  |TAMS 0x0000000688900000, 0x0000000688900000| Untracked 
| 114|0x0000000688a00000, 0x0000000688a00000, 0x0000000688b00000|  0%| F|  |TAMS 0x0000000688a00000, 0x0000000688a00000| Untracked 
| 115|0x0000000688b00000, 0x0000000688b00000, 0x0000000688c00000|  0%| F|  |TAMS 0x0000000688b00000, 0x0000000688b00000| Untracked 
| 116|0x0000000688c00000, 0x0000000688c00000, 0x0000000688d00000|  0%| F|  |TAMS 0x0000000688c00000, 0x0000000688c00000| Untracked 
| 117|0x0000000688d00000, 0x0000000688d00000, 0x0000000688e00000|  0%| F|  |TAMS 0x0000000688d00000, 0x0000000688d00000| Untracked 
| 118|0x0000000688e00000, 0x0000000688e00000, 0x0000000688f00000|  0%| F|  |TAMS 0x0000000688e00000, 0x0000000688e00000| Untracked 
| 119|0x0000000688f00000, 0x0000000688f00000, 0x0000000689000000|  0%| F|  |TAMS 0x0000000688f00000, 0x0000000688f00000| Untracked 
| 120|0x0000000689000000, 0x0000000689000000, 0x0000000689100000|  0%| F|  |TAMS 0x0000000689000000, 0x0000000689000000| Untracked 
| 121|0x0000000689100000, 0x0000000689100000, 0x0000000689200000|  0%| F|  |TAMS 0x0000000689100000, 0x0000000689100000| Untracked 
| 122|0x0000000689200000, 0x0000000689200000, 0x0000000689300000|  0%| F|  |TAMS 0x0000000689200000, 0x0000000689200000| Untracked 
| 123|0x0000000689300000, 0x0000000689300000, 0x0000000689400000|  0%| F|  |TAMS 0x0000000689300000, 0x0000000689300000| Untracked 
| 124|0x0000000689400000, 0x0000000689400000, 0x0000000689500000|  0%| F|  |TAMS 0x0000000689400000, 0x0000000689400000| Untracked 
| 125|0x0000000689500000, 0x0000000689500000, 0x0000000689600000|  0%| F|  |TAMS 0x0000000689500000, 0x0000000689500000| Untracked 
| 126|0x0000000689600000, 0x0000000689600000, 0x0000000689700000|  0%| F|  |TAMS 0x0000000689600000, 0x0000000689600000| Untracked 
| 127|0x0000000689700000, 0x0000000689700000, 0x0000000689800000|  0%| F|  |TAMS 0x0000000689700000, 0x0000000689700000| Untracked 
| 128|0x0000000689800000, 0x0000000689800000, 0x0000000689900000|  0%| F|  |TAMS 0x0000000689800000, 0x0000000689800000| Untracked 
| 129|0x0000000689900000, 0x0000000689900000, 0x0000000689a00000|  0%| F|  |TAMS 0x0000000689900000, 0x0000000689900000| Untracked 
| 130|0x0000000689a00000, 0x0000000689a00000, 0x0000000689b00000|  0%| F|  |TAMS 0x0000000689a00000, 0x0000000689a00000| Untracked 
| 131|0x0000000689b00000, 0x0000000689b00000, 0x0000000689c00000|  0%| F|  |TAMS 0x0000000689b00000, 0x0000000689b00000| Untracked 
| 132|0x0000000689c00000, 0x0000000689c00000, 0x0000000689d00000|  0%| F|  |TAMS 0x0000000689c00000, 0x0000000689c00000| Untracked 
| 133|0x0000000689d00000, 0x0000000689d00000, 0x0000000689e00000|  0%| F|  |TAMS 0x0000000689d00000, 0x0000000689d00000| Untracked 
| 134|0x0000000689e00000, 0x0000000689e00000, 0x0000000689f00000|  0%| F|  |TAMS 0x0000000689e00000, 0x0000000689e00000| Untracked 
| 135|0x0000000689f00000, 0x0000000689f00000, 0x000000068a000000|  0%| F|  |TAMS 0x0000000689f00000, 0x0000000689f00000| Untracked 
| 136|0x000000068a000000, 0x000000068a000000, 0x000000068a100000|  0%| F|  |TAMS 0x000000068a000000, 0x000000068a000000| Untracked 
| 137|0x000000068a100000, 0x000000068a100000, 0x000000068a200000|  0%| F|  |TAMS 0x000000068a100000, 0x000000068a100000| Untracked 
| 138|0x000000068a200000, 0x000000068a200000, 0x000000068a300000|  0%| F|  |TAMS 0x000000068a200000, 0x000000068a200000| Untracked 
| 139|0x000000068a300000, 0x000000068a300000, 0x000000068a400000|  0%| F|  |TAMS 0x000000068a300000, 0x000000068a300000| Untracked 
| 140|0x000000068a400000, 0x000000068a400000, 0x000000068a500000|  0%| F|  |TAMS 0x000000068a400000, 0x000000068a400000| Untracked 
| 141|0x000000068a500000, 0x000000068a500000, 0x000000068a600000|  0%| F|  |TAMS 0x000000068a500000, 0x000000068a500000| Untracked 
| 142|0x000000068a600000, 0x000000068a600000, 0x000000068a700000|  0%| F|  |TAMS 0x000000068a600000, 0x000000068a600000| Untracked 
| 143|0x000000068a700000, 0x000000068a700000, 0x000000068a800000|  0%| F|  |TAMS 0x000000068a700000, 0x000000068a700000| Untracked 
| 144|0x000000068a800000, 0x000000068a800000, 0x000000068a900000|  0%| F|  |TAMS 0x000000068a800000, 0x000000068a800000| Untracked 
| 145|0x000000068a900000, 0x000000068a900000, 0x000000068aa00000|  0%| F|  |TAMS 0x000000068a900000, 0x000000068a900000| Untracked 
| 146|0x000000068aa00000, 0x000000068aa00000, 0x000000068ab00000|  0%| F|  |TAMS 0x000000068aa00000, 0x000000068aa00000| Untracked 
| 147|0x000000068ab00000, 0x000000068ab00000, 0x000000068ac00000|  0%| F|  |TAMS 0x000000068ab00000, 0x000000068ab00000| Untracked 
| 148|0x000000068ac00000, 0x000000068ac00000, 0x000000068ad00000|  0%| F|  |TAMS 0x000000068ac00000, 0x000000068ac00000| Untracked 
| 149|0x000000068ad00000, 0x000000068ad00000, 0x000000068ae00000|  0%| F|  |TAMS 0x000000068ad00000, 0x000000068ad00000| Untracked 
| 150|0x000000068ae00000, 0x000000068ae00000, 0x000000068af00000|  0%| F|  |TAMS 0x000000068ae00000, 0x000000068ae00000| Untracked 
| 151|0x000000068af00000, 0x000000068af00000, 0x000000068b000000|  0%| F|  |TAMS 0x000000068af00000, 0x000000068af00000| Untracked 
| 152|0x000000068b000000, 0x000000068b000000, 0x000000068b100000|  0%| F|  |TAMS 0x000000068b000000, 0x000000068b000000| Untracked 
| 153|0x000000068b100000, 0x000000068b100000, 0x000000068b200000|  0%| F|  |TAMS 0x000000068b100000, 0x000000068b100000| Untracked 
| 154|0x000000068b200000, 0x000000068b200000, 0x000000068b300000|  0%| F|  |TAMS 0x000000068b200000, 0x000000068b200000| Untracked 
| 155|0x000000068b300000, 0x000000068b300000, 0x000000068b400000|  0%| F|  |TAMS 0x000000068b300000, 0x000000068b300000| Untracked 
| 156|0x000000068b400000, 0x000000068b400000, 0x000000068b500000|  0%| F|  |TAMS 0x000000068b400000, 0x000000068b400000| Untracked 
| 157|0x000000068b500000, 0x000000068b500000, 0x000000068b600000|  0%| F|  |TAMS 0x000000068b500000, 0x000000068b500000| Untracked 
| 158|0x000000068b600000, 0x000000068b600000, 0x000000068b700000|  0%| F|  |TAMS 0x000000068b600000, 0x000000068b600000| Untracked 
| 159|0x000000068b700000, 0x000000068b700000, 0x000000068b800000|  0%| F|  |TAMS 0x000000068b700000, 0x000000068b700000| Untracked 
| 160|0x000000068b800000, 0x000000068b800000, 0x000000068b900000|  0%| F|  |TAMS 0x000000068b800000, 0x000000068b800000| Untracked 
| 161|0x000000068b900000, 0x000000068b900000, 0x000000068ba00000|  0%| F|  |TAMS 0x000000068b900000, 0x000000068b900000| Untracked 
| 162|0x000000068ba00000, 0x000000068ba00000, 0x000000068bb00000|  0%| F|  |TAMS 0x000000068ba00000, 0x000000068ba00000| Untracked 
| 163|0x000000068bb00000, 0x000000068bb00000, 0x000000068bc00000|  0%| F|  |TAMS 0x000000068bb00000, 0x000000068bb00000| Untracked 
| 164|0x000000068bc00000, 0x000000068bc00000, 0x000000068bd00000|  0%| F|  |TAMS 0x000000068bc00000, 0x000000068bc00000| Untracked 
| 165|0x000000068bd00000, 0x000000068bd00000, 0x000000068be00000|  0%| F|  |TAMS 0x000000068bd00000, 0x000000068bd00000| Untracked 
| 166|0x000000068be00000, 0x000000068be00000, 0x000000068bf00000|  0%| F|  |TAMS 0x000000068be00000, 0x000000068be00000| Untracked 
| 167|0x000000068bf00000, 0x000000068bf00000, 0x000000068c000000|  0%| F|  |TAMS 0x000000068bf00000, 0x000000068bf00000| Untracked 
| 168|0x000000068c000000, 0x000000068c000000, 0x000000068c100000|  0%| F|  |TAMS 0x000000068c000000, 0x000000068c000000| Untracked 
| 169|0x000000068c100000, 0x000000068c100000, 0x000000068c200000|  0%| F|  |TAMS 0x000000068c100000, 0x000000068c100000| Untracked 
| 170|0x000000068c200000, 0x000000068c200000, 0x000000068c300000|  0%| F|  |TAMS 0x000000068c200000, 0x000000068c200000| Untracked 
| 171|0x000000068c300000, 0x000000068c300000, 0x000000068c400000|  0%| F|  |TAMS 0x000000068c300000, 0x000000068c300000| Untracked 
| 172|0x000000068c400000, 0x000000068c400000, 0x000000068c500000|  0%| F|  |TAMS 0x000000068c400000, 0x000000068c400000| Untracked 
| 173|0x000000068c500000, 0x000000068c500000, 0x000000068c600000|  0%| F|  |TAMS 0x000000068c500000, 0x000000068c500000| Untracked 
| 174|0x000000068c600000, 0x000000068c600000, 0x000000068c700000|  0%| F|  |TAMS 0x000000068c600000, 0x000000068c600000| Untracked 
| 175|0x000000068c700000, 0x000000068c700000, 0x000000068c800000|  0%| F|  |TAMS 0x000000068c700000, 0x000000068c700000| Untracked 
| 176|0x000000068c800000, 0x000000068c800000, 0x000000068c900000|  0%| F|  |TAMS 0x000000068c800000, 0x000000068c800000| Untracked 
| 177|0x000000068c900000, 0x000000068c900000, 0x000000068ca00000|  0%| F|  |TAMS 0x000000068c900000, 0x000000068c900000| Untracked 
| 178|0x000000068ca00000, 0x000000068ca00000, 0x000000068cb00000|  0%| F|  |TAMS 0x000000068ca00000, 0x000000068ca00000| Untracked 
| 179|0x000000068cb00000, 0x000000068cb00000, 0x000000068cc00000|  0%| F|  |TAMS 0x000000068cb00000, 0x000000068cb00000| Untracked 
| 180|0x000000068cc00000, 0x000000068cc00000, 0x000000068cd00000|  0%| F|  |TAMS 0x000000068cc00000, 0x000000068cc00000| Untracked 
| 181|0x000000068cd00000, 0x000000068cd00000, 0x000000068ce00000|  0%| F|  |TAMS 0x000000068cd00000, 0x000000068cd00000| Untracked 
| 182|0x000000068ce00000, 0x000000068ce00000, 0x000000068cf00000|  0%| F|  |TAMS 0x000000068ce00000, 0x000000068ce00000| Untracked 
| 183|0x000000068cf00000, 0x000000068cf00000, 0x000000068d000000|  0%| F|  |TAMS 0x000000068cf00000, 0x000000068cf00000| Untracked 
| 184|0x000000068d000000, 0x000000068d000000, 0x000000068d100000|  0%| F|  |TAMS 0x000000068d000000, 0x000000068d000000| Untracked 
| 185|0x000000068d100000, 0x000000068d100000, 0x000000068d200000|  0%| F|  |TAMS 0x000000068d100000, 0x000000068d100000| Untracked 
| 186|0x000000068d200000, 0x000000068d200000, 0x000000068d300000|  0%| F|  |TAMS 0x000000068d200000, 0x000000068d200000| Untracked 
| 187|0x000000068d300000, 0x000000068d300000, 0x000000068d400000|  0%| F|  |TAMS 0x000000068d300000, 0x000000068d300000| Untracked 
| 188|0x000000068d400000, 0x000000068d400000, 0x000000068d500000|  0%| F|  |TAMS 0x000000068d400000, 0x000000068d400000| Untracked 
| 189|0x000000068d500000, 0x000000068d500000, 0x000000068d600000|  0%| F|  |TAMS 0x000000068d500000, 0x000000068d500000| Untracked 
| 190|0x000000068d600000, 0x000000068d600000, 0x000000068d700000|  0%| F|  |TAMS 0x000000068d600000, 0x000000068d600000| Untracked 
| 191|0x000000068d700000, 0x000000068d700000, 0x000000068d800000|  0%| F|  |TAMS 0x000000068d700000, 0x000000068d700000| Untracked 
| 192|0x000000068d800000, 0x000000068d800000, 0x000000068d900000|  0%| F|  |TAMS 0x000000068d800000, 0x000000068d800000| Untracked 
| 193|0x000000068d900000, 0x000000068d900000, 0x000000068da00000|  0%| F|  |TAMS 0x000000068d900000, 0x000000068d900000| Untracked 
| 194|0x000000068da00000, 0x000000068da00000, 0x000000068db00000|  0%| F|  |TAMS 0x000000068da00000, 0x000000068da00000| Untracked 
| 195|0x000000068db00000, 0x000000068db00000, 0x000000068dc00000|  0%| F|  |TAMS 0x000000068db00000, 0x000000068db00000| Untracked 
| 196|0x000000068dc00000, 0x000000068dc00000, 0x000000068dd00000|  0%| F|  |TAMS 0x000000068dc00000, 0x000000068dc00000| Untracked 
| 197|0x000000068dd00000, 0x000000068dd00000, 0x000000068de00000|  0%| F|  |TAMS 0x000000068dd00000, 0x000000068dd00000| Untracked 
| 198|0x000000068de00000, 0x000000068de00000, 0x000000068df00000|  0%| F|  |TAMS 0x000000068de00000, 0x000000068de00000| Untracked 
| 199|0x000000068df00000, 0x000000068df00000, 0x000000068e000000|  0%| F|  |TAMS 0x000000068df00000, 0x000000068df00000| Untracked 
| 200|0x000000068e000000, 0x000000068e000000, 0x000000068e100000|  0%| F|  |TAMS 0x000000068e000000, 0x000000068e000000| Untracked 
| 201|0x000000068e100000, 0x000000068e100000, 0x000000068e200000|  0%| F|  |TAMS 0x000000068e100000, 0x000000068e100000| Untracked 
| 202|0x000000068e200000, 0x000000068e200000, 0x000000068e300000|  0%| F|  |TAMS 0x000000068e200000, 0x000000068e200000| Untracked 
| 203|0x000000068e300000, 0x000000068e300000, 0x000000068e400000|  0%| F|  |TAMS 0x000000068e300000, 0x000000068e300000| Untracked 
| 204|0x000000068e400000, 0x000000068e400000, 0x000000068e500000|  0%| F|  |TAMS 0x000000068e400000, 0x000000068e400000| Untracked 
| 205|0x000000068e500000, 0x000000068e500000, 0x000000068e600000|  0%| F|  |TAMS 0x000000068e500000, 0x000000068e500000| Untracked 
| 206|0x000000068e600000, 0x000000068e600000, 0x000000068e700000|  0%| F|  |TAMS 0x000000068e600000, 0x000000068e600000| Untracked 
| 207|0x000000068e700000, 0x000000068e700000, 0x000000068e800000|  0%| F|  |TAMS 0x000000068e700000, 0x000000068e700000| Untracked 
| 208|0x000000068e800000, 0x000000068e800000, 0x000000068e900000|  0%| F|  |TAMS 0x000000068e800000, 0x000000068e800000| Untracked 
| 209|0x000000068e900000, 0x000000068e900000, 0x000000068ea00000|  0%| F|  |TAMS 0x000000068e900000, 0x000000068e900000| Untracked 
| 210|0x000000068ea00000, 0x000000068ea00000, 0x000000068eb00000|  0%| F|  |TAMS 0x000000068ea00000, 0x000000068ea00000| Untracked 
| 211|0x000000068eb00000, 0x000000068eb00000, 0x000000068ec00000|  0%| F|  |TAMS 0x000000068eb00000, 0x000000068eb00000| Untracked 
| 212|0x000000068ec00000, 0x000000068ec00000, 0x000000068ed00000|  0%| F|  |TAMS 0x000000068ec00000, 0x000000068ec00000| Untracked 
| 213|0x000000068ed00000, 0x000000068ed00000, 0x000000068ee00000|  0%| F|  |TAMS 0x000000068ed00000, 0x000000068ed00000| Untracked 
| 214|0x000000068ee00000, 0x000000068ee00000, 0x000000068ef00000|  0%| F|  |TAMS 0x000000068ee00000, 0x000000068ee00000| Untracked 
| 215|0x000000068ef00000, 0x000000068ef00000, 0x000000068f000000|  0%| F|  |TAMS 0x000000068ef00000, 0x000000068ef00000| Untracked 
| 216|0x000000068f000000, 0x000000068f000000, 0x000000068f100000|  0%| F|  |TAMS 0x000000068f000000, 0x000000068f000000| Untracked 
| 217|0x000000068f100000, 0x000000068f100000, 0x000000068f200000|  0%| F|  |TAMS 0x000000068f100000, 0x000000068f100000| Untracked 
| 218|0x000000068f200000, 0x000000068f200000, 0x000000068f300000|  0%| F|  |TAMS 0x000000068f200000, 0x000000068f200000| Untracked 
| 219|0x000000068f300000, 0x000000068f300000, 0x000000068f400000|  0%| F|  |TAMS 0x000000068f300000, 0x000000068f300000| Untracked 
| 220|0x000000068f400000, 0x000000068f400000, 0x000000068f500000|  0%| F|  |TAMS 0x000000068f400000, 0x000000068f400000| Untracked 
| 221|0x000000068f500000, 0x000000068f500000, 0x000000068f600000|  0%| F|  |TAMS 0x000000068f500000, 0x000000068f500000| Untracked 
| 222|0x000000068f600000, 0x000000068f600000, 0x000000068f700000|  0%| F|  |TAMS 0x000000068f600000, 0x000000068f600000| Untracked 
| 223|0x000000068f700000, 0x000000068f700000, 0x000000068f800000|  0%| F|  |TAMS 0x000000068f700000, 0x000000068f700000| Untracked 
| 224|0x000000068f800000, 0x000000068f800000, 0x000000068f900000|  0%| F|  |TAMS 0x000000068f800000, 0x000000068f800000| Untracked 
| 225|0x000000068f900000, 0x000000068f900000, 0x000000068fa00000|  0%| F|  |TAMS 0x000000068f900000, 0x000000068f900000| Untracked 
| 226|0x000000068fa00000, 0x000000068fa00000, 0x000000068fb00000|  0%| F|  |TAMS 0x000000068fa00000, 0x000000068fa00000| Untracked 
| 227|0x000000068fb00000, 0x000000068fb00000, 0x000000068fc00000|  0%| F|  |TAMS 0x000000068fb00000, 0x000000068fb00000| Untracked 
| 228|0x000000068fc00000, 0x000000068fc00000, 0x000000068fd00000|  0%| F|  |TAMS 0x000000068fc00000, 0x000000068fc00000| Untracked 
| 229|0x000000068fd00000, 0x000000068fd00000, 0x000000068fe00000|  0%| F|  |TAMS 0x000000068fd00000, 0x000000068fd00000| Untracked 
| 230|0x000000068fe00000, 0x000000068fe00000, 0x000000068ff00000|  0%| F|  |TAMS 0x000000068fe00000, 0x000000068fe00000| Untracked 
| 231|0x000000068ff00000, 0x000000068ff00000, 0x0000000690000000|  0%| F|  |TAMS 0x000000068ff00000, 0x000000068ff00000| Untracked 
| 232|0x0000000690000000, 0x0000000690000000, 0x0000000690100000|  0%| F|  |TAMS 0x0000000690000000, 0x0000000690000000| Untracked 
| 233|0x0000000690100000, 0x0000000690100000, 0x0000000690200000|  0%| F|  |TAMS 0x0000000690100000, 0x0000000690100000| Untracked 
| 234|0x0000000690200000, 0x0000000690200000, 0x0000000690300000|  0%| F|  |TAMS 0x0000000690200000, 0x0000000690200000| Untracked 
| 235|0x0000000690300000, 0x0000000690300000, 0x0000000690400000|  0%| F|  |TAMS 0x0000000690300000, 0x0000000690300000| Untracked 
| 236|0x0000000690400000, 0x0000000690400000, 0x0000000690500000|  0%| F|  |TAMS 0x0000000690400000, 0x0000000690400000| Untracked 
| 237|0x0000000690500000, 0x0000000690500000, 0x0000000690600000|  0%| F|  |TAMS 0x0000000690500000, 0x0000000690500000| Untracked 
| 238|0x0000000690600000, 0x0000000690600000, 0x0000000690700000|  0%| F|  |TAMS 0x0000000690600000, 0x0000000690600000| Untracked 
| 239|0x0000000690700000, 0x0000000690700000, 0x0000000690800000|  0%| F|  |TAMS 0x0000000690700000, 0x0000000690700000| Untracked 
| 240|0x0000000690800000, 0x0000000690800000, 0x0000000690900000|  0%| F|  |TAMS 0x0000000690800000, 0x0000000690800000| Untracked 
| 241|0x0000000690900000, 0x0000000690900000, 0x0000000690a00000|  0%| F|  |TAMS 0x0000000690900000, 0x0000000690900000| Untracked 
| 242|0x0000000690a00000, 0x0000000690a00000, 0x0000000690b00000|  0%| F|  |TAMS 0x0000000690a00000, 0x0000000690a00000| Untracked 
| 243|0x0000000690b00000, 0x0000000690b00000, 0x0000000690c00000|  0%| F|  |TAMS 0x0000000690b00000, 0x0000000690b00000| Untracked 
| 244|0x0000000690c00000, 0x0000000690c00000, 0x0000000690d00000|  0%| F|  |TAMS 0x0000000690c00000, 0x0000000690c00000| Untracked 
| 245|0x0000000690d00000, 0x0000000690d00000, 0x0000000690e00000|  0%| F|  |TAMS 0x0000000690d00000, 0x0000000690d00000| Untracked 
| 246|0x0000000690e00000, 0x0000000690e00000, 0x0000000690f00000|  0%| F|  |TAMS 0x0000000690e00000, 0x0000000690e00000| Untracked 
| 247|0x0000000690f00000, 0x0000000690f00000, 0x0000000691000000|  0%| F|  |TAMS 0x0000000690f00000, 0x0000000690f00000| Untracked 
| 248|0x0000000691000000, 0x0000000691000000, 0x0000000691100000|  0%| F|  |TAMS 0x0000000691000000, 0x0000000691000000| Untracked 
| 249|0x0000000691100000, 0x0000000691100000, 0x0000000691200000|  0%| F|  |TAMS 0x0000000691100000, 0x0000000691100000| Untracked 
| 250|0x0000000691200000, 0x0000000691200000, 0x0000000691300000|  0%| F|  |TAMS 0x0000000691200000, 0x0000000691200000| Untracked 
| 251|0x0000000691300000, 0x0000000691300000, 0x0000000691400000|  0%| F|  |TAMS 0x0000000691300000, 0x0000000691300000| Untracked 
| 252|0x0000000691400000, 0x0000000691400000, 0x0000000691500000|  0%| F|  |TAMS 0x0000000691400000, 0x0000000691400000| Untracked 
| 253|0x0000000691500000, 0x0000000691500000, 0x0000000691600000|  0%| F|  |TAMS 0x0000000691500000, 0x0000000691500000| Untracked 
| 254|0x0000000691600000, 0x0000000691600000, 0x0000000691700000|  0%| F|  |TAMS 0x0000000691600000, 0x0000000691600000| Untracked 
| 255|0x0000000691700000, 0x0000000691700000, 0x0000000691800000|  0%| F|  |TAMS 0x0000000691700000, 0x0000000691700000| Untracked 
| 256|0x0000000691800000, 0x0000000691800000, 0x0000000691900000|  0%| F|  |TAMS 0x0000000691800000, 0x0000000691800000| Untracked 
| 257|0x0000000691900000, 0x0000000691900000, 0x0000000691a00000|  0%| F|  |TAMS 0x0000000691900000, 0x0000000691900000| Untracked 
| 258|0x0000000691a00000, 0x0000000691a00000, 0x0000000691b00000|  0%| F|  |TAMS 0x0000000691a00000, 0x0000000691a00000| Untracked 
| 259|0x0000000691b00000, 0x0000000691b00000, 0x0000000691c00000|  0%| F|  |TAMS 0x0000000691b00000, 0x0000000691b00000| Untracked 
| 260|0x0000000691c00000, 0x0000000691c00000, 0x0000000691d00000|  0%| F|  |TAMS 0x0000000691c00000, 0x0000000691c00000| Untracked 
| 261|0x0000000691d00000, 0x0000000691d00000, 0x0000000691e00000|  0%| F|  |TAMS 0x0000000691d00000, 0x0000000691d00000| Untracked 
| 262|0x0000000691e00000, 0x0000000691e00000, 0x0000000691f00000|  0%| F|  |TAMS 0x0000000691e00000, 0x0000000691e00000| Untracked 
| 263|0x0000000691f00000, 0x0000000691f00000, 0x0000000692000000|  0%| F|  |TAMS 0x0000000691f00000, 0x0000000691f00000| Untracked 
| 264|0x0000000692000000, 0x0000000692000000, 0x0000000692100000|  0%| F|  |TAMS 0x0000000692000000, 0x0000000692000000| Untracked 
| 265|0x0000000692100000, 0x0000000692100000, 0x0000000692200000|  0%| F|  |TAMS 0x0000000692100000, 0x0000000692100000| Untracked 
| 266|0x0000000692200000, 0x0000000692200000, 0x0000000692300000|  0%| F|  |TAMS 0x0000000692200000, 0x0000000692200000| Untracked 
| 267|0x0000000692300000, 0x0000000692300000, 0x0000000692400000|  0%| F|  |TAMS 0x0000000692300000, 0x0000000692300000| Untracked 
| 268|0x0000000692400000, 0x0000000692400000, 0x0000000692500000|  0%| F|  |TAMS 0x0000000692400000, 0x0000000692400000| Untracked 
| 269|0x0000000692500000, 0x0000000692500000, 0x0000000692600000|  0%| F|  |TAMS 0x0000000692500000, 0x0000000692500000| Untracked 
| 270|0x0000000692600000, 0x0000000692600000, 0x0000000692700000|  0%| F|  |TAMS 0x0000000692600000, 0x0000000692600000| Untracked 
| 271|0x0000000692700000, 0x0000000692700000, 0x0000000692800000|  0%| F|  |TAMS 0x0000000692700000, 0x0000000692700000| Untracked 
| 272|0x0000000692800000, 0x0000000692800000, 0x0000000692900000|  0%| F|  |TAMS 0x0000000692800000, 0x0000000692800000| Untracked 
| 273|0x0000000692900000, 0x0000000692900000, 0x0000000692a00000|  0%| F|  |TAMS 0x0000000692900000, 0x0000000692900000| Untracked 
| 274|0x0000000692a00000, 0x0000000692a00000, 0x0000000692b00000|  0%| F|  |TAMS 0x0000000692a00000, 0x0000000692a00000| Untracked 
| 275|0x0000000692b00000, 0x0000000692b00000, 0x0000000692c00000|  0%| F|  |TAMS 0x0000000692b00000, 0x0000000692b00000| Untracked 
| 276|0x0000000692c00000, 0x0000000692c00000, 0x0000000692d00000|  0%| F|  |TAMS 0x0000000692c00000, 0x0000000692c00000| Untracked 
| 277|0x0000000692d00000, 0x0000000692d00000, 0x0000000692e00000|  0%| F|  |TAMS 0x0000000692d00000, 0x0000000692d00000| Untracked 
| 278|0x0000000692e00000, 0x0000000692e00000, 0x0000000692f00000|  0%| F|  |TAMS 0x0000000692e00000, 0x0000000692e00000| Untracked 
| 279|0x0000000692f00000, 0x0000000692f00000, 0x0000000693000000|  0%| F|  |TAMS 0x0000000692f00000, 0x0000000692f00000| Untracked 
| 280|0x0000000693000000, 0x0000000693000000, 0x0000000693100000|  0%| F|  |TAMS 0x0000000693000000, 0x0000000693000000| Untracked 
| 281|0x0000000693100000, 0x0000000693100000, 0x0000000693200000|  0%| F|  |TAMS 0x0000000693100000, 0x0000000693100000| Untracked 
| 282|0x0000000693200000, 0x0000000693200000, 0x0000000693300000|  0%| F|  |TAMS 0x0000000693200000, 0x0000000693200000| Untracked 
| 283|0x0000000693300000, 0x0000000693300000, 0x0000000693400000|  0%| F|  |TAMS 0x0000000693300000, 0x0000000693300000| Untracked 
| 284|0x0000000693400000, 0x0000000693400000, 0x0000000693500000|  0%| F|  |TAMS 0x0000000693400000, 0x0000000693400000| Untracked 
| 285|0x0000000693500000, 0x0000000693500000, 0x0000000693600000|  0%| F|  |TAMS 0x0000000693500000, 0x0000000693500000| Untracked 
| 286|0x0000000693600000, 0x0000000693600000, 0x0000000693700000|  0%| F|  |TAMS 0x0000000693600000, 0x0000000693600000| Untracked 
| 287|0x0000000693700000, 0x0000000693700000, 0x0000000693800000|  0%| F|  |TAMS 0x0000000693700000, 0x0000000693700000| Untracked 
| 288|0x0000000693800000, 0x0000000693800000, 0x0000000693900000|  0%| F|  |TAMS 0x0000000693800000, 0x0000000693800000| Untracked 
| 289|0x0000000693900000, 0x0000000693900000, 0x0000000693a00000|  0%| F|  |TAMS 0x0000000693900000, 0x0000000693900000| Untracked 
| 290|0x0000000693a00000, 0x0000000693a00000, 0x0000000693b00000|  0%| F|  |TAMS 0x0000000693a00000, 0x0000000693a00000| Untracked 
| 291|0x0000000693b00000, 0x0000000693b00000, 0x0000000693c00000|  0%| F|  |TAMS 0x0000000693b00000, 0x0000000693b00000| Untracked 
| 292|0x0000000693c00000, 0x0000000693c00000, 0x0000000693d00000|  0%| F|  |TAMS 0x0000000693c00000, 0x0000000693c00000| Untracked 
| 293|0x0000000693d00000, 0x0000000693d00000, 0x0000000693e00000|  0%| F|  |TAMS 0x0000000693d00000, 0x0000000693d00000| Untracked 
| 294|0x0000000693e00000, 0x0000000693e00000, 0x0000000693f00000|  0%| F|  |TAMS 0x0000000693e00000, 0x0000000693e00000| Untracked 
| 295|0x0000000693f00000, 0x0000000693f00000, 0x0000000694000000|  0%| F|  |TAMS 0x0000000693f00000, 0x0000000693f00000| Untracked 
| 296|0x0000000694000000, 0x0000000694000000, 0x0000000694100000|  0%| F|  |TAMS 0x0000000694000000, 0x0000000694000000| Untracked 
| 297|0x0000000694100000, 0x0000000694100000, 0x0000000694200000|  0%| F|  |TAMS 0x0000000694100000, 0x0000000694100000| Untracked 
| 298|0x0000000694200000, 0x0000000694200000, 0x0000000694300000|  0%| F|  |TAMS 0x0000000694200000, 0x0000000694200000| Untracked 
| 299|0x0000000694300000, 0x0000000694300000, 0x0000000694400000|  0%| F|  |TAMS 0x0000000694300000, 0x0000000694300000| Untracked 
| 300|0x0000000694400000, 0x0000000694400000, 0x0000000694500000|  0%| F|  |TAMS 0x0000000694400000, 0x0000000694400000| Untracked 
| 301|0x0000000694500000, 0x0000000694500000, 0x0000000694600000|  0%| F|  |TAMS 0x0000000694500000, 0x0000000694500000| Untracked 
| 302|0x0000000694600000, 0x0000000694600000, 0x0000000694700000|  0%| F|  |TAMS 0x0000000694600000, 0x0000000694600000| Untracked 
| 303|0x0000000694700000, 0x0000000694700000, 0x0000000694800000|  0%| F|  |TAMS 0x0000000694700000, 0x0000000694700000| Untracked 
| 304|0x0000000694800000, 0x0000000694800000, 0x0000000694900000|  0%| F|  |TAMS 0x0000000694800000, 0x0000000694800000| Untracked 
| 305|0x0000000694900000, 0x0000000694900000, 0x0000000694a00000|  0%| F|  |TAMS 0x0000000694900000, 0x0000000694900000| Untracked 
| 306|0x0000000694a00000, 0x0000000694a00000, 0x0000000694b00000|  0%| F|  |TAMS 0x0000000694a00000, 0x0000000694a00000| Untracked 
| 307|0x0000000694b00000, 0x0000000694b00000, 0x0000000694c00000|  0%| F|  |TAMS 0x0000000694b00000, 0x0000000694b00000| Untracked 
| 308|0x0000000694c00000, 0x0000000694c00000, 0x0000000694d00000|  0%| F|  |TAMS 0x0000000694c00000, 0x0000000694c00000| Untracked 
| 309|0x0000000694d00000, 0x0000000694d00000, 0x0000000694e00000|  0%| F|  |TAMS 0x0000000694d00000, 0x0000000694d00000| Untracked 
| 310|0x0000000694e00000, 0x0000000694e00000, 0x0000000694f00000|  0%| F|  |TAMS 0x0000000694e00000, 0x0000000694e00000| Untracked 
| 311|0x0000000694f00000, 0x0000000694f00000, 0x0000000695000000|  0%| F|  |TAMS 0x0000000694f00000, 0x0000000694f00000| Untracked 
| 312|0x0000000695000000, 0x0000000695000000, 0x0000000695100000|  0%| F|  |TAMS 0x0000000695000000, 0x0000000695000000| Untracked 
| 313|0x0000000695100000, 0x0000000695100000, 0x0000000695200000|  0%| F|  |TAMS 0x0000000695100000, 0x0000000695100000| Untracked 
| 314|0x0000000695200000, 0x0000000695200000, 0x0000000695300000|  0%| F|  |TAMS 0x0000000695200000, 0x0000000695200000| Untracked 
| 315|0x0000000695300000, 0x0000000695300000, 0x0000000695400000|  0%| F|  |TAMS 0x0000000695300000, 0x0000000695300000| Untracked 
| 316|0x0000000695400000, 0x0000000695400000, 0x0000000695500000|  0%| F|  |TAMS 0x0000000695400000, 0x0000000695400000| Untracked 
| 317|0x0000000695500000, 0x0000000695500000, 0x0000000695600000|  0%| F|  |TAMS 0x0000000695500000, 0x0000000695500000| Untracked 
| 318|0x0000000695600000, 0x0000000695600000, 0x0000000695700000|  0%| F|  |TAMS 0x0000000695600000, 0x0000000695600000| Untracked 
| 319|0x0000000695700000, 0x0000000695700000, 0x0000000695800000|  0%| F|  |TAMS 0x0000000695700000, 0x0000000695700000| Untracked 
| 320|0x0000000695800000, 0x0000000695800000, 0x0000000695900000|  0%| F|  |TAMS 0x0000000695800000, 0x0000000695800000| Untracked 
| 321|0x0000000695900000, 0x0000000695900000, 0x0000000695a00000|  0%| F|  |TAMS 0x0000000695900000, 0x0000000695900000| Untracked 
| 322|0x0000000695a00000, 0x0000000695a00000, 0x0000000695b00000|  0%| F|  |TAMS 0x0000000695a00000, 0x0000000695a00000| Untracked 
| 323|0x0000000695b00000, 0x0000000695b00000, 0x0000000695c00000|  0%| F|  |TAMS 0x0000000695b00000, 0x0000000695b00000| Untracked 
| 324|0x0000000695c00000, 0x0000000695c00000, 0x0000000695d00000|  0%| F|  |TAMS 0x0000000695c00000, 0x0000000695c00000| Untracked 
| 325|0x0000000695d00000, 0x0000000695d00000, 0x0000000695e00000|  0%| F|  |TAMS 0x0000000695d00000, 0x0000000695d00000| Untracked 
| 326|0x0000000695e00000, 0x0000000695e00000, 0x0000000695f00000|  0%| F|  |TAMS 0x0000000695e00000, 0x0000000695e00000| Untracked 
| 327|0x0000000695f00000, 0x0000000695f00000, 0x0000000696000000|  0%| F|  |TAMS 0x0000000695f00000, 0x0000000695f00000| Untracked 
| 328|0x0000000696000000, 0x0000000696000000, 0x0000000696100000|  0%| F|  |TAMS 0x0000000696000000, 0x0000000696000000| Untracked 
| 329|0x0000000696100000, 0x0000000696100000, 0x0000000696200000|  0%| F|  |TAMS 0x0000000696100000, 0x0000000696100000| Untracked 
| 330|0x0000000696200000, 0x0000000696200000, 0x0000000696300000|  0%| F|  |TAMS 0x0000000696200000, 0x0000000696200000| Untracked 
| 331|0x0000000696300000, 0x0000000696300000, 0x0000000696400000|  0%| F|  |TAMS 0x0000000696300000, 0x0000000696300000| Untracked 
| 332|0x0000000696400000, 0x0000000696400000, 0x0000000696500000|  0%| F|  |TAMS 0x0000000696400000, 0x0000000696400000| Untracked 
| 333|0x0000000696500000, 0x0000000696500000, 0x0000000696600000|  0%| F|  |TAMS 0x0000000696500000, 0x0000000696500000| Untracked 
| 334|0x0000000696600000, 0x0000000696600000, 0x0000000696700000|  0%| F|  |TAMS 0x0000000696600000, 0x0000000696600000| Untracked 
| 335|0x0000000696700000, 0x0000000696700000, 0x0000000696800000|  0%| F|  |TAMS 0x0000000696700000, 0x0000000696700000| Untracked 
| 336|0x0000000696800000, 0x0000000696800000, 0x0000000696900000|  0%| F|  |TAMS 0x0000000696800000, 0x0000000696800000| Untracked 
| 337|0x0000000696900000, 0x0000000696900000, 0x0000000696a00000|  0%| F|  |TAMS 0x0000000696900000, 0x0000000696900000| Untracked 
| 338|0x0000000696a00000, 0x0000000696a00000, 0x0000000696b00000|  0%| F|  |TAMS 0x0000000696a00000, 0x0000000696a00000| Untracked 
| 339|0x0000000696b00000, 0x0000000696b00000, 0x0000000696c00000|  0%| F|  |TAMS 0x0000000696b00000, 0x0000000696b00000| Untracked 
| 340|0x0000000696c00000, 0x0000000696c00000, 0x0000000696d00000|  0%| F|  |TAMS 0x0000000696c00000, 0x0000000696c00000| Untracked 
| 341|0x0000000696d00000, 0x0000000696d00000, 0x0000000696e00000|  0%| F|  |TAMS 0x0000000696d00000, 0x0000000696d00000| Untracked 
| 342|0x0000000696e00000, 0x0000000696e00000, 0x0000000696f00000|  0%| F|  |TAMS 0x0000000696e00000, 0x0000000696e00000| Untracked 
| 343|0x0000000696f00000, 0x0000000696f00000, 0x0000000697000000|  0%| F|  |TAMS 0x0000000696f00000, 0x0000000696f00000| Untracked 
| 344|0x0000000697000000, 0x0000000697000000, 0x0000000697100000|  0%| F|  |TAMS 0x0000000697000000, 0x0000000697000000| Untracked 
| 345|0x0000000697100000, 0x0000000697100000, 0x0000000697200000|  0%| F|  |TAMS 0x0000000697100000, 0x0000000697100000| Untracked 
| 346|0x0000000697200000, 0x0000000697200000, 0x0000000697300000|  0%| F|  |TAMS 0x0000000697200000, 0x0000000697200000| Untracked 
| 347|0x0000000697300000, 0x0000000697300000, 0x0000000697400000|  0%| F|  |TAMS 0x0000000697300000, 0x0000000697300000| Untracked 
| 348|0x0000000697400000, 0x0000000697400000, 0x0000000697500000|  0%| F|  |TAMS 0x0000000697400000, 0x0000000697400000| Untracked 
| 349|0x0000000697500000, 0x0000000697500000, 0x0000000697600000|  0%| F|  |TAMS 0x0000000697500000, 0x0000000697500000| Untracked 
| 350|0x0000000697600000, 0x0000000697600000, 0x0000000697700000|  0%| F|  |TAMS 0x0000000697600000, 0x0000000697600000| Untracked 
| 351|0x0000000697700000, 0x0000000697700000, 0x0000000697800000|  0%| F|  |TAMS 0x0000000697700000, 0x0000000697700000| Untracked 
| 352|0x0000000697800000, 0x0000000697800000, 0x0000000697900000|  0%| F|  |TAMS 0x0000000697800000, 0x0000000697800000| Untracked 
| 353|0x0000000697900000, 0x0000000697900000, 0x0000000697a00000|  0%| F|  |TAMS 0x0000000697900000, 0x0000000697900000| Untracked 
| 354|0x0000000697a00000, 0x0000000697a00000, 0x0000000697b00000|  0%| F|  |TAMS 0x0000000697a00000, 0x0000000697a00000| Untracked 
| 355|0x0000000697b00000, 0x0000000697b00000, 0x0000000697c00000|  0%| F|  |TAMS 0x0000000697b00000, 0x0000000697b00000| Untracked 
| 356|0x0000000697c00000, 0x0000000697c00000, 0x0000000697d00000|  0%| F|  |TAMS 0x0000000697c00000, 0x0000000697c00000| Untracked 
| 357|0x0000000697d00000, 0x0000000697d00000, 0x0000000697e00000|  0%| F|  |TAMS 0x0000000697d00000, 0x0000000697d00000| Untracked 
| 358|0x0000000697e00000, 0x0000000697e00000, 0x0000000697f00000|  0%| F|  |TAMS 0x0000000697e00000, 0x0000000697e00000| Untracked 
| 359|0x0000000697f00000, 0x0000000697f00000, 0x0000000698000000|  0%| F|  |TAMS 0x0000000697f00000, 0x0000000697f00000| Untracked 
| 360|0x0000000698000000, 0x0000000698000000, 0x0000000698100000|  0%| F|  |TAMS 0x0000000698000000, 0x0000000698000000| Untracked 
| 361|0x0000000698100000, 0x0000000698100000, 0x0000000698200000|  0%| F|  |TAMS 0x0000000698100000, 0x0000000698100000| Untracked 
| 362|0x0000000698200000, 0x00000006982f4c60, 0x0000000698300000| 95%| E|  |TAMS 0x0000000698200000, 0x0000000698200000| Complete 
| 363|0x0000000698300000, 0x0000000698400000, 0x0000000698400000|100%| E|CS|TAMS 0x0000000698300000, 0x0000000698300000| Complete 
| 364|0x0000000698400000, 0x0000000698500000, 0x0000000698500000|100%| E|CS|TAMS 0x0000000698400000, 0x0000000698400000| Complete 
| 365|0x0000000698500000, 0x0000000698600000, 0x0000000698600000|100%| E|CS|TAMS 0x0000000698500000, 0x0000000698500000| Complete 
| 366|0x0000000698600000, 0x0000000698700000, 0x0000000698700000|100%| E|CS|TAMS 0x0000000698600000, 0x0000000698600000| Complete 
| 367|0x0000000698700000, 0x0000000698800000, 0x0000000698800000|100%| E|CS|TAMS 0x0000000698700000, 0x0000000698700000| Complete 
| 368|0x0000000698800000, 0x0000000698900000, 0x0000000698900000|100%| E|CS|TAMS 0x0000000698800000, 0x0000000698800000| Complete 
| 369|0x0000000698900000, 0x0000000698a00000, 0x0000000698a00000|100%| E|CS|TAMS 0x0000000698900000, 0x0000000698900000| Complete 
| 370|0x0000000698a00000, 0x0000000698b00000, 0x0000000698b00000|100%| E|CS|TAMS 0x0000000698a00000, 0x0000000698a00000| Complete 
| 371|0x0000000698b00000, 0x0000000698c00000, 0x0000000698c00000|100%| E|CS|TAMS 0x0000000698b00000, 0x0000000698b00000| Complete 
| 372|0x0000000698c00000, 0x0000000698d00000, 0x0000000698d00000|100%| E|CS|TAMS 0x0000000698c00000, 0x0000000698c00000| Complete 
| 373|0x0000000698d00000, 0x0000000698e00000, 0x0000000698e00000|100%| E|CS|TAMS 0x0000000698d00000, 0x0000000698d00000| Complete 
| 374|0x0000000698e00000, 0x0000000698f00000, 0x0000000698f00000|100%| E|  |TAMS 0x0000000698e00000, 0x0000000698e00000| Complete 
| 375|0x0000000698f00000, 0x0000000699000000, 0x0000000699000000|100%| E|CS|TAMS 0x0000000698f00000, 0x0000000698f00000| Complete 
| 376|0x0000000699000000, 0x0000000699100000, 0x0000000699100000|100%| E|CS|TAMS 0x0000000699000000, 0x0000000699000000| Complete 
| 377|0x0000000699100000, 0x0000000699200000, 0x0000000699200000|100%| E|CS|TAMS 0x0000000699100000, 0x0000000699100000| Complete 
| 378|0x0000000699200000, 0x0000000699300000, 0x0000000699300000|100%| E|CS|TAMS 0x0000000699200000, 0x0000000699200000| Complete 
| 379|0x0000000699300000, 0x0000000699400000, 0x0000000699400000|100%| E|CS|TAMS 0x0000000699300000, 0x0000000699300000| Complete 
| 380|0x0000000699400000, 0x0000000699500000, 0x0000000699500000|100%| E|CS|TAMS 0x0000000699400000, 0x0000000699400000| Complete 
| 381|0x0000000699500000, 0x0000000699600000, 0x0000000699600000|100%| E|CS|TAMS 0x0000000699500000, 0x0000000699500000| Complete 
| 382|0x0000000699600000, 0x0000000699700000, 0x0000000699700000|100%| E|CS|TAMS 0x0000000699600000, 0x0000000699600000| Complete 
| 383|0x0000000699700000, 0x0000000699800000, 0x0000000699800000|100%| E|CS|TAMS 0x0000000699700000, 0x0000000699700000| Complete 

Card table byte_map: [0x0000020eb9e50000,0x0000020ebaa50000] _byte_map_base: 0x0000020eb6a44000

Marking Bits (Prev, Next): (CMBitMap*) 0x0000020ea15ebfe8, (CMBitMap*) 0x0000020ea15ec028
 Prev Bits: [0x0000020ebb650000, 0x0000020ec15f0000)
 Next Bits: [0x0000020ec15f0000, 0x0000020ec7590000)

Polling page: 0x0000020ea0d30000

Metaspace:

Usage:
  Non-class:      7.81 MB capacity,     5.62 MB ( 72%) used,     2.18 MB ( 28%) free+waste,    11.25 KB ( <1%) overhead. 
      Class:    626.00 KB capacity,   364.16 KB ( 58%) used,   256.66 KB ( 41%) free+waste,     5.19 KB ( <1%) overhead. 
       Both:      8.42 MB capacity,     5.97 MB ( 71%) used,     2.43 MB ( 29%) free+waste,    16.44 KB ( <1%) overhead. 

Virtual space:
  Non-class space:        8.00 MB reserved,       8.00 MB (100%) committed 
      Class space:        1.00 GB reserved,     640.00 KB ( <1%) committed 
             Both:        1.01 GB reserved,       8.63 MB ( <1%) committed 

Chunk freelists:
   Non-Class:  66.00 KB
       Class:  14.00 KB
        Both:  80.00 KB

MaxMetaspaceSize: 17179869184.00 GB
CompressedClassSpaceSize: 1.00 GB

CodeHeap 'non-profiled nmethods': size=120000Kb used=266Kb max_used=266Kb free=119733Kb
 bounds [0x0000020eb17d0000, 0x0000020eb1a40000, 0x0000020eb8d00000]
CodeHeap 'profiled nmethods': size=120000Kb used=1421Kb max_used=1421Kb free=118578Kb
 bounds [0x0000020eaa2a0000, 0x0000020eaa510000, 0x0000020eb17d0000]
CodeHeap 'non-nmethods': size=5760Kb used=1602Kb max_used=1625Kb free=4157Kb
 bounds [0x0000020ea9d00000, 0x0000020ea9f70000, 0x0000020eaa2a0000]
 total_blobs=2283 nmethods=823 adapters=903
 compilation: enabled
              stopped_count=0, restarted_count=0
 full_count=0

Compilation events (20 events):
Event: 0.592 Thread 0x0000020eca54e800 nmethod 805 0x0000020eaa401390 code [0x0000020eaa401520, 0x0000020eaa401698]
Event: 0.592 Thread 0x0000020eca54e800  818       3       java.nio.CharBuffer::charAt (16 bytes)
Event: 0.592 Thread 0x0000020eca54e800 nmethod 818 0x0000020eaa401790 code [0x0000020eaa401960, 0x0000020eaa401d18]
Event: 0.592 Thread 0x0000020eca54e800  819       3       java.nio.Buffer::checkIndex (24 bytes)
Event: 0.592 Thread 0x0000020eca54c800  822       4       sun.misc.Unsafe::putByte (9 bytes)
Event: 0.592 Thread 0x0000020eca54e800 nmethod 819 0x0000020eaa401e90 code [0x0000020eaa402040, 0x0000020eaa4022a8]
Event: 0.592 Thread 0x0000020eca54e800  820       3       java.nio.HeapCharBuffer::get (19 bytes)
Event: 0.592 Thread 0x0000020eca69a000 nmethod 801 0x0000020eb1811590 code [0x0000020eb1811760, 0x0000020eb1811ba8]
Event: 0.592 Thread 0x0000020eca54c800 nmethod 822 0x0000020eb1811d90 code [0x0000020eb1811f00, 0x0000020eb1811f78]
Event: 0.592 Thread 0x0000020eca54e800 nmethod 820 0x0000020eaa402390 code [0x0000020eaa402560, 0x0000020eaa402828]
Event: 0.592 Thread 0x0000020eca54e800  821       3       java.util.regex.Pattern$$Lambda$47/0x0000000800bae840::is (5 bytes)
Event: 0.592 Thread 0x0000020eca54e800 nmethod 821 0x0000020eaa402a10 code [0x0000020eaa402ba0, 0x0000020eaa402d18]
Event: 0.592 Thread 0x0000020eca54e800  816       1       java.util.stream.AbstractPipeline::getStreamAndOpFlags (5 bytes)
Event: 0.592 Thread 0x0000020eca54e800 nmethod 816 0x0000020eb1812090 code [0x0000020eb1812220, 0x0000020eb18122f8]
Event: 0.592 Thread 0x0000020eca54e800  817       1       java.util.stream.FindOps$FindOp::getOpFlags (5 bytes)
Event: 0.592 Thread 0x0000020eca54e800 nmethod 817 0x0000020eb1812390 code [0x0000020eb1812520, 0x0000020eb18125f8]
Event: 0.592 Thread 0x0000020eca54e800  804       1       java.lang.invoke.MethodHandles$Lookup::previousLookupClass (5 bytes)
Event: 0.592 Thread 0x0000020eca54e800 nmethod 804 0x0000020eb1812690 code [0x0000020eb1812820, 0x0000020eb18128f8]
Event: 0.593 Thread 0x0000020eca54e800  823       3       java.lang.AbstractStringBuilder::append (45 bytes)
Event: 0.594 Thread 0x0000020eca54e800 nmethod 823 0x0000020eaa402e10 code [0x0000020eaa403020, 0x0000020eaa403558]

GC Heap History (0 events):
No events

Deoptimization events (20 events):
Event: 0.441 Thread 0x0000020ea155d000 Uncommon trap: trap_request=0xffffff54 fr.pc=0x0000020eb1801890 relative=0x0000000000000070
Event: 0.441 Thread 0x0000020ea155d000 Uncommon trap: reason=speculate_null_assert action=make_not_entrant pc=0x0000020eb1801890 method=sun.misc.Unsafe.putLong(Ljava/lang/Object;JJ)V @ 7 c2
Event: 0.441 Thread 0x0000020ea155d000 DEOPT PACKING pc=0x0000020eb1801890 sp=0x0000007d5dbfebd0
Event: 0.441 Thread 0x0000020ea155d000 DEOPT UNPACKING pc=0x0000020ea9d4912f sp=0x0000007d5dbfeb48 mode 2
Event: 0.447 Thread 0x0000020ea155d000 Uncommon trap: trap_request=0xffffff54 fr.pc=0x0000020eb1803508 relative=0x0000000000000068
Event: 0.447 Thread 0x0000020ea155d000 Uncommon trap: reason=speculate_null_assert action=make_not_entrant pc=0x0000020eb1803508 method=sun.misc.Unsafe.getLong(Ljava/lang/Object;J)J @ 5 c2
Event: 0.447 Thread 0x0000020ea155d000 DEOPT PACKING pc=0x0000020eb1803508 sp=0x0000007d5dbfeb80
Event: 0.447 Thread 0x0000020ea155d000 DEOPT UNPACKING pc=0x0000020ea9d4912f sp=0x0000007d5dbfeb08 mode 2
Event: 0.588 Thread 0x0000020ea155d000 Uncommon trap: trap_request=0xffffff45 fr.pc=0x0000020eb17ea7a4 relative=0x0000000000000484
Event: 0.588 Thread 0x0000020ea155d000 Uncommon trap: reason=unstable_if action=reinterpret pc=0x0000020eb17ea7a4 method=java.lang.AbstractStringBuilder.putStringAt(ILjava/lang/String;)V @ 8 c2
Event: 0.588 Thread 0x0000020ea155d000 DEOPT PACKING pc=0x0000020eb17ea7a4 sp=0x0000007d5dbfeb90
Event: 0.589 Thread 0x0000020ea155d000 DEOPT UNPACKING pc=0x0000020ea9d4912f sp=0x0000007d5dbfeaa8 mode 2
Event: 0.589 Thread 0x0000020ea155d000 Uncommon trap: trap_request=0xffffff45 fr.pc=0x0000020eb17ebd28 relative=0x0000000000000488
Event: 0.589 Thread 0x0000020ea155d000 Uncommon trap: reason=unstable_if action=reinterpret pc=0x0000020eb17ebd28 method=java.lang.AbstractStringBuilder.putStringAt(ILjava/lang/String;)V @ 8 c2
Event: 0.589 Thread 0x0000020ea155d000 DEOPT PACKING pc=0x0000020eb17ebd28 sp=0x0000007d5dbfeb40
Event: 0.589 Thread 0x0000020ea155d000 DEOPT UNPACKING pc=0x0000020ea9d4912f sp=0x0000007d5dbfeab0 mode 2
Event: 0.589 Thread 0x0000020ea155d000 Uncommon trap: trap_request=0xffffff45 fr.pc=0x0000020eb17e9f40 relative=0x0000000000000100
Event: 0.589 Thread 0x0000020ea155d000 Uncommon trap: reason=unstable_if action=reinterpret pc=0x0000020eb17e9f40 method=java.lang.String.getBytes([BIB)V @ 5 c2
Event: 0.589 Thread 0x0000020ea155d000 DEOPT PACKING pc=0x0000020eb17e9f40 sp=0x0000007d5dbfea60
Event: 0.589 Thread 0x0000020ea155d000 DEOPT UNPACKING pc=0x0000020ea9d4912f sp=0x0000007d5dbfea28 mode 2

Classes unloaded (0 events):
No events

Classes redefined (0 events):
No events

Internal exceptions (11 events):
Event: 0.130 Thread 0x0000020ea155d000 Exception <a 'java/lang/NoSuchMethodError'{0x00000006993bd978}: 'void java.lang.invoke.DelegatingMethodHandle$Holder.delegate(java.lang.Object, java.lang.Object, int, java.lang.Object)'> (0x00000006993bd978) 
thrown [./open/src/hotspot/share/interpreter/linkResolver.cpp, line 766]
Event: 0.131 Thread 0x0000020ea155d000 Exception <a 'java/lang/NoSuchMethodError'{0x00000006993c4558}: 'java.lang.Object java.lang.invoke.DirectMethodHandle$Holder.invokeStaticInit(java.lang.Object, java.lang.Object, java.lang.Object)'> (0x00000006993c4558) 
thrown [./open/src/hotspot/share/interpreter/linkResolver.cpp, line 766]
Event: 0.151 Thread 0x0000020ea155d000 Exception <a 'sun/nio/fs/WindowsException'{0x000000069921a8b0}> (0x000000069921a8b0) 
thrown [./open/src/hotspot/share/prims/jni.cpp, line 599]
Event: 0.151 Thread 0x0000020ea155d000 Exception <a 'sun/nio/fs/WindowsException'{0x000000069921adf0}> (0x000000069921adf0) 
thrown [./open/src/hotspot/share/prims/jni.cpp, line 599]
Event: 0.182 Thread 0x0000020ea155d000 Exception <a 'sun/nio/fs/WindowsException'{0x00000006991d3530}> (0x00000006991d3530) 
thrown [./open/src/hotspot/share/prims/jni.cpp, line 599]
Event: 0.182 Thread 0x0000020ea155d000 Exception <a 'sun/nio/fs/WindowsException'{0x00000006991d3888}> (0x00000006991d3888) 
thrown [./open/src/hotspot/share/prims/jni.cpp, line 599]
Event: 0.412 Thread 0x0000020ea155d000 Exception <a 'sun/nio/fs/WindowsException'{0x00000006990d0d10}> (0x00000006990d0d10) 
thrown [./open/src/hotspot/share/prims/jni.cpp, line 599]
Event: 0.412 Thread 0x0000020ea155d000 Exception <a 'sun/nio/fs/WindowsException'{0x00000006990d10a0}> (0x00000006990d10a0) 
thrown [./open/src/hotspot/share/prims/jni.cpp, line 599]
Event: 0.416 Thread 0x0000020ea155d000 Exception <a 'sun/nio/fs/WindowsException'{0x00000006990f17f0}> (0x00000006990f17f0) 
thrown [./open/src/hotspot/share/prims/jni.cpp, line 599]
Event: 0.416 Thread 0x0000020ea155d000 Exception <a 'sun/nio/fs/WindowsException'{0x00000006990f1ac0}> (0x00000006990f1ac0) 
thrown [./open/src/hotspot/share/prims/jni.cpp, line 599]
Event: 0.585 Thread 0x0000020ea155d000 Exception <a 'java/lang/NoSuchMethodError'{0x000000069825be10}: 'int java.lang.invoke.DirectMethodHandle$Holder.invokeSpecialIFC(java.lang.Object, java.lang.Object, int)'> (0x000000069825be10) 
thrown [./open/src/hotspot/share/interpreter/linkResolver.cpp, line 766]

Events (20 events):
Event: 0.183 loading class java/lang/NoSuchFieldError
Event: 0.183 loading class java/lang/NoSuchFieldError done
Event: 0.186 loading class jdk/internal/reflect/UnsafeQualifiedStaticIntegerFieldAccessorImpl
Event: 0.186 loading class jdk/internal/reflect/UnsafeQualifiedStaticIntegerFieldAccessorImpl done
Event: 0.414 Loaded shared library C:\Users\K&M\AppData\Local\Temp\lwjglK&M\3.2.3-build-13\lwjgl_opengl.dll
Event: 0.454 Loaded shared library C:\Users\K&M\AppData\Local\Temp\lwjglK&M\3.2.3-build-13\lwjgl.dll
Event: 0.571 loading class jdk/internal/reflect/UnsafeQualifiedLongFieldAccessorImpl
Event: 0.571 loading class jdk/internal/reflect/UnsafeQualifiedFieldAccessorImpl
Event: 0.571 loading class jdk/internal/reflect/UnsafeQualifiedFieldAccessorImpl done
Event: 0.571 loading class jdk/internal/reflect/UnsafeQualifiedLongFieldAccessorImpl done
Event: 0.584 loading class sun/net/ProgressMonitor
Event: 0.584 loading class sun/net/ProgressMonitor done
Event: 0.584 loading class sun/net/DefaultProgressMeteringPolicy
Event: 0.584 loading class sun/net/ProgressMeteringPolicy
Event: 0.584 loading class sun/net/ProgressMeteringPolicy done
Event: 0.584 loading class sun/net/DefaultProgressMeteringPolicy done
Event: 0.584 loading class java/util/Scanner
Event: 0.584 loading class java/util/Scanner done
Event: 0.586 loading class java/util/Scanner$PatternLRUCache
Event: 0.586 loading class java/util/Scanner$PatternLRUCache done


Dynamic libraries:
0x00007ff710d60000 - 0x00007ff710d6f000 	C:\Program Files\Java\jdk-14.0.1\bin\java.exe
0x00007fffd7760000 - 0x00007fffd7950000 	C:\WINDOWS\SYSTEM32\ntdll.dll
0x00007fffd75d0000 - 0x00007fffd7682000 	C:\WINDOWS\System32\KERNEL32.DLL
0x00007fffd4b90000 - 0x00007fffd4e35000 	C:\WINDOWS\System32\KERNELBASE.dll
0x00007fffd4820000 - 0x00007fffd491a000 	C:\WINDOWS\System32\ucrtbase.dll
0x00007fffcf860000 - 0x00007fffcf875000 	C:\Program Files\Java\jdk-14.0.1\bin\VCRUNTIME140.dll
0x00007fffcf760000 - 0x00007fffcf778000 	C:\Program Files\Java\jdk-14.0.1\bin\jli.dll
0x00007fffd67f0000 - 0x00007fffd6893000 	C:\WINDOWS\System32\ADVAPI32.dll
0x00007fffd58c0000 - 0x00007fffd595e000 	C:\WINDOWS\System32\msvcrt.dll
0x00007fffd5810000 - 0x00007fffd58a7000 	C:\WINDOWS\System32\sechost.dll
0x00007fffd6210000 - 0x00007fffd632f000 	C:\WINDOWS\System32\RPCRT4.dll
0x00007fffd5be0000 - 0x00007fffd5d74000 	C:\WINDOWS\System32\USER32.dll
0x00007fffc32d0000 - 0x00007fffc3554000 	C:\WINDOWS\WinSxS\amd64_microsoft.windows.common-controls_6595b64144ccf1df_6.0.18362.1316_none_9e7a364fe461dbd7\COMCTL32.dll
0x00007fffd4b60000 - 0x00007fffd4b81000 	C:\WINDOWS\System32\win32u.dll
0x00007fffd68a0000 - 0x00007fffd6bd7000 	C:\WINDOWS\System32\combase.dll
0x00007fffd63b0000 - 0x00007fffd63d6000 	C:\WINDOWS\System32\GDI32.dll
0x00007fffd46e0000 - 0x00007fffd4761000 	C:\WINDOWS\System32\bcryptPrimitives.dll
0x00007fffd4920000 - 0x00007fffd4ab8000 	C:\WINDOWS\System32\gdi32full.dll
0x00007fffd4ac0000 - 0x00007fffd4b5e000 	C:\WINDOWS\System32\msvcp_win.dll
0x00007fffcccf0000 - 0x00007fffcccfa000 	C:\WINDOWS\SYSTEM32\VERSION.dll
0x00007fffd76f0000 - 0x00007fffd771e000 	C:\WINDOWS\System32\IMM32.DLL
0x00007fffba720000 - 0x00007fffba7bb000 	C:\Program Files\Java\jdk-14.0.1\bin\msvcp140.dll
0x00007fff9bfd0000 - 0x00007fff9caee000 	C:\Program Files\Java\jdk-14.0.1\bin\server\jvm.dll
0x00007fffd63e0000 - 0x00007fffd63e8000 	C:\WINDOWS\System32\PSAPI.DLL
0x00007fffd0aa0000 - 0x00007fffd0aa9000 	C:\WINDOWS\SYSTEM32\WSOCK32.dll
0x00007fffd0d90000 - 0x00007fffd0db4000 	C:\WINDOWS\SYSTEM32\WINMM.dll
0x00007fffd6780000 - 0x00007fffd67ef000 	C:\WINDOWS\System32\WS2_32.dll
0x00007fffd0d60000 - 0x00007fffd0d8d000 	C:\WINDOWS\SYSTEM32\winmmbase.dll
0x00007fffd4e90000 - 0x00007fffd4eda000 	C:\WINDOWS\System32\cfgmgr32.dll
0x00007fffd4620000 - 0x00007fffd4631000 	C:\WINDOWS\System32\kernel.appcore.dll
0x00007fffcf750000 - 0x00007fffcf75a000 	C:\Program Files\Java\jdk-14.0.1\bin\jimage.dll
0x00007fffd2e70000 - 0x00007fffd3064000 	C:\WINDOWS\SYSTEM32\DBGHELP.DLL
0x00007fffbd9a0000 - 0x00007fffbd9ca000 	C:\WINDOWS\SYSTEM32\dbgcore.DLL
0x00007fffcf740000 - 0x00007fffcf74e000 	C:\Program Files\Java\jdk-14.0.1\bin\instrument.dll
0x00007fffca2f0000 - 0x00007fffca315000 	C:\Program Files\Java\jdk-14.0.1\bin\java.dll
0x00007fffca150000 - 0x00007fffca166000 	C:\Program Files\Java\jdk-14.0.1\bin\zip.dll
0x00007fffd6d10000 - 0x00007fffd73f8000 	C:\WINDOWS\System32\SHELL32.dll
0x00007fffd7400000 - 0x00007fffd74a7000 	C:\WINDOWS\System32\shcore.dll
0x00007fffd5030000 - 0x00007fffd57ab000 	C:\WINDOWS\System32\windows.storage.dll
0x00007fffd4660000 - 0x00007fffd4683000 	C:\WINDOWS\System32\profapi.dll
0x00007fffd4690000 - 0x00007fffd46da000 	C:\WINDOWS\System32\powrprof.dll
0x00007fffd4610000 - 0x00007fffd4620000 	C:\WINDOWS\System32\UMPDC.dll
0x00007fffd6720000 - 0x00007fffd6772000 	C:\WINDOWS\System32\shlwapi.dll
0x00007fffd4e40000 - 0x00007fffd4e57000 	C:\WINDOWS\System32\cryptsp.dll
0x00007fffc8e90000 - 0x00007fffc8ea9000 	C:\Program Files\Java\jdk-14.0.1\bin\net.dll
0x00007fffcb670000 - 0x00007fffcb760000 	C:\WINDOWS\SYSTEM32\WINHTTP.dll
0x00007fffd3e50000 - 0x00007fffd3eb7000 	C:\WINDOWS\system32\mswsock.dll
0x00007fffc8e70000 - 0x00007fffc8e82000 	C:\Program Files\Java\jdk-14.0.1\bin\nio.dll
0x00007fffca470000 - 0x00007fffca480000 	C:\Program Files\Java\jdk-14.0.1\bin\verify.dll
0x00007fffcf650000 - 0x00007fffcf66a000 	C:\Program Files\JetBrains\IntelliJ IDEA 2020.1.1\bin\breakgen64.dll
0x00007fffab5d0000 - 0x00007fffab634000 	C:\Users\K&M\AppData\Local\Temp\lwjglK&M\3.2.3-build-13\lwjgl.dll
0x00007fffa8210000 - 0x00007fffa8272000 	C:\Users\K&M\AppData\Local\Temp\lwjglK&M\3.2.3-build-13\glfw.dll
0x00007fffd2510000 - 0x00007fffd25a9000 	C:\WINDOWS\system32\uxtheme.dll
0x00007fffb0e30000 - 0x00007fffb0e73000 	C:\WINDOWS\SYSTEM32\dinput8.dll
0x00007fffca330000 - 0x00007fffca341000 	C:\WINDOWS\SYSTEM32\xinput1_4.dll
0x00007fffd43f0000 - 0x00007fffd441a000 	C:\WINDOWS\SYSTEM32\DEVOBJ.dll
0x00007fffd2950000 - 0x00007fffd297d000 	C:\WINDOWS\SYSTEM32\dwmapi.dll
0x00007fffc9c90000 - 0x00007fffc9dac000 	C:\WINDOWS\SYSTEM32\inputhost.dll
0x00007fffd2060000 - 0x00007fffd2134000 	C:\WINDOWS\SYSTEM32\CoreMessaging.dll
0x00007fffcfda0000 - 0x00007fffcfef2000 	C:\WINDOWS\SYSTEM32\wintypes.dll
0x00007fffcffe0000 - 0x00007fffd030a000 	C:\WINDOWS\SYSTEM32\CoreUIComponents.dll
0x00007fffd0950000 - 0x00007fffd0a40000 	C:\WINDOWS\SYSTEM32\PROPSYS.dll
0x00007fffd6c40000 - 0x00007fffd6d05000 	C:\WINDOWS\System32\OLEAUT32.dll
0x00007fffd3650000 - 0x00007fffd3681000 	C:\WINDOWS\SYSTEM32\ntmarta.dll
0x00007fffd65d0000 - 0x00007fffd6705000 	C:\WINDOWS\System32\MSCTF.dll
0x00007fffd31f0000 - 0x00007fffd31fe000 	C:\WINDOWS\SYSTEM32\HID.DLL
0x00007fffd5da0000 - 0x00007fffd6210000 	C:\WINDOWS\System32\SETUPAPI.DLL
0x00007fffd4e60000 - 0x00007fffd4e86000 	C:\WINDOWS\System32\bcrypt.dll
0x00007fffd57b0000 - 0x00007fffd580c000 	C:\WINDOWS\System32\WINTRUST.dll
0x00007fffd4640000 - 0x00007fffd4652000 	C:\WINDOWS\System32\MSASN1.dll
0x00007fffd4ee0000 - 0x00007fffd502a000 	C:\WINDOWS\System32\CRYPT32.dll
0x00007fffa71c0000 - 0x00007fffa7316000 	C:\WINDOWS\SYSTEM32\opengl32.dll
0x00007fffca260000 - 0x00007fffca28c000 	C:\WINDOWS\SYSTEM32\GLU32.dll
0x00007fffd3250000 - 0x00007fffd3270000 	C:\WINDOWS\SYSTEM32\dxcore.dll
0x00007fff7e490000 - 0x00007fff80e18000 	C:\WINDOWS\System32\DriverStore\FileRepository\nv_dispi.inf_amd64_e44a509137af5639\nvoglv64.dll
0x00007fffd63f0000 - 0x00007fffd6547000 	C:\WINDOWS\System32\ole32.dll
0x00007fffd0be0000 - 0x00007fffd0bf3000 	C:\WINDOWS\SYSTEM32\WTSAPI32.dll
0x00007fffccc10000 - 0x00007fffccc3f000 	C:\WINDOWS\SYSTEM32\cryptnet.dll
0x00007fffd4020000 - 0x00007fffd402c000 	C:\WINDOWS\SYSTEM32\cryptbase.dll
0x00007fffa7480000 - 0x00007fffa7746000 	C:\WINDOWS\system32\nvspcap64.dll
0x00007fffd36c0000 - 0x00007fffd3716000 	C:\WINDOWS\SYSTEM32\WINSTA.dll
0x00007fffcf8b0000 - 0x00007fffcf94d000 	C:\WINDOWS\System32\TextInputFramework.dll
0x00007fffc46b0000 - 0x00007fffc4957000 	C:\WINDOWS\System32\iertutil.dll
0x00007fffa7160000 - 0x00007fffa71b9000 	C:\Users\K&M\AppData\Local\Temp\lwjglK&M\3.2.3-build-13\lwjgl_opengl.dll

dbghelp: loaded successfully - version: 4.0.5 - missing functions: none
symbol engine: initialized successfully - sym options: 0x614 - pdb path: .;C:\Program Files\Java\jdk-14.0.1\bin;C:\WINDOWS\SYSTEM32;C:\WINDOWS\WinSxS\amd64_microsoft.windows.common-controls_6595b64144ccf1df_6.0.18362.1316_none_9e7a364fe461dbd7;C:\Program Files\Java\jdk-14.0.1\bin\server;C:\Program Files\JetBrains\IntelliJ IDEA 2020.1.1\bin;C:\Users\K&M\AppData\Local\Temp\lwjglK&M\3.2.3-build-13;C:\WINDOWS\System32\DriverStore\FileRepository\nv_dispi.inf_amd64_e44a509137af5639

VM Arguments:
jvm_args: -javaagent:C:\Program Files\JetBrains\IntelliJ IDEA 2020.1.1\lib\idea_rt.jar=60733:C:\Program Files\JetBrains\IntelliJ IDEA 2020.1.1\bin -Dfile.encoding=UTF-8 
java_command: projekt.Projekt
java_class_path (initial): C:\Users\K&M\Desktop\uni zeug\1\bin;C:\Users\K&M\Desktop\uni zeug\1\lib\lwjgl-glfw-natives-linux.jar;C:\Users\K&M\Desktop\uni zeug\1\lib\lwjgl-glfw-natives-macos.jar;C:\Users\K&M\Desktop\uni zeug\1\lib\lwjgl-glfw-natives-windows.jar;C:\Users\K&M\Desktop\uni zeug\1\lib\lwjgl-glfw.jar;C:\Users\K&M\Desktop\uni zeug\1\lib\lwjgl-natives-linux.jar;C:\Users\K&M\Desktop\uni zeug\1\lib\lwjgl-natives-macos.jar;C:\Users\K&M\Desktop\uni zeug\1\lib\lwjgl-natives-windows.jar;C:\Users\K&M\Desktop\uni zeug\1\lib\lwjgl-opengl-natives-linux.jar;C:\Users\K&M\Desktop\uni zeug\1\lib\lwjgl-opengl-natives-macos.jar;C:\Users\K&M\Desktop\uni zeug\1\lib\lwjgl-opengl-natives-windows.jar;C:\Users\K&M\Desktop\uni zeug\1\lib\lwjgl-opengl.jar;C:\Users\K&M\Desktop\uni zeug\1\lib\lwjgl.jar
Launcher Type: SUN_STANDARD

[Global flags]
     intx CICompilerCount                          = 4                                         {product} {ergonomic}
     uint ConcGCThreads                            = 3                                         {product} {ergonomic}
     uint G1ConcRefinementThreads                  = 10                                        {product} {ergonomic}
   size_t G1HeapRegionSize                         = 1048576                                   {product} {ergonomic}
    uintx GCDrainStackTargetSize                   = 64                                        {product} {ergonomic}
   size_t InitialHeapSize                          = 402653184                                 {product} {ergonomic}
   size_t MarkStackSize                            = 4194304                                   {product} {ergonomic}
   size_t MaxHeapSize                              = 6417285120                                {product} {ergonomic}
   size_t MaxNewSize                               = 3850371072                                {product} {ergonomic}
   size_t MinHeapDeltaBytes                        = 1048576                                   {product} {ergonomic}
   size_t MinHeapSize                              = 8388608                                   {product} {ergonomic}
    uintx NonNMethodCodeHeapSize                   = 5839372                                {pd product} {ergonomic}
    uintx NonProfiledCodeHeapSize                  = 122909434                              {pd product} {ergonomic}
    uintx ProfiledCodeHeapSize                     = 122909434                              {pd product} {ergonomic}
    uintx ReservedCodeCacheSize                    = 251658240                              {pd product} {ergonomic}
     bool SegmentedCodeCache                       = true                                      {product} {ergonomic}
   size_t SoftMaxHeapSize                          = 6417285120                             {manageable} {ergonomic}
     bool UseCompressedClassPointers               = true                                 {lp64_product} {ergonomic}
     bool UseCompressedOops                        = true                                 {lp64_product} {ergonomic}
     bool UseG1GC                                  = true                                      {product} {ergonomic}
     bool UseLargePagesIndividualAllocation        = false                                  {pd product} {ergonomic}

Logging:
Log output configuration:
 #0: stdout all=warning uptime,level,tags
 #1: stderr all=off uptime,level,tags

Environment Variables:
PATH=C:\Program Files (x86)\Common Files\Oracle\Java\javapath;C:\Windows\system32;C:\Windows;C:\Windows\System32\Wbem;C:\Windows\System32\WindowsPowerShell\v1.0\;C:\Windows\System32\OpenSSH\;C:\Program Files (x86)\NVIDIA Corporation\PhysX\Common;C:\Program Files\NVIDIA Corporation\NVIDIA NvDLISR;C:\WINDOWS\system32;C:\WINDOWS;C:\WINDOWS\System32\Wbem;C:\WINDOWS\System32\WindowsPowerShell\v1.0\;C:\WINDOWS\System32\OpenSSH\;C:\Program Files\Git\cmd;C:\Program Files\dotnet\;C:\Users\K&M\AppData\Local\Microsoft\WindowsApps;;C:\Users\K&M\AppData\Local\Programs\Microsoft VS Code\bin;C:\Users\K&M\.dotnet\tools
USERNAME=K&M
OS=Windows_NT
PROCESSOR_IDENTIFIER=Intel64 Family 6 Model 63 Stepping 2, GenuineIntel



---------------  S Y S T E M  ---------------

OS: Windows 10 , 64 bit Build 18362 (10.0.18362.1316)
OS uptime: 4 days 7:49 hours

CPU:total 12 (initial active 12) (6 cores per cpu, 2 threads per core) family 6 model 63 stepping 2, cmov, cx8, fxsr, mmx, sse, sse2, sse3, ssse3, sse4.1, sse4.2, popcnt, avx, avx2, aes, clmul, erms, lzcnt, ht, tsc, tscinvbit, bmi1, bmi2, fma

Memory: 4k page, system-wide physical 24476M (17060M free)
TotalPageFile size 28060M (AvailPageFile size 16175M)
current process WorkingSet (physical memory assigned to process): 103M, peak: 103M
current process commit charge ("private bytes"): 538M, peak: 538M

vm_info: Java HotSpot(TM) 64-Bit Server VM (14.0.1+7) for windows-amd64 JRE (14.0.1+7), built on Mar  5 2020 10:30:14 by "mach5one" with MS VC++ 15.9 (VS2017)

END.
