#
# A fatal error has been detected by the Java Runtime Environment:
#
#  EXCEPTION_ACCESS_VIOLATION (0xc0000005) at pc=0x00007fff4b6e20ae, pid=33948, tid=32672
#
# JRE version: Java(TM) SE Runtime Environment (14.0.1+7) (build 14.0.1+7)
# Java VM: Java HotSpot(TM) 64-Bit Server VM (14.0.1+7, mixed mode, sharing, tiered, compressed oops, g1 gc, windows-amd64)
# Problematic frame:
# C  [nvoglv64.dll+0x11620ae]
#
# No core dump will be written. Minidumps are not enabled by default on client versions of Windows
#
# If you would like to submit a bug report, please visit:
#   https://bugreport.java.com/bugreport/crash.jsp
# The crash happened outside the Java Virtual Machine in native code.
# See problematic frame for where to report the bug.
#

---------------  S U M M A R Y ------------

Command Line: -javaagent:C:\Program Files\JetBrains\IntelliJ IDEA 2020.1.1\lib\idea_rt.jar=49593:C:\Program Files\JetBrains\IntelliJ IDEA 2020.1.1\bin -Dfile.encoding=UTF-8 projekt.Projekt

Host: Intel(R) Core(TM) i7-5930K CPU @ 3.50GHz, 12 cores, 23G,  Windows 10 , 64 bit Build 18362 (10.0.18362.1110)
Time: Sat Jan  2 16:48:43 2021 Mitteleuropäische Zeit elapsed time: 0 seconds (0d 0h 0m 0s)

---------------  T H R E A D  ---------------

Current thread (0x000002527a19e000):  JavaThread "main" [_thread_in_native, id=32672, stack(0x000000644c800000,0x000000644c900000)]

Stack: [0x000000644c800000,0x000000644c900000],  sp=0x000000644c8ff308,  free space=1020k
Native frames: (J=compiled Java code, j=interpreted, Vv=VM code, C=native code)
C  [nvoglv64.dll+0x11620ae]

Java frames: (J=compiled Java code, j=interpreted, Vv=VM code)
j  org.lwjgl.opengl.GL11C.glDrawArrays(III)V+0
j  org.lwjgl.opengl.GL11.glDrawArrays(III)V+3
j  projekt.Projekt.render()V+119
j  lenz.opengl.AbstractOpenGLBase.start(Ljava/lang/String;II)V+61
j  projekt.Projekt.main([Ljava/lang/String;)V+15
v  ~StubRoutines::call_stub

siginfo: EXCEPTION_ACCESS_VIOLATION (0xc0000005), reading address 0x0000000000000000


Register to memory mapping:

RIP=0x00007fff4b6e20ae nvoglv64.dll
RAX=0x000002523024ffa4 points into unknown readable memory: 00 00 00 00
RBX=0x0000000000000280 is an unknown value
RCX=0x0000000000000240 is an unknown value
RDX=0xfffffdadcfdb005c is an unknown value
RSP=0x000000644c8ff308 is pointing into the stack for thread: 0x000002527a19e000
RBP=0x0000000000000001 is an unknown value
RSI=0x0 is NULL
RDI=0x000002523024ffa4 points into unknown readable memory: 00 00 00 00
R8 =0x0000000000000240 is an unknown value
R9 =0x0000000000000024 is an unknown value
R10=0x0 is NULL
R11=0x000002523024ffa4 points into unknown readable memory: 00 00 00 00
R12=0x0 is NULL
R13=0x00007fff4a580000 nvoglv64.dll
R14=0x0 is NULL
R15=0x000002522b8ff438 points into unknown readable memory: 04 00 00 00 01 00 00 00


Registers:
RAX=0x000002523024ffa4, RBX=0x0000000000000280, RCX=0x0000000000000240, RDX=0xfffffdadcfdb005c
RSP=0x000000644c8ff308, RBP=0x0000000000000001, RSI=0x0000000000000000, RDI=0x000002523024ffa4
R8 =0x0000000000000240, R9 =0x0000000000000024, R10=0x0000000000000000, R11=0x000002523024ffa4
R12=0x0000000000000000, R13=0x00007fff4a580000, R14=0x0000000000000000, R15=0x000002522b8ff438
RIP=0x00007fff4b6e20ae, EFLAGS=0x0000000000010202

Top of Stack: (sp=0x000000644c8ff308)
0x000000644c8ff308:   0000000000000024 000002523024ffa4
0x000000644c8ff318:   00007fff4b10cc9c 00000252086fa1b3
0x000000644c8ff328:   0000000000000148 000002527a19e000
0x000000644c8ff338:   00007fff4af7ff2b 0000000000000000
0x000000644c8ff348:   0000000000000000 0000000000000000
0x000000644c8ff358:   000000000012810b 000002522b8ff438
0x000000644c8ff368:   00007fff4b10dbab 000002522b8fd080
0x000000644c8ff378:   0000000000000004 0000000000000024
0x000000644c8ff388:   00000252086ff260 000002527a19e000
0x000000644c8ff398:   000000644c8ff478 000002522a099688
0x000000644c8ff3a8:   0000000000000000 00000252086fa1b3
0x000000644c8ff3b8:   00000252086ff417 000002522a099690
0x000000644c8ff3c8:   000000644c8ff448 0000000000000148
0x000000644c8ff3d8:   0000000000000148 3ff0000000000024
0x000000644c8ff3e8:   000002527a19e000 0000000000000148
0x000000644c8ff3f8:   00000252086ff0b6 000000644c8ff400 

Instructions: (pc=0x00007fff4b6e20ae)
0x00007fff4b6e1fae:   cc cc cc cc cc cc cc cc 66 66 0f 1f 84 00 00 00
0x00007fff4b6e1fbe:   00 00 48 2b d1 49 83 f8 08 72 22 f6 c1 07 74 14
0x00007fff4b6e1fce:   66 90 8a 01 3a 04 11 75 2c 48 ff c1 49 ff c8 f6
0x00007fff4b6e1fde:   c1 07 75 ee 4d 8b c8 49 c1 e9 03 75 1f 4d 85 c0
0x00007fff4b6e1fee:   74 0f 8a 01 3a 04 11 75 0c 48 ff c1 49 ff c8 75
0x00007fff4b6e1ffe:   f1 48 33 c0 c3 1b c0 83 d8 ff c3 90 49 c1 e9 02
0x00007fff4b6e200e:   74 37 48 8b 01 48 3b 04 11 75 5b 48 8b 41 08 48
0x00007fff4b6e201e:   3b 44 11 08 75 4c 48 8b 41 10 48 3b 44 11 10 75
0x00007fff4b6e202e:   3d 48 8b 41 18 48 3b 44 11 18 75 2e 48 83 c1 20
0x00007fff4b6e203e:   49 ff c9 75 cd 49 83 e0 1f 4d 8b c8 49 c1 e9 03
0x00007fff4b6e204e:   74 9b 48 8b 01 48 3b 04 11 75 1b 48 83 c1 08 49
0x00007fff4b6e205e:   ff c9 75 ee 49 83 e0 07 eb 83 48 83 c1 08 48 83
0x00007fff4b6e206e:   c1 08 48 83 c1 08 48 8b 0c 0a 48 0f c8 48 0f c9
0x00007fff4b6e207e:   48 3b c1 1b c0 83 d8 ff c3 cc cc cc cc cc cc cc
0x00007fff4b6e208e:   cc cc cc cc cc cc cc cc 66 66 0f 1f 84 00 00 00
0x00007fff4b6e209e:   00 00 57 56 49 8b c3 48 8b f9 49 8b c8 49 8b f2
0x00007fff4b6e20ae:   f3 a4 5e 5f c3 cc cc cc cc cc cc 0f 1f 80 00 00
0x00007fff4b6e20be:   00 00 4c 8b d9 4c 8b d2 49 83 f8 10 76 54 49 83
0x00007fff4b6e20ce:   f8 20 76 2e 48 2b d1 73 0d 4b 8d 04 10 48 3b c8
0x00007fff4b6e20de:   0f 82 dc 02 00 00 49 81 f8 80 00 00 00 0f 86 0f
0x00007fff4b6e20ee:   02 00 00 f6 05 70 32 68 01 02 0f 84 52 01 00 00
0x00007fff4b6e20fe:   eb a0 0f 10 02 42 0f 10 4c 02 f0 0f 11 01 42 0f
0x00007fff4b6e210e:   11 4c 01 f0 48 8b c1 c3 66 66 0f 1f 84 00 00 00
0x00007fff4b6e211e:   00 00 48 8b c1 4c 8d 0d d6 de e9 fe 43 8b 8c 81
0x00007fff4b6e212e:   10 1a 93 02 49 03 c9 ff e1 66 0f 1f 84 00 00 00
0x00007fff4b6e213e:   00 00 c3 0f b7 0a 66 89 08 c3 48 8b 0a 48 89 08
0x00007fff4b6e214e:   c3 0f b7 0a 44 0f b6 42 02 66 89 08 44 88 40 02
0x00007fff4b6e215e:   c3 0f b6 0a 88 08 c3 f3 0f 6f 02 f3 0f 7f 00 c3
0x00007fff4b6e216e:   66 90 4c 8b 02 0f b7 4a 08 44 0f b6 4a 0a 4c 89
0x00007fff4b6e217e:   00 66 89 48 08 44 88 48 0a c3 8b 0a 89 08 c3 0f
0x00007fff4b6e218e:   1f 00 8b 0a 44 0f b6 42 04 89 08 44 88 40 04 c3
0x00007fff4b6e219e:   66 90 8b 0a 44 0f b7 42 04 89 08 66 44 89 40 04 


Stack slot to memory mapping:
stack at sp + 0 slots: 0x0000000000000024 is an unknown value
stack at sp + 1 slots: 0x000002523024ffa4 points into unknown readable memory: 00 00 00 00
stack at sp + 2 slots: 0x00007fff4b10cc9c nvoglv64.dll
stack at sp + 3 slots: 0x00000252086fa1b3 is at code_begin+2355 in an Interpreter codelet
invoke return entry points  [0x00000252086f9880, 0x00000252086fa2a0]  2592 bytes
stack at sp + 4 slots: 0x0000000000000148 is an unknown value
stack at sp + 5 slots: 0x000002527a19e000 is a thread
stack at sp + 6 slots: 0x00007fff4af7ff2b nvoglv64.dll
stack at sp + 7 slots: 0x0 is NULL


---------------  P R O C E S S  ---------------

Threads class SMR info:
_java_thread_list=0x00000252302c9b40, length=14, elements={
0x000002527a19e000, 0x0000025229672000, 0x0000025229673800, 0x000002522968a800,
0x000002522968d800, 0x000002522968f000, 0x0000025229695000, 0x0000025229696000,
0x00000252296aa000, 0x00000252297bd000, 0x00000252297bb800, 0x00000252297b9000,
0x00000252302c6800, 0x000002523038a000
}

Java Threads: ( => current thread )
=>0x000002527a19e000 JavaThread "main" [_thread_in_native, id=32672, stack(0x000000644c800000,0x000000644c900000)]
  0x0000025229672000 JavaThread "Reference Handler" daemon [_thread_blocked, id=32188, stack(0x000000644cf00000,0x000000644d000000)]
  0x0000025229673800 JavaThread "Finalizer" daemon [_thread_blocked, id=1940, stack(0x000000644d000000,0x000000644d100000)]
  0x000002522968a800 JavaThread "Signal Dispatcher" daemon [_thread_blocked, id=26740, stack(0x000000644d100000,0x000000644d200000)]
  0x000002522968d800 JavaThread "Attach Listener" daemon [_thread_blocked, id=33208, stack(0x000000644d200000,0x000000644d300000)]
  0x000002522968f000 JavaThread "Service Thread" daemon [_thread_blocked, id=30396, stack(0x000000644d300000,0x000000644d400000)]
  0x0000025229695000 JavaThread "C2 CompilerThread0" daemon [_thread_blocked, id=7060, stack(0x000000644d400000,0x000000644d500000)]
  0x0000025229696000 JavaThread "C1 CompilerThread0" daemon [_thread_blocked, id=35768, stack(0x000000644d500000,0x000000644d600000)]
  0x00000252296aa000 JavaThread "Sweeper thread" daemon [_thread_blocked, id=35300, stack(0x000000644d600000,0x000000644d700000)]
  0x00000252297bd000 JavaThread "Common-Cleaner" daemon [_thread_blocked, id=34932, stack(0x000000644d700000,0x000000644d800000)]
  0x00000252297bb800 JavaThread "Monitor Ctrl-Break" daemon [_thread_in_native, id=28936, stack(0x000000644d900000,0x000000644da00000)]
  0x00000252297b9000 JavaThread "Notification Thread" daemon [_thread_blocked, id=18020, stack(0x000000644da00000,0x000000644db00000)]
  0x00000252302c6800 JavaThread "C2 CompilerThread1" daemon [_thread_blocked, id=34328, stack(0x000000644d800000,0x000000644d900000)]
  0x000002523038a000 JavaThread "C2 CompilerThread2" daemon [_thread_blocked, id=35796, stack(0x000000644e300000,0x000000644e400000)]

Other Threads:
  0x0000025228d8e000 VMThread "VM Thread" [stack: 0x000000644ce00000,0x000000644cf00000] [id=34800]
  0x000002522a2b1000 WatcherThread [stack: 0x000000644db00000,0x000000644dc00000] [id=32532]
  0x000002527a22a800 GCTaskThread "GC Thread#0" [stack: 0x000000644c900000,0x000000644ca00000] [id=27964]
  0x000002527a25d000 ConcurrentGCThread "G1 Main Marker" [stack: 0x000000644ca00000,0x000000644cb00000] [id=4772]
  0x000002527a25e800 ConcurrentGCThread "G1 Conc#0" [stack: 0x000000644cb00000,0x000000644cc00000] [id=33052]
  0x0000025228d5a000 ConcurrentGCThread "G1 Refine#0" [stack: 0x000000644cc00000,0x000000644cd00000] [id=25708]
  0x0000025228d5b000 ConcurrentGCThread "G1 Young RemSet Sampling" [stack: 0x000000644cd00000,0x000000644ce00000] [id=34168]

Threads with active compile tasks:

VM state:not at safepoint (normal execution)

VM Mutex/Monitor currently owned by a thread: None

Heap address: 0x0000000681800000, size: 6120 MB, Compressed Oops mode: Zero based, Oop shift amount: 3
Narrow klass base: 0x0000000800000000, Narrow klass shift: 3
Compressed class space size: 1073741824 Address: 0x0000000800b30000

Heap:
 garbage-first heap   total 393216K, used 20480K [0x0000000681800000, 0x0000000800000000)
  region size 1024K, 22 young (22528K), 0 survivors (0K)
 Metaspace       used 6124K, capacity 8624K, committed 8832K, reserved 1056768K
  class space    used 364K, capacity 626K, committed 640K, reserved 1048576K
Heap Regions: E=young(eden), S=young(survivor), O=old, HS=humongous(starts), HC=humongous(continues), CS=collection set, F=free, OA=open archive, CA=closed archive, TAMS=top-at-mark-start (previous, next)
|   0|0x0000000681800000, 0x0000000681800000, 0x0000000681900000|  0%| F|  |TAMS 0x0000000681800000, 0x0000000681800000| Untracked 
|   1|0x0000000681900000, 0x0000000681900000, 0x0000000681a00000|  0%| F|  |TAMS 0x0000000681900000, 0x0000000681900000| Untracked 
|   2|0x0000000681a00000, 0x0000000681a00000, 0x0000000681b00000|  0%| F|  |TAMS 0x0000000681a00000, 0x0000000681a00000| Untracked 
|   3|0x0000000681b00000, 0x0000000681b00000, 0x0000000681c00000|  0%| F|  |TAMS 0x0000000681b00000, 0x0000000681b00000| Untracked 
|   4|0x0000000681c00000, 0x0000000681c00000, 0x0000000681d00000|  0%| F|  |TAMS 0x0000000681c00000, 0x0000000681c00000| Untracked 
|   5|0x0000000681d00000, 0x0000000681d00000, 0x0000000681e00000|  0%| F|  |TAMS 0x0000000681d00000, 0x0000000681d00000| Untracked 
|   6|0x0000000681e00000, 0x0000000681e00000, 0x0000000681f00000|  0%| F|  |TAMS 0x0000000681e00000, 0x0000000681e00000| Untracked 
|   7|0x0000000681f00000, 0x0000000681f00000, 0x0000000682000000|  0%| F|  |TAMS 0x0000000681f00000, 0x0000000681f00000| Untracked 
|   8|0x0000000682000000, 0x0000000682000000, 0x0000000682100000|  0%| F|  |TAMS 0x0000000682000000, 0x0000000682000000| Untracked 
|   9|0x0000000682100000, 0x0000000682100000, 0x0000000682200000|  0%| F|  |TAMS 0x0000000682100000, 0x0000000682100000| Untracked 
|  10|0x0000000682200000, 0x0000000682200000, 0x0000000682300000|  0%| F|  |TAMS 0x0000000682200000, 0x0000000682200000| Untracked 
|  11|0x0000000682300000, 0x0000000682300000, 0x0000000682400000|  0%| F|  |TAMS 0x0000000682300000, 0x0000000682300000| Untracked 
|  12|0x0000000682400000, 0x0000000682400000, 0x0000000682500000|  0%| F|  |TAMS 0x0000000682400000, 0x0000000682400000| Untracked 
|  13|0x0000000682500000, 0x0000000682500000, 0x0000000682600000|  0%| F|  |TAMS 0x0000000682500000, 0x0000000682500000| Untracked 
|  14|0x0000000682600000, 0x0000000682600000, 0x0000000682700000|  0%| F|  |TAMS 0x0000000682600000, 0x0000000682600000| Untracked 
|  15|0x0000000682700000, 0x0000000682700000, 0x0000000682800000|  0%| F|  |TAMS 0x0000000682700000, 0x0000000682700000| Untracked 
|  16|0x0000000682800000, 0x0000000682800000, 0x0000000682900000|  0%| F|  |TAMS 0x0000000682800000, 0x0000000682800000| Untracked 
|  17|0x0000000682900000, 0x0000000682900000, 0x0000000682a00000|  0%| F|  |TAMS 0x0000000682900000, 0x0000000682900000| Untracked 
|  18|0x0000000682a00000, 0x0000000682a00000, 0x0000000682b00000|  0%| F|  |TAMS 0x0000000682a00000, 0x0000000682a00000| Untracked 
|  19|0x0000000682b00000, 0x0000000682b00000, 0x0000000682c00000|  0%| F|  |TAMS 0x0000000682b00000, 0x0000000682b00000| Untracked 
|  20|0x0000000682c00000, 0x0000000682c00000, 0x0000000682d00000|  0%| F|  |TAMS 0x0000000682c00000, 0x0000000682c00000| Untracked 
|  21|0x0000000682d00000, 0x0000000682d00000, 0x0000000682e00000|  0%| F|  |TAMS 0x0000000682d00000, 0x0000000682d00000| Untracked 
|  22|0x0000000682e00000, 0x0000000682e00000, 0x0000000682f00000|  0%| F|  |TAMS 0x0000000682e00000, 0x0000000682e00000| Untracked 
|  23|0x0000000682f00000, 0x0000000682f00000, 0x0000000683000000|  0%| F|  |TAMS 0x0000000682f00000, 0x0000000682f00000| Untracked 
|  24|0x0000000683000000, 0x0000000683000000, 0x0000000683100000|  0%| F|  |TAMS 0x0000000683000000, 0x0000000683000000| Untracked 
|  25|0x0000000683100000, 0x0000000683100000, 0x0000000683200000|  0%| F|  |TAMS 0x0000000683100000, 0x0000000683100000| Untracked 
|  26|0x0000000683200000, 0x0000000683200000, 0x0000000683300000|  0%| F|  |TAMS 0x0000000683200000, 0x0000000683200000| Untracked 
|  27|0x0000000683300000, 0x0000000683300000, 0x0000000683400000|  0%| F|  |TAMS 0x0000000683300000, 0x0000000683300000| Untracked 
|  28|0x0000000683400000, 0x0000000683400000, 0x0000000683500000|  0%| F|  |TAMS 0x0000000683400000, 0x0000000683400000| Untracked 
|  29|0x0000000683500000, 0x0000000683500000, 0x0000000683600000|  0%| F|  |TAMS 0x0000000683500000, 0x0000000683500000| Untracked 
|  30|0x0000000683600000, 0x0000000683600000, 0x0000000683700000|  0%| F|  |TAMS 0x0000000683600000, 0x0000000683600000| Untracked 
|  31|0x0000000683700000, 0x0000000683700000, 0x0000000683800000|  0%| F|  |TAMS 0x0000000683700000, 0x0000000683700000| Untracked 
|  32|0x0000000683800000, 0x0000000683800000, 0x0000000683900000|  0%| F|  |TAMS 0x0000000683800000, 0x0000000683800000| Untracked 
|  33|0x0000000683900000, 0x0000000683900000, 0x0000000683a00000|  0%| F|  |TAMS 0x0000000683900000, 0x0000000683900000| Untracked 
|  34|0x0000000683a00000, 0x0000000683a00000, 0x0000000683b00000|  0%| F|  |TAMS 0x0000000683a00000, 0x0000000683a00000| Untracked 
|  35|0x0000000683b00000, 0x0000000683b00000, 0x0000000683c00000|  0%| F|  |TAMS 0x0000000683b00000, 0x0000000683b00000| Untracked 
|  36|0x0000000683c00000, 0x0000000683c00000, 0x0000000683d00000|  0%| F|  |TAMS 0x0000000683c00000, 0x0000000683c00000| Untracked 
|  37|0x0000000683d00000, 0x0000000683d00000, 0x0000000683e00000|  0%| F|  |TAMS 0x0000000683d00000, 0x0000000683d00000| Untracked 
|  38|0x0000000683e00000, 0x0000000683e00000, 0x0000000683f00000|  0%| F|  |TAMS 0x0000000683e00000, 0x0000000683e00000| Untracked 
|  39|0x0000000683f00000, 0x0000000683f00000, 0x0000000684000000|  0%| F|  |TAMS 0x0000000683f00000, 0x0000000683f00000| Untracked 
|  40|0x0000000684000000, 0x0000000684000000, 0x0000000684100000|  0%| F|  |TAMS 0x0000000684000000, 0x0000000684000000| Untracked 
|  41|0x0000000684100000, 0x0000000684100000, 0x0000000684200000|  0%| F|  |TAMS 0x0000000684100000, 0x0000000684100000| Untracked 
|  42|0x0000000684200000, 0x0000000684200000, 0x0000000684300000|  0%| F|  |TAMS 0x0000000684200000, 0x0000000684200000| Untracked 
|  43|0x0000000684300000, 0x0000000684300000, 0x0000000684400000|  0%| F|  |TAMS 0x0000000684300000, 0x0000000684300000| Untracked 
|  44|0x0000000684400000, 0x0000000684400000, 0x0000000684500000|  0%| F|  |TAMS 0x0000000684400000, 0x0000000684400000| Untracked 
|  45|0x0000000684500000, 0x0000000684500000, 0x0000000684600000|  0%| F|  |TAMS 0x0000000684500000, 0x0000000684500000| Untracked 
|  46|0x0000000684600000, 0x0000000684600000, 0x0000000684700000|  0%| F|  |TAMS 0x0000000684600000, 0x0000000684600000| Untracked 
|  47|0x0000000684700000, 0x0000000684700000, 0x0000000684800000|  0%| F|  |TAMS 0x0000000684700000, 0x0000000684700000| Untracked 
|  48|0x0000000684800000, 0x0000000684800000, 0x0000000684900000|  0%| F|  |TAMS 0x0000000684800000, 0x0000000684800000| Untracked 
|  49|0x0000000684900000, 0x0000000684900000, 0x0000000684a00000|  0%| F|  |TAMS 0x0000000684900000, 0x0000000684900000| Untracked 
|  50|0x0000000684a00000, 0x0000000684a00000, 0x0000000684b00000|  0%| F|  |TAMS 0x0000000684a00000, 0x0000000684a00000| Untracked 
|  51|0x0000000684b00000, 0x0000000684b00000, 0x0000000684c00000|  0%| F|  |TAMS 0x0000000684b00000, 0x0000000684b00000| Untracked 
|  52|0x0000000684c00000, 0x0000000684c00000, 0x0000000684d00000|  0%| F|  |TAMS 0x0000000684c00000, 0x0000000684c00000| Untracked 
|  53|0x0000000684d00000, 0x0000000684d00000, 0x0000000684e00000|  0%| F|  |TAMS 0x0000000684d00000, 0x0000000684d00000| Untracked 
|  54|0x0000000684e00000, 0x0000000684e00000, 0x0000000684f00000|  0%| F|  |TAMS 0x0000000684e00000, 0x0000000684e00000| Untracked 
|  55|0x0000000684f00000, 0x0000000684f00000, 0x0000000685000000|  0%| F|  |TAMS 0x0000000684f00000, 0x0000000684f00000| Untracked 
|  56|0x0000000685000000, 0x0000000685000000, 0x0000000685100000|  0%| F|  |TAMS 0x0000000685000000, 0x0000000685000000| Untracked 
|  57|0x0000000685100000, 0x0000000685100000, 0x0000000685200000|  0%| F|  |TAMS 0x0000000685100000, 0x0000000685100000| Untracked 
|  58|0x0000000685200000, 0x0000000685200000, 0x0000000685300000|  0%| F|  |TAMS 0x0000000685200000, 0x0000000685200000| Untracked 
|  59|0x0000000685300000, 0x0000000685300000, 0x0000000685400000|  0%| F|  |TAMS 0x0000000685300000, 0x0000000685300000| Untracked 
|  60|0x0000000685400000, 0x0000000685400000, 0x0000000685500000|  0%| F|  |TAMS 0x0000000685400000, 0x0000000685400000| Untracked 
|  61|0x0000000685500000, 0x0000000685500000, 0x0000000685600000|  0%| F|  |TAMS 0x0000000685500000, 0x0000000685500000| Untracked 
|  62|0x0000000685600000, 0x0000000685600000, 0x0000000685700000|  0%| F|  |TAMS 0x0000000685600000, 0x0000000685600000| Untracked 
|  63|0x0000000685700000, 0x0000000685700000, 0x0000000685800000|  0%| F|  |TAMS 0x0000000685700000, 0x0000000685700000| Untracked 
|  64|0x0000000685800000, 0x0000000685800000, 0x0000000685900000|  0%| F|  |TAMS 0x0000000685800000, 0x0000000685800000| Untracked 
|  65|0x0000000685900000, 0x0000000685900000, 0x0000000685a00000|  0%| F|  |TAMS 0x0000000685900000, 0x0000000685900000| Untracked 
|  66|0x0000000685a00000, 0x0000000685a00000, 0x0000000685b00000|  0%| F|  |TAMS 0x0000000685a00000, 0x0000000685a00000| Untracked 
|  67|0x0000000685b00000, 0x0000000685b00000, 0x0000000685c00000|  0%| F|  |TAMS 0x0000000685b00000, 0x0000000685b00000| Untracked 
|  68|0x0000000685c00000, 0x0000000685c00000, 0x0000000685d00000|  0%| F|  |TAMS 0x0000000685c00000, 0x0000000685c00000| Untracked 
|  69|0x0000000685d00000, 0x0000000685d00000, 0x0000000685e00000|  0%| F|  |TAMS 0x0000000685d00000, 0x0000000685d00000| Untracked 
|  70|0x0000000685e00000, 0x0000000685e00000, 0x0000000685f00000|  0%| F|  |TAMS 0x0000000685e00000, 0x0000000685e00000| Untracked 
|  71|0x0000000685f00000, 0x0000000685f00000, 0x0000000686000000|  0%| F|  |TAMS 0x0000000685f00000, 0x0000000685f00000| Untracked 
|  72|0x0000000686000000, 0x0000000686000000, 0x0000000686100000|  0%| F|  |TAMS 0x0000000686000000, 0x0000000686000000| Untracked 
|  73|0x0000000686100000, 0x0000000686100000, 0x0000000686200000|  0%| F|  |TAMS 0x0000000686100000, 0x0000000686100000| Untracked 
|  74|0x0000000686200000, 0x0000000686200000, 0x0000000686300000|  0%| F|  |TAMS 0x0000000686200000, 0x0000000686200000| Untracked 
|  75|0x0000000686300000, 0x0000000686300000, 0x0000000686400000|  0%| F|  |TAMS 0x0000000686300000, 0x0000000686300000| Untracked 
|  76|0x0000000686400000, 0x0000000686400000, 0x0000000686500000|  0%| F|  |TAMS 0x0000000686400000, 0x0000000686400000| Untracked 
|  77|0x0000000686500000, 0x0000000686500000, 0x0000000686600000|  0%| F|  |TAMS 0x0000000686500000, 0x0000000686500000| Untracked 
|  78|0x0000000686600000, 0x0000000686600000, 0x0000000686700000|  0%| F|  |TAMS 0x0000000686600000, 0x0000000686600000| Untracked 
|  79|0x0000000686700000, 0x0000000686700000, 0x0000000686800000|  0%| F|  |TAMS 0x0000000686700000, 0x0000000686700000| Untracked 
|  80|0x0000000686800000, 0x0000000686800000, 0x0000000686900000|  0%| F|  |TAMS 0x0000000686800000, 0x0000000686800000| Untracked 
|  81|0x0000000686900000, 0x0000000686900000, 0x0000000686a00000|  0%| F|  |TAMS 0x0000000686900000, 0x0000000686900000| Untracked 
|  82|0x0000000686a00000, 0x0000000686a00000, 0x0000000686b00000|  0%| F|  |TAMS 0x0000000686a00000, 0x0000000686a00000| Untracked 
|  83|0x0000000686b00000, 0x0000000686b00000, 0x0000000686c00000|  0%| F|  |TAMS 0x0000000686b00000, 0x0000000686b00000| Untracked 
|  84|0x0000000686c00000, 0x0000000686c00000, 0x0000000686d00000|  0%| F|  |TAMS 0x0000000686c00000, 0x0000000686c00000| Untracked 
|  85|0x0000000686d00000, 0x0000000686d00000, 0x0000000686e00000|  0%| F|  |TAMS 0x0000000686d00000, 0x0000000686d00000| Untracked 
|  86|0x0000000686e00000, 0x0000000686e00000, 0x0000000686f00000|  0%| F|  |TAMS 0x0000000686e00000, 0x0000000686e00000| Untracked 
|  87|0x0000000686f00000, 0x0000000686f00000, 0x0000000687000000|  0%| F|  |TAMS 0x0000000686f00000, 0x0000000686f00000| Untracked 
|  88|0x0000000687000000, 0x0000000687000000, 0x0000000687100000|  0%| F|  |TAMS 0x0000000687000000, 0x0000000687000000| Untracked 
|  89|0x0000000687100000, 0x0000000687100000, 0x0000000687200000|  0%| F|  |TAMS 0x0000000687100000, 0x0000000687100000| Untracked 
|  90|0x0000000687200000, 0x0000000687200000, 0x0000000687300000|  0%| F|  |TAMS 0x0000000687200000, 0x0000000687200000| Untracked 
|  91|0x0000000687300000, 0x0000000687300000, 0x0000000687400000|  0%| F|  |TAMS 0x0000000687300000, 0x0000000687300000| Untracked 
|  92|0x0000000687400000, 0x0000000687400000, 0x0000000687500000|  0%| F|  |TAMS 0x0000000687400000, 0x0000000687400000| Untracked 
|  93|0x0000000687500000, 0x0000000687500000, 0x0000000687600000|  0%| F|  |TAMS 0x0000000687500000, 0x0000000687500000| Untracked 
|  94|0x0000000687600000, 0x0000000687600000, 0x0000000687700000|  0%| F|  |TAMS 0x0000000687600000, 0x0000000687600000| Untracked 
|  95|0x0000000687700000, 0x0000000687700000, 0x0000000687800000|  0%| F|  |TAMS 0x0000000687700000, 0x0000000687700000| Untracked 
|  96|0x0000000687800000, 0x0000000687800000, 0x0000000687900000|  0%| F|  |TAMS 0x0000000687800000, 0x0000000687800000| Untracked 
|  97|0x0000000687900000, 0x0000000687900000, 0x0000000687a00000|  0%| F|  |TAMS 0x0000000687900000, 0x0000000687900000| Untracked 
|  98|0x0000000687a00000, 0x0000000687a00000, 0x0000000687b00000|  0%| F|  |TAMS 0x0000000687a00000, 0x0000000687a00000| Untracked 
|  99|0x0000000687b00000, 0x0000000687b00000, 0x0000000687c00000|  0%| F|  |TAMS 0x0000000687b00000, 0x0000000687b00000| Untracked 
| 100|0x0000000687c00000, 0x0000000687c00000, 0x0000000687d00000|  0%| F|  |TAMS 0x0000000687c00000, 0x0000000687c00000| Untracked 
| 101|0x0000000687d00000, 0x0000000687d00000, 0x0000000687e00000|  0%| F|  |TAMS 0x0000000687d00000, 0x0000000687d00000| Untracked 
| 102|0x0000000687e00000, 0x0000000687e00000, 0x0000000687f00000|  0%| F|  |TAMS 0x0000000687e00000, 0x0000000687e00000| Untracked 
| 103|0x0000000687f00000, 0x0000000687f00000, 0x0000000688000000|  0%| F|  |TAMS 0x0000000687f00000, 0x0000000687f00000| Untracked 
| 104|0x0000000688000000, 0x0000000688000000, 0x0000000688100000|  0%| F|  |TAMS 0x0000000688000000, 0x0000000688000000| Untracked 
| 105|0x0000000688100000, 0x0000000688100000, 0x0000000688200000|  0%| F|  |TAMS 0x0000000688100000, 0x0000000688100000| Untracked 
| 106|0x0000000688200000, 0x0000000688200000, 0x0000000688300000|  0%| F|  |TAMS 0x0000000688200000, 0x0000000688200000| Untracked 
| 107|0x0000000688300000, 0x0000000688300000, 0x0000000688400000|  0%| F|  |TAMS 0x0000000688300000, 0x0000000688300000| Untracked 
| 108|0x0000000688400000, 0x0000000688400000, 0x0000000688500000|  0%| F|  |TAMS 0x0000000688400000, 0x0000000688400000| Untracked 
| 109|0x0000000688500000, 0x0000000688500000, 0x0000000688600000|  0%| F|  |TAMS 0x0000000688500000, 0x0000000688500000| Untracked 
| 110|0x0000000688600000, 0x0000000688600000, 0x0000000688700000|  0%| F|  |TAMS 0x0000000688600000, 0x0000000688600000| Untracked 
| 111|0x0000000688700000, 0x0000000688700000, 0x0000000688800000|  0%| F|  |TAMS 0x0000000688700000, 0x0000000688700000| Untracked 
| 112|0x0000000688800000, 0x0000000688800000, 0x0000000688900000|  0%| F|  |TAMS 0x0000000688800000, 0x0000000688800000| Untracked 
| 113|0x0000000688900000, 0x0000000688900000, 0x0000000688a00000|  0%| F|  |TAMS 0x0000000688900000, 0x0000000688900000| Untracked 
| 114|0x0000000688a00000, 0x0000000688a00000, 0x0000000688b00000|  0%| F|  |TAMS 0x0000000688a00000, 0x0000000688a00000| Untracked 
| 115|0x0000000688b00000, 0x0000000688b00000, 0x0000000688c00000|  0%| F|  |TAMS 0x0000000688b00000, 0x0000000688b00000| Untracked 
| 116|0x0000000688c00000, 0x0000000688c00000, 0x0000000688d00000|  0%| F|  |TAMS 0x0000000688c00000, 0x0000000688c00000| Untracked 
| 117|0x0000000688d00000, 0x0000000688d00000, 0x0000000688e00000|  0%| F|  |TAMS 0x0000000688d00000, 0x0000000688d00000| Untracked 
| 118|0x0000000688e00000, 0x0000000688e00000, 0x0000000688f00000|  0%| F|  |TAMS 0x0000000688e00000, 0x0000000688e00000| Untracked 
| 119|0x0000000688f00000, 0x0000000688f00000, 0x0000000689000000|  0%| F|  |TAMS 0x0000000688f00000, 0x0000000688f00000| Untracked 
| 120|0x0000000689000000, 0x0000000689000000, 0x0000000689100000|  0%| F|  |TAMS 0x0000000689000000, 0x0000000689000000| Untracked 
| 121|0x0000000689100000, 0x0000000689100000, 0x0000000689200000|  0%| F|  |TAMS 0x0000000689100000, 0x0000000689100000| Untracked 
| 122|0x0000000689200000, 0x0000000689200000, 0x0000000689300000|  0%| F|  |TAMS 0x0000000689200000, 0x0000000689200000| Untracked 
| 123|0x0000000689300000, 0x0000000689300000, 0x0000000689400000|  0%| F|  |TAMS 0x0000000689300000, 0x0000000689300000| Untracked 
| 124|0x0000000689400000, 0x0000000689400000, 0x0000000689500000|  0%| F|  |TAMS 0x0000000689400000, 0x0000000689400000| Untracked 
| 125|0x0000000689500000, 0x0000000689500000, 0x0000000689600000|  0%| F|  |TAMS 0x0000000689500000, 0x0000000689500000| Untracked 
| 126|0x0000000689600000, 0x0000000689600000, 0x0000000689700000|  0%| F|  |TAMS 0x0000000689600000, 0x0000000689600000| Untracked 
| 127|0x0000000689700000, 0x0000000689700000, 0x0000000689800000|  0%| F|  |TAMS 0x0000000689700000, 0x0000000689700000| Untracked 
| 128|0x0000000689800000, 0x0000000689800000, 0x0000000689900000|  0%| F|  |TAMS 0x0000000689800000, 0x0000000689800000| Untracked 
| 129|0x0000000689900000, 0x0000000689900000, 0x0000000689a00000|  0%| F|  |TAMS 0x0000000689900000, 0x0000000689900000| Untracked 
| 130|0x0000000689a00000, 0x0000000689a00000, 0x0000000689b00000|  0%| F|  |TAMS 0x0000000689a00000, 0x0000000689a00000| Untracked 
| 131|0x0000000689b00000, 0x0000000689b00000, 0x0000000689c00000|  0%| F|  |TAMS 0x0000000689b00000, 0x0000000689b00000| Untracked 
| 132|0x0000000689c00000, 0x0000000689c00000, 0x0000000689d00000|  0%| F|  |TAMS 0x0000000689c00000, 0x0000000689c00000| Untracked 
| 133|0x0000000689d00000, 0x0000000689d00000, 0x0000000689e00000|  0%| F|  |TAMS 0x0000000689d00000, 0x0000000689d00000| Untracked 
| 134|0x0000000689e00000, 0x0000000689e00000, 0x0000000689f00000|  0%| F|  |TAMS 0x0000000689e00000, 0x0000000689e00000| Untracked 
| 135|0x0000000689f00000, 0x0000000689f00000, 0x000000068a000000|  0%| F|  |TAMS 0x0000000689f00000, 0x0000000689f00000| Untracked 
| 136|0x000000068a000000, 0x000000068a000000, 0x000000068a100000|  0%| F|  |TAMS 0x000000068a000000, 0x000000068a000000| Untracked 
| 137|0x000000068a100000, 0x000000068a100000, 0x000000068a200000|  0%| F|  |TAMS 0x000000068a100000, 0x000000068a100000| Untracked 
| 138|0x000000068a200000, 0x000000068a200000, 0x000000068a300000|  0%| F|  |TAMS 0x000000068a200000, 0x000000068a200000| Untracked 
| 139|0x000000068a300000, 0x000000068a300000, 0x000000068a400000|  0%| F|  |TAMS 0x000000068a300000, 0x000000068a300000| Untracked 
| 140|0x000000068a400000, 0x000000068a400000, 0x000000068a500000|  0%| F|  |TAMS 0x000000068a400000, 0x000000068a400000| Untracked 
| 141|0x000000068a500000, 0x000000068a500000, 0x000000068a600000|  0%| F|  |TAMS 0x000000068a500000, 0x000000068a500000| Untracked 
| 142|0x000000068a600000, 0x000000068a600000, 0x000000068a700000|  0%| F|  |TAMS 0x000000068a600000, 0x000000068a600000| Untracked 
| 143|0x000000068a700000, 0x000000068a700000, 0x000000068a800000|  0%| F|  |TAMS 0x000000068a700000, 0x000000068a700000| Untracked 
| 144|0x000000068a800000, 0x000000068a800000, 0x000000068a900000|  0%| F|  |TAMS 0x000000068a800000, 0x000000068a800000| Untracked 
| 145|0x000000068a900000, 0x000000068a900000, 0x000000068aa00000|  0%| F|  |TAMS 0x000000068a900000, 0x000000068a900000| Untracked 
| 146|0x000000068aa00000, 0x000000068aa00000, 0x000000068ab00000|  0%| F|  |TAMS 0x000000068aa00000, 0x000000068aa00000| Untracked 
| 147|0x000000068ab00000, 0x000000068ab00000, 0x000000068ac00000|  0%| F|  |TAMS 0x000000068ab00000, 0x000000068ab00000| Untracked 
| 148|0x000000068ac00000, 0x000000068ac00000, 0x000000068ad00000|  0%| F|  |TAMS 0x000000068ac00000, 0x000000068ac00000| Untracked 
| 149|0x000000068ad00000, 0x000000068ad00000, 0x000000068ae00000|  0%| F|  |TAMS 0x000000068ad00000, 0x000000068ad00000| Untracked 
| 150|0x000000068ae00000, 0x000000068ae00000, 0x000000068af00000|  0%| F|  |TAMS 0x000000068ae00000, 0x000000068ae00000| Untracked 
| 151|0x000000068af00000, 0x000000068af00000, 0x000000068b000000|  0%| F|  |TAMS 0x000000068af00000, 0x000000068af00000| Untracked 
| 152|0x000000068b000000, 0x000000068b000000, 0x000000068b100000|  0%| F|  |TAMS 0x000000068b000000, 0x000000068b000000| Untracked 
| 153|0x000000068b100000, 0x000000068b100000, 0x000000068b200000|  0%| F|  |TAMS 0x000000068b100000, 0x000000068b100000| Untracked 
| 154|0x000000068b200000, 0x000000068b200000, 0x000000068b300000|  0%| F|  |TAMS 0x000000068b200000, 0x000000068b200000| Untracked 
| 155|0x000000068b300000, 0x000000068b300000, 0x000000068b400000|  0%| F|  |TAMS 0x000000068b300000, 0x000000068b300000| Untracked 
| 156|0x000000068b400000, 0x000000068b400000, 0x000000068b500000|  0%| F|  |TAMS 0x000000068b400000, 0x000000068b400000| Untracked 
| 157|0x000000068b500000, 0x000000068b500000, 0x000000068b600000|  0%| F|  |TAMS 0x000000068b500000, 0x000000068b500000| Untracked 
| 158|0x000000068b600000, 0x000000068b600000, 0x000000068b700000|  0%| F|  |TAMS 0x000000068b600000, 0x000000068b600000| Untracked 
| 159|0x000000068b700000, 0x000000068b700000, 0x000000068b800000|  0%| F|  |TAMS 0x000000068b700000, 0x000000068b700000| Untracked 
| 160|0x000000068b800000, 0x000000068b800000, 0x000000068b900000|  0%| F|  |TAMS 0x000000068b800000, 0x000000068b800000| Untracked 
| 161|0x000000068b900000, 0x000000068b900000, 0x000000068ba00000|  0%| F|  |TAMS 0x000000068b900000, 0x000000068b900000| Untracked 
| 162|0x000000068ba00000, 0x000000068ba00000, 0x000000068bb00000|  0%| F|  |TAMS 0x000000068ba00000, 0x000000068ba00000| Untracked 
| 163|0x000000068bb00000, 0x000000068bb00000, 0x000000068bc00000|  0%| F|  |TAMS 0x000000068bb00000, 0x000000068bb00000| Untracked 
| 164|0x000000068bc00000, 0x000000068bc00000, 0x000000068bd00000|  0%| F|  |TAMS 0x000000068bc00000, 0x000000068bc00000| Untracked 
| 165|0x000000068bd00000, 0x000000068bd00000, 0x000000068be00000|  0%| F|  |TAMS 0x000000068bd00000, 0x000000068bd00000| Untracked 
| 166|0x000000068be00000, 0x000000068be00000, 0x000000068bf00000|  0%| F|  |TAMS 0x000000068be00000, 0x000000068be00000| Untracked 
| 167|0x000000068bf00000, 0x000000068bf00000, 0x000000068c000000|  0%| F|  |TAMS 0x000000068bf00000, 0x000000068bf00000| Untracked 
| 168|0x000000068c000000, 0x000000068c000000, 0x000000068c100000|  0%| F|  |TAMS 0x000000068c000000, 0x000000068c000000| Untracked 
| 169|0x000000068c100000, 0x000000068c100000, 0x000000068c200000|  0%| F|  |TAMS 0x000000068c100000, 0x000000068c100000| Untracked 
| 170|0x000000068c200000, 0x000000068c200000, 0x000000068c300000|  0%| F|  |TAMS 0x000000068c200000, 0x000000068c200000| Untracked 
| 171|0x000000068c300000, 0x000000068c300000, 0x000000068c400000|  0%| F|  |TAMS 0x000000068c300000, 0x000000068c300000| Untracked 
| 172|0x000000068c400000, 0x000000068c400000, 0x000000068c500000|  0%| F|  |TAMS 0x000000068c400000, 0x000000068c400000| Untracked 
| 173|0x000000068c500000, 0x000000068c500000, 0x000000068c600000|  0%| F|  |TAMS 0x000000068c500000, 0x000000068c500000| Untracked 
| 174|0x000000068c600000, 0x000000068c600000, 0x000000068c700000|  0%| F|  |TAMS 0x000000068c600000, 0x000000068c600000| Untracked 
| 175|0x000000068c700000, 0x000000068c700000, 0x000000068c800000|  0%| F|  |TAMS 0x000000068c700000, 0x000000068c700000| Untracked 
| 176|0x000000068c800000, 0x000000068c800000, 0x000000068c900000|  0%| F|  |TAMS 0x000000068c800000, 0x000000068c800000| Untracked 
| 177|0x000000068c900000, 0x000000068c900000, 0x000000068ca00000|  0%| F|  |TAMS 0x000000068c900000, 0x000000068c900000| Untracked 
| 178|0x000000068ca00000, 0x000000068ca00000, 0x000000068cb00000|  0%| F|  |TAMS 0x000000068ca00000, 0x000000068ca00000| Untracked 
| 179|0x000000068cb00000, 0x000000068cb00000, 0x000000068cc00000|  0%| F|  |TAMS 0x000000068cb00000, 0x000000068cb00000| Untracked 
| 180|0x000000068cc00000, 0x000000068cc00000, 0x000000068cd00000|  0%| F|  |TAMS 0x000000068cc00000, 0x000000068cc00000| Untracked 
| 181|0x000000068cd00000, 0x000000068cd00000, 0x000000068ce00000|  0%| F|  |TAMS 0x000000068cd00000, 0x000000068cd00000| Untracked 
| 182|0x000000068ce00000, 0x000000068ce00000, 0x000000068cf00000|  0%| F|  |TAMS 0x000000068ce00000, 0x000000068ce00000| Untracked 
| 183|0x000000068cf00000, 0x000000068cf00000, 0x000000068d000000|  0%| F|  |TAMS 0x000000068cf00000, 0x000000068cf00000| Untracked 
| 184|0x000000068d000000, 0x000000068d000000, 0x000000068d100000|  0%| F|  |TAMS 0x000000068d000000, 0x000000068d000000| Untracked 
| 185|0x000000068d100000, 0x000000068d100000, 0x000000068d200000|  0%| F|  |TAMS 0x000000068d100000, 0x000000068d100000| Untracked 
| 186|0x000000068d200000, 0x000000068d200000, 0x000000068d300000|  0%| F|  |TAMS 0x000000068d200000, 0x000000068d200000| Untracked 
| 187|0x000000068d300000, 0x000000068d300000, 0x000000068d400000|  0%| F|  |TAMS 0x000000068d300000, 0x000000068d300000| Untracked 
| 188|0x000000068d400000, 0x000000068d400000, 0x000000068d500000|  0%| F|  |TAMS 0x000000068d400000, 0x000000068d400000| Untracked 
| 189|0x000000068d500000, 0x000000068d500000, 0x000000068d600000|  0%| F|  |TAMS 0x000000068d500000, 0x000000068d500000| Untracked 
| 190|0x000000068d600000, 0x000000068d600000, 0x000000068d700000|  0%| F|  |TAMS 0x000000068d600000, 0x000000068d600000| Untracked 
| 191|0x000000068d700000, 0x000000068d700000, 0x000000068d800000|  0%| F|  |TAMS 0x000000068d700000, 0x000000068d700000| Untracked 
| 192|0x000000068d800000, 0x000000068d800000, 0x000000068d900000|  0%| F|  |TAMS 0x000000068d800000, 0x000000068d800000| Untracked 
| 193|0x000000068d900000, 0x000000068d900000, 0x000000068da00000|  0%| F|  |TAMS 0x000000068d900000, 0x000000068d900000| Untracked 
| 194|0x000000068da00000, 0x000000068da00000, 0x000000068db00000|  0%| F|  |TAMS 0x000000068da00000, 0x000000068da00000| Untracked 
| 195|0x000000068db00000, 0x000000068db00000, 0x000000068dc00000|  0%| F|  |TAMS 0x000000068db00000, 0x000000068db00000| Untracked 
| 196|0x000000068dc00000, 0x000000068dc00000, 0x000000068dd00000|  0%| F|  |TAMS 0x000000068dc00000, 0x000000068dc00000| Untracked 
| 197|0x000000068dd00000, 0x000000068dd00000, 0x000000068de00000|  0%| F|  |TAMS 0x000000068dd00000, 0x000000068dd00000| Untracked 
| 198|0x000000068de00000, 0x000000068de00000, 0x000000068df00000|  0%| F|  |TAMS 0x000000068de00000, 0x000000068de00000| Untracked 
| 199|0x000000068df00000, 0x000000068df00000, 0x000000068e000000|  0%| F|  |TAMS 0x000000068df00000, 0x000000068df00000| Untracked 
| 200|0x000000068e000000, 0x000000068e000000, 0x000000068e100000|  0%| F|  |TAMS 0x000000068e000000, 0x000000068e000000| Untracked 
| 201|0x000000068e100000, 0x000000068e100000, 0x000000068e200000|  0%| F|  |TAMS 0x000000068e100000, 0x000000068e100000| Untracked 
| 202|0x000000068e200000, 0x000000068e200000, 0x000000068e300000|  0%| F|  |TAMS 0x000000068e200000, 0x000000068e200000| Untracked 
| 203|0x000000068e300000, 0x000000068e300000, 0x000000068e400000|  0%| F|  |TAMS 0x000000068e300000, 0x000000068e300000| Untracked 
| 204|0x000000068e400000, 0x000000068e400000, 0x000000068e500000|  0%| F|  |TAMS 0x000000068e400000, 0x000000068e400000| Untracked 
| 205|0x000000068e500000, 0x000000068e500000, 0x000000068e600000|  0%| F|  |TAMS 0x000000068e500000, 0x000000068e500000| Untracked 
| 206|0x000000068e600000, 0x000000068e600000, 0x000000068e700000|  0%| F|  |TAMS 0x000000068e600000, 0x000000068e600000| Untracked 
| 207|0x000000068e700000, 0x000000068e700000, 0x000000068e800000|  0%| F|  |TAMS 0x000000068e700000, 0x000000068e700000| Untracked 
| 208|0x000000068e800000, 0x000000068e800000, 0x000000068e900000|  0%| F|  |TAMS 0x000000068e800000, 0x000000068e800000| Untracked 
| 209|0x000000068e900000, 0x000000068e900000, 0x000000068ea00000|  0%| F|  |TAMS 0x000000068e900000, 0x000000068e900000| Untracked 
| 210|0x000000068ea00000, 0x000000068ea00000, 0x000000068eb00000|  0%| F|  |TAMS 0x000000068ea00000, 0x000000068ea00000| Untracked 
| 211|0x000000068eb00000, 0x000000068eb00000, 0x000000068ec00000|  0%| F|  |TAMS 0x000000068eb00000, 0x000000068eb00000| Untracked 
| 212|0x000000068ec00000, 0x000000068ec00000, 0x000000068ed00000|  0%| F|  |TAMS 0x000000068ec00000, 0x000000068ec00000| Untracked 
| 213|0x000000068ed00000, 0x000000068ed00000, 0x000000068ee00000|  0%| F|  |TAMS 0x000000068ed00000, 0x000000068ed00000| Untracked 
| 214|0x000000068ee00000, 0x000000068ee00000, 0x000000068ef00000|  0%| F|  |TAMS 0x000000068ee00000, 0x000000068ee00000| Untracked 
| 215|0x000000068ef00000, 0x000000068ef00000, 0x000000068f000000|  0%| F|  |TAMS 0x000000068ef00000, 0x000000068ef00000| Untracked 
| 216|0x000000068f000000, 0x000000068f000000, 0x000000068f100000|  0%| F|  |TAMS 0x000000068f000000, 0x000000068f000000| Untracked 
| 217|0x000000068f100000, 0x000000068f100000, 0x000000068f200000|  0%| F|  |TAMS 0x000000068f100000, 0x000000068f100000| Untracked 
| 218|0x000000068f200000, 0x000000068f200000, 0x000000068f300000|  0%| F|  |TAMS 0x000000068f200000, 0x000000068f200000| Untracked 
| 219|0x000000068f300000, 0x000000068f300000, 0x000000068f400000|  0%| F|  |TAMS 0x000000068f300000, 0x000000068f300000| Untracked 
| 220|0x000000068f400000, 0x000000068f400000, 0x000000068f500000|  0%| F|  |TAMS 0x000000068f400000, 0x000000068f400000| Untracked 
| 221|0x000000068f500000, 0x000000068f500000, 0x000000068f600000|  0%| F|  |TAMS 0x000000068f500000, 0x000000068f500000| Untracked 
| 222|0x000000068f600000, 0x000000068f600000, 0x000000068f700000|  0%| F|  |TAMS 0x000000068f600000, 0x000000068f600000| Untracked 
| 223|0x000000068f700000, 0x000000068f700000, 0x000000068f800000|  0%| F|  |TAMS 0x000000068f700000, 0x000000068f700000| Untracked 
| 224|0x000000068f800000, 0x000000068f800000, 0x000000068f900000|  0%| F|  |TAMS 0x000000068f800000, 0x000000068f800000| Untracked 
| 225|0x000000068f900000, 0x000000068f900000, 0x000000068fa00000|  0%| F|  |TAMS 0x000000068f900000, 0x000000068f900000| Untracked 
| 226|0x000000068fa00000, 0x000000068fa00000, 0x000000068fb00000|  0%| F|  |TAMS 0x000000068fa00000, 0x000000068fa00000| Untracked 
| 227|0x000000068fb00000, 0x000000068fb00000, 0x000000068fc00000|  0%| F|  |TAMS 0x000000068fb00000, 0x000000068fb00000| Untracked 
| 228|0x000000068fc00000, 0x000000068fc00000, 0x000000068fd00000|  0%| F|  |TAMS 0x000000068fc00000, 0x000000068fc00000| Untracked 
| 229|0x000000068fd00000, 0x000000068fd00000, 0x000000068fe00000|  0%| F|  |TAMS 0x000000068fd00000, 0x000000068fd00000| Untracked 
| 230|0x000000068fe00000, 0x000000068fe00000, 0x000000068ff00000|  0%| F|  |TAMS 0x000000068fe00000, 0x000000068fe00000| Untracked 
| 231|0x000000068ff00000, 0x000000068ff00000, 0x0000000690000000|  0%| F|  |TAMS 0x000000068ff00000, 0x000000068ff00000| Untracked 
| 232|0x0000000690000000, 0x0000000690000000, 0x0000000690100000|  0%| F|  |TAMS 0x0000000690000000, 0x0000000690000000| Untracked 
| 233|0x0000000690100000, 0x0000000690100000, 0x0000000690200000|  0%| F|  |TAMS 0x0000000690100000, 0x0000000690100000| Untracked 
| 234|0x0000000690200000, 0x0000000690200000, 0x0000000690300000|  0%| F|  |TAMS 0x0000000690200000, 0x0000000690200000| Untracked 
| 235|0x0000000690300000, 0x0000000690300000, 0x0000000690400000|  0%| F|  |TAMS 0x0000000690300000, 0x0000000690300000| Untracked 
| 236|0x0000000690400000, 0x0000000690400000, 0x0000000690500000|  0%| F|  |TAMS 0x0000000690400000, 0x0000000690400000| Untracked 
| 237|0x0000000690500000, 0x0000000690500000, 0x0000000690600000|  0%| F|  |TAMS 0x0000000690500000, 0x0000000690500000| Untracked 
| 238|0x0000000690600000, 0x0000000690600000, 0x0000000690700000|  0%| F|  |TAMS 0x0000000690600000, 0x0000000690600000| Untracked 
| 239|0x0000000690700000, 0x0000000690700000, 0x0000000690800000|  0%| F|  |TAMS 0x0000000690700000, 0x0000000690700000| Untracked 
| 240|0x0000000690800000, 0x0000000690800000, 0x0000000690900000|  0%| F|  |TAMS 0x0000000690800000, 0x0000000690800000| Untracked 
| 241|0x0000000690900000, 0x0000000690900000, 0x0000000690a00000|  0%| F|  |TAMS 0x0000000690900000, 0x0000000690900000| Untracked 
| 242|0x0000000690a00000, 0x0000000690a00000, 0x0000000690b00000|  0%| F|  |TAMS 0x0000000690a00000, 0x0000000690a00000| Untracked 
| 243|0x0000000690b00000, 0x0000000690b00000, 0x0000000690c00000|  0%| F|  |TAMS 0x0000000690b00000, 0x0000000690b00000| Untracked 
| 244|0x0000000690c00000, 0x0000000690c00000, 0x0000000690d00000|  0%| F|  |TAMS 0x0000000690c00000, 0x0000000690c00000| Untracked 
| 245|0x0000000690d00000, 0x0000000690d00000, 0x0000000690e00000|  0%| F|  |TAMS 0x0000000690d00000, 0x0000000690d00000| Untracked 
| 246|0x0000000690e00000, 0x0000000690e00000, 0x0000000690f00000|  0%| F|  |TAMS 0x0000000690e00000, 0x0000000690e00000| Untracked 
| 247|0x0000000690f00000, 0x0000000690f00000, 0x0000000691000000|  0%| F|  |TAMS 0x0000000690f00000, 0x0000000690f00000| Untracked 
| 248|0x0000000691000000, 0x0000000691000000, 0x0000000691100000|  0%| F|  |TAMS 0x0000000691000000, 0x0000000691000000| Untracked 
| 249|0x0000000691100000, 0x0000000691100000, 0x0000000691200000|  0%| F|  |TAMS 0x0000000691100000, 0x0000000691100000| Untracked 
| 250|0x0000000691200000, 0x0000000691200000, 0x0000000691300000|  0%| F|  |TAMS 0x0000000691200000, 0x0000000691200000| Untracked 
| 251|0x0000000691300000, 0x0000000691300000, 0x0000000691400000|  0%| F|  |TAMS 0x0000000691300000, 0x0000000691300000| Untracked 
| 252|0x0000000691400000, 0x0000000691400000, 0x0000000691500000|  0%| F|  |TAMS 0x0000000691400000, 0x0000000691400000| Untracked 
| 253|0x0000000691500000, 0x0000000691500000, 0x0000000691600000|  0%| F|  |TAMS 0x0000000691500000, 0x0000000691500000| Untracked 
| 254|0x0000000691600000, 0x0000000691600000, 0x0000000691700000|  0%| F|  |TAMS 0x0000000691600000, 0x0000000691600000| Untracked 
| 255|0x0000000691700000, 0x0000000691700000, 0x0000000691800000|  0%| F|  |TAMS 0x0000000691700000, 0x0000000691700000| Untracked 
| 256|0x0000000691800000, 0x0000000691800000, 0x0000000691900000|  0%| F|  |TAMS 0x0000000691800000, 0x0000000691800000| Untracked 
| 257|0x0000000691900000, 0x0000000691900000, 0x0000000691a00000|  0%| F|  |TAMS 0x0000000691900000, 0x0000000691900000| Untracked 
| 258|0x0000000691a00000, 0x0000000691a00000, 0x0000000691b00000|  0%| F|  |TAMS 0x0000000691a00000, 0x0000000691a00000| Untracked 
| 259|0x0000000691b00000, 0x0000000691b00000, 0x0000000691c00000|  0%| F|  |TAMS 0x0000000691b00000, 0x0000000691b00000| Untracked 
| 260|0x0000000691c00000, 0x0000000691c00000, 0x0000000691d00000|  0%| F|  |TAMS 0x0000000691c00000, 0x0000000691c00000| Untracked 
| 261|0x0000000691d00000, 0x0000000691d00000, 0x0000000691e00000|  0%| F|  |TAMS 0x0000000691d00000, 0x0000000691d00000| Untracked 
| 262|0x0000000691e00000, 0x0000000691e00000, 0x0000000691f00000|  0%| F|  |TAMS 0x0000000691e00000, 0x0000000691e00000| Untracked 
| 263|0x0000000691f00000, 0x0000000691f00000, 0x0000000692000000|  0%| F|  |TAMS 0x0000000691f00000, 0x0000000691f00000| Untracked 
| 264|0x0000000692000000, 0x0000000692000000, 0x0000000692100000|  0%| F|  |TAMS 0x0000000692000000, 0x0000000692000000| Untracked 
| 265|0x0000000692100000, 0x0000000692100000, 0x0000000692200000|  0%| F|  |TAMS 0x0000000692100000, 0x0000000692100000| Untracked 
| 266|0x0000000692200000, 0x0000000692200000, 0x0000000692300000|  0%| F|  |TAMS 0x0000000692200000, 0x0000000692200000| Untracked 
| 267|0x0000000692300000, 0x0000000692300000, 0x0000000692400000|  0%| F|  |TAMS 0x0000000692300000, 0x0000000692300000| Untracked 
| 268|0x0000000692400000, 0x0000000692400000, 0x0000000692500000|  0%| F|  |TAMS 0x0000000692400000, 0x0000000692400000| Untracked 
| 269|0x0000000692500000, 0x0000000692500000, 0x0000000692600000|  0%| F|  |TAMS 0x0000000692500000, 0x0000000692500000| Untracked 
| 270|0x0000000692600000, 0x0000000692600000, 0x0000000692700000|  0%| F|  |TAMS 0x0000000692600000, 0x0000000692600000| Untracked 
| 271|0x0000000692700000, 0x0000000692700000, 0x0000000692800000|  0%| F|  |TAMS 0x0000000692700000, 0x0000000692700000| Untracked 
| 272|0x0000000692800000, 0x0000000692800000, 0x0000000692900000|  0%| F|  |TAMS 0x0000000692800000, 0x0000000692800000| Untracked 
| 273|0x0000000692900000, 0x0000000692900000, 0x0000000692a00000|  0%| F|  |TAMS 0x0000000692900000, 0x0000000692900000| Untracked 
| 274|0x0000000692a00000, 0x0000000692a00000, 0x0000000692b00000|  0%| F|  |TAMS 0x0000000692a00000, 0x0000000692a00000| Untracked 
| 275|0x0000000692b00000, 0x0000000692b00000, 0x0000000692c00000|  0%| F|  |TAMS 0x0000000692b00000, 0x0000000692b00000| Untracked 
| 276|0x0000000692c00000, 0x0000000692c00000, 0x0000000692d00000|  0%| F|  |TAMS 0x0000000692c00000, 0x0000000692c00000| Untracked 
| 277|0x0000000692d00000, 0x0000000692d00000, 0x0000000692e00000|  0%| F|  |TAMS 0x0000000692d00000, 0x0000000692d00000| Untracked 
| 278|0x0000000692e00000, 0x0000000692e00000, 0x0000000692f00000|  0%| F|  |TAMS 0x0000000692e00000, 0x0000000692e00000| Untracked 
| 279|0x0000000692f00000, 0x0000000692f00000, 0x0000000693000000|  0%| F|  |TAMS 0x0000000692f00000, 0x0000000692f00000| Untracked 
| 280|0x0000000693000000, 0x0000000693000000, 0x0000000693100000|  0%| F|  |TAMS 0x0000000693000000, 0x0000000693000000| Untracked 
| 281|0x0000000693100000, 0x0000000693100000, 0x0000000693200000|  0%| F|  |TAMS 0x0000000693100000, 0x0000000693100000| Untracked 
| 282|0x0000000693200000, 0x0000000693200000, 0x0000000693300000|  0%| F|  |TAMS 0x0000000693200000, 0x0000000693200000| Untracked 
| 283|0x0000000693300000, 0x0000000693300000, 0x0000000693400000|  0%| F|  |TAMS 0x0000000693300000, 0x0000000693300000| Untracked 
| 284|0x0000000693400000, 0x0000000693400000, 0x0000000693500000|  0%| F|  |TAMS 0x0000000693400000, 0x0000000693400000| Untracked 
| 285|0x0000000693500000, 0x0000000693500000, 0x0000000693600000|  0%| F|  |TAMS 0x0000000693500000, 0x0000000693500000| Untracked 
| 286|0x0000000693600000, 0x0000000693600000, 0x0000000693700000|  0%| F|  |TAMS 0x0000000693600000, 0x0000000693600000| Untracked 
| 287|0x0000000693700000, 0x0000000693700000, 0x0000000693800000|  0%| F|  |TAMS 0x0000000693700000, 0x0000000693700000| Untracked 
| 288|0x0000000693800000, 0x0000000693800000, 0x0000000693900000|  0%| F|  |TAMS 0x0000000693800000, 0x0000000693800000| Untracked 
| 289|0x0000000693900000, 0x0000000693900000, 0x0000000693a00000|  0%| F|  |TAMS 0x0000000693900000, 0x0000000693900000| Untracked 
| 290|0x0000000693a00000, 0x0000000693a00000, 0x0000000693b00000|  0%| F|  |TAMS 0x0000000693a00000, 0x0000000693a00000| Untracked 
| 291|0x0000000693b00000, 0x0000000693b00000, 0x0000000693c00000|  0%| F|  |TAMS 0x0000000693b00000, 0x0000000693b00000| Untracked 
| 292|0x0000000693c00000, 0x0000000693c00000, 0x0000000693d00000|  0%| F|  |TAMS 0x0000000693c00000, 0x0000000693c00000| Untracked 
| 293|0x0000000693d00000, 0x0000000693d00000, 0x0000000693e00000|  0%| F|  |TAMS 0x0000000693d00000, 0x0000000693d00000| Untracked 
| 294|0x0000000693e00000, 0x0000000693e00000, 0x0000000693f00000|  0%| F|  |TAMS 0x0000000693e00000, 0x0000000693e00000| Untracked 
| 295|0x0000000693f00000, 0x0000000693f00000, 0x0000000694000000|  0%| F|  |TAMS 0x0000000693f00000, 0x0000000693f00000| Untracked 
| 296|0x0000000694000000, 0x0000000694000000, 0x0000000694100000|  0%| F|  |TAMS 0x0000000694000000, 0x0000000694000000| Untracked 
| 297|0x0000000694100000, 0x0000000694100000, 0x0000000694200000|  0%| F|  |TAMS 0x0000000694100000, 0x0000000694100000| Untracked 
| 298|0x0000000694200000, 0x0000000694200000, 0x0000000694300000|  0%| F|  |TAMS 0x0000000694200000, 0x0000000694200000| Untracked 
| 299|0x0000000694300000, 0x0000000694300000, 0x0000000694400000|  0%| F|  |TAMS 0x0000000694300000, 0x0000000694300000| Untracked 
| 300|0x0000000694400000, 0x0000000694400000, 0x0000000694500000|  0%| F|  |TAMS 0x0000000694400000, 0x0000000694400000| Untracked 
| 301|0x0000000694500000, 0x0000000694500000, 0x0000000694600000|  0%| F|  |TAMS 0x0000000694500000, 0x0000000694500000| Untracked 
| 302|0x0000000694600000, 0x0000000694600000, 0x0000000694700000|  0%| F|  |TAMS 0x0000000694600000, 0x0000000694600000| Untracked 
| 303|0x0000000694700000, 0x0000000694700000, 0x0000000694800000|  0%| F|  |TAMS 0x0000000694700000, 0x0000000694700000| Untracked 
| 304|0x0000000694800000, 0x0000000694800000, 0x0000000694900000|  0%| F|  |TAMS 0x0000000694800000, 0x0000000694800000| Untracked 
| 305|0x0000000694900000, 0x0000000694900000, 0x0000000694a00000|  0%| F|  |TAMS 0x0000000694900000, 0x0000000694900000| Untracked 
| 306|0x0000000694a00000, 0x0000000694a00000, 0x0000000694b00000|  0%| F|  |TAMS 0x0000000694a00000, 0x0000000694a00000| Untracked 
| 307|0x0000000694b00000, 0x0000000694b00000, 0x0000000694c00000|  0%| F|  |TAMS 0x0000000694b00000, 0x0000000694b00000| Untracked 
| 308|0x0000000694c00000, 0x0000000694c00000, 0x0000000694d00000|  0%| F|  |TAMS 0x0000000694c00000, 0x0000000694c00000| Untracked 
| 309|0x0000000694d00000, 0x0000000694d00000, 0x0000000694e00000|  0%| F|  |TAMS 0x0000000694d00000, 0x0000000694d00000| Untracked 
| 310|0x0000000694e00000, 0x0000000694e00000, 0x0000000694f00000|  0%| F|  |TAMS 0x0000000694e00000, 0x0000000694e00000| Untracked 
| 311|0x0000000694f00000, 0x0000000694f00000, 0x0000000695000000|  0%| F|  |TAMS 0x0000000694f00000, 0x0000000694f00000| Untracked 
| 312|0x0000000695000000, 0x0000000695000000, 0x0000000695100000|  0%| F|  |TAMS 0x0000000695000000, 0x0000000695000000| Untracked 
| 313|0x0000000695100000, 0x0000000695100000, 0x0000000695200000|  0%| F|  |TAMS 0x0000000695100000, 0x0000000695100000| Untracked 
| 314|0x0000000695200000, 0x0000000695200000, 0x0000000695300000|  0%| F|  |TAMS 0x0000000695200000, 0x0000000695200000| Untracked 
| 315|0x0000000695300000, 0x0000000695300000, 0x0000000695400000|  0%| F|  |TAMS 0x0000000695300000, 0x0000000695300000| Untracked 
| 316|0x0000000695400000, 0x0000000695400000, 0x0000000695500000|  0%| F|  |TAMS 0x0000000695400000, 0x0000000695400000| Untracked 
| 317|0x0000000695500000, 0x0000000695500000, 0x0000000695600000|  0%| F|  |TAMS 0x0000000695500000, 0x0000000695500000| Untracked 
| 318|0x0000000695600000, 0x0000000695600000, 0x0000000695700000|  0%| F|  |TAMS 0x0000000695600000, 0x0000000695600000| Untracked 
| 319|0x0000000695700000, 0x0000000695700000, 0x0000000695800000|  0%| F|  |TAMS 0x0000000695700000, 0x0000000695700000| Untracked 
| 320|0x0000000695800000, 0x0000000695800000, 0x0000000695900000|  0%| F|  |TAMS 0x0000000695800000, 0x0000000695800000| Untracked 
| 321|0x0000000695900000, 0x0000000695900000, 0x0000000695a00000|  0%| F|  |TAMS 0x0000000695900000, 0x0000000695900000| Untracked 
| 322|0x0000000695a00000, 0x0000000695a00000, 0x0000000695b00000|  0%| F|  |TAMS 0x0000000695a00000, 0x0000000695a00000| Untracked 
| 323|0x0000000695b00000, 0x0000000695b00000, 0x0000000695c00000|  0%| F|  |TAMS 0x0000000695b00000, 0x0000000695b00000| Untracked 
| 324|0x0000000695c00000, 0x0000000695c00000, 0x0000000695d00000|  0%| F|  |TAMS 0x0000000695c00000, 0x0000000695c00000| Untracked 
| 325|0x0000000695d00000, 0x0000000695d00000, 0x0000000695e00000|  0%| F|  |TAMS 0x0000000695d00000, 0x0000000695d00000| Untracked 
| 326|0x0000000695e00000, 0x0000000695e00000, 0x0000000695f00000|  0%| F|  |TAMS 0x0000000695e00000, 0x0000000695e00000| Untracked 
| 327|0x0000000695f00000, 0x0000000695f00000, 0x0000000696000000|  0%| F|  |TAMS 0x0000000695f00000, 0x0000000695f00000| Untracked 
| 328|0x0000000696000000, 0x0000000696000000, 0x0000000696100000|  0%| F|  |TAMS 0x0000000696000000, 0x0000000696000000| Untracked 
| 329|0x0000000696100000, 0x0000000696100000, 0x0000000696200000|  0%| F|  |TAMS 0x0000000696100000, 0x0000000696100000| Untracked 
| 330|0x0000000696200000, 0x0000000696200000, 0x0000000696300000|  0%| F|  |TAMS 0x0000000696200000, 0x0000000696200000| Untracked 
| 331|0x0000000696300000, 0x0000000696300000, 0x0000000696400000|  0%| F|  |TAMS 0x0000000696300000, 0x0000000696300000| Untracked 
| 332|0x0000000696400000, 0x0000000696400000, 0x0000000696500000|  0%| F|  |TAMS 0x0000000696400000, 0x0000000696400000| Untracked 
| 333|0x0000000696500000, 0x0000000696500000, 0x0000000696600000|  0%| F|  |TAMS 0x0000000696500000, 0x0000000696500000| Untracked 
| 334|0x0000000696600000, 0x0000000696600000, 0x0000000696700000|  0%| F|  |TAMS 0x0000000696600000, 0x0000000696600000| Untracked 
| 335|0x0000000696700000, 0x0000000696700000, 0x0000000696800000|  0%| F|  |TAMS 0x0000000696700000, 0x0000000696700000| Untracked 
| 336|0x0000000696800000, 0x0000000696800000, 0x0000000696900000|  0%| F|  |TAMS 0x0000000696800000, 0x0000000696800000| Untracked 
| 337|0x0000000696900000, 0x0000000696900000, 0x0000000696a00000|  0%| F|  |TAMS 0x0000000696900000, 0x0000000696900000| Untracked 
| 338|0x0000000696a00000, 0x0000000696a00000, 0x0000000696b00000|  0%| F|  |TAMS 0x0000000696a00000, 0x0000000696a00000| Untracked 
| 339|0x0000000696b00000, 0x0000000696b00000, 0x0000000696c00000|  0%| F|  |TAMS 0x0000000696b00000, 0x0000000696b00000| Untracked 
| 340|0x0000000696c00000, 0x0000000696c00000, 0x0000000696d00000|  0%| F|  |TAMS 0x0000000696c00000, 0x0000000696c00000| Untracked 
| 341|0x0000000696d00000, 0x0000000696d00000, 0x0000000696e00000|  0%| F|  |TAMS 0x0000000696d00000, 0x0000000696d00000| Untracked 
| 342|0x0000000696e00000, 0x0000000696e00000, 0x0000000696f00000|  0%| F|  |TAMS 0x0000000696e00000, 0x0000000696e00000| Untracked 
| 343|0x0000000696f00000, 0x0000000696f00000, 0x0000000697000000|  0%| F|  |TAMS 0x0000000696f00000, 0x0000000696f00000| Untracked 
| 344|0x0000000697000000, 0x0000000697000000, 0x0000000697100000|  0%| F|  |TAMS 0x0000000697000000, 0x0000000697000000| Untracked 
| 345|0x0000000697100000, 0x0000000697100000, 0x0000000697200000|  0%| F|  |TAMS 0x0000000697100000, 0x0000000697100000| Untracked 
| 346|0x0000000697200000, 0x0000000697200000, 0x0000000697300000|  0%| F|  |TAMS 0x0000000697200000, 0x0000000697200000| Untracked 
| 347|0x0000000697300000, 0x0000000697300000, 0x0000000697400000|  0%| F|  |TAMS 0x0000000697300000, 0x0000000697300000| Untracked 
| 348|0x0000000697400000, 0x0000000697400000, 0x0000000697500000|  0%| F|  |TAMS 0x0000000697400000, 0x0000000697400000| Untracked 
| 349|0x0000000697500000, 0x0000000697500000, 0x0000000697600000|  0%| F|  |TAMS 0x0000000697500000, 0x0000000697500000| Untracked 
| 350|0x0000000697600000, 0x0000000697600000, 0x0000000697700000|  0%| F|  |TAMS 0x0000000697600000, 0x0000000697600000| Untracked 
| 351|0x0000000697700000, 0x0000000697700000, 0x0000000697800000|  0%| F|  |TAMS 0x0000000697700000, 0x0000000697700000| Untracked 
| 352|0x0000000697800000, 0x0000000697800000, 0x0000000697900000|  0%| F|  |TAMS 0x0000000697800000, 0x0000000697800000| Untracked 
| 353|0x0000000697900000, 0x0000000697900000, 0x0000000697a00000|  0%| F|  |TAMS 0x0000000697900000, 0x0000000697900000| Untracked 
| 354|0x0000000697a00000, 0x0000000697a00000, 0x0000000697b00000|  0%| F|  |TAMS 0x0000000697a00000, 0x0000000697a00000| Untracked 
| 355|0x0000000697b00000, 0x0000000697b00000, 0x0000000697c00000|  0%| F|  |TAMS 0x0000000697b00000, 0x0000000697b00000| Untracked 
| 356|0x0000000697c00000, 0x0000000697c00000, 0x0000000697d00000|  0%| F|  |TAMS 0x0000000697c00000, 0x0000000697c00000| Untracked 
| 357|0x0000000697d00000, 0x0000000697d00000, 0x0000000697e00000|  0%| F|  |TAMS 0x0000000697d00000, 0x0000000697d00000| Untracked 
| 358|0x0000000697e00000, 0x0000000697e00000, 0x0000000697f00000|  0%| F|  |TAMS 0x0000000697e00000, 0x0000000697e00000| Untracked 
| 359|0x0000000697f00000, 0x0000000697f00000, 0x0000000698000000|  0%| F|  |TAMS 0x0000000697f00000, 0x0000000697f00000| Untracked 
| 360|0x0000000698000000, 0x0000000698000000, 0x0000000698100000|  0%| F|  |TAMS 0x0000000698000000, 0x0000000698000000| Untracked 
| 361|0x0000000698100000, 0x0000000698100000, 0x0000000698200000|  0%| F|  |TAMS 0x0000000698100000, 0x0000000698100000| Untracked 
| 362|0x0000000698200000, 0x00000006982f4c50, 0x0000000698300000| 95%| E|  |TAMS 0x0000000698200000, 0x0000000698200000| Complete 
| 363|0x0000000698300000, 0x0000000698400000, 0x0000000698400000|100%| E|CS|TAMS 0x0000000698300000, 0x0000000698300000| Complete 
| 364|0x0000000698400000, 0x0000000698500000, 0x0000000698500000|100%| E|CS|TAMS 0x0000000698400000, 0x0000000698400000| Complete 
| 365|0x0000000698500000, 0x0000000698600000, 0x0000000698600000|100%| E|CS|TAMS 0x0000000698500000, 0x0000000698500000| Complete 
| 366|0x0000000698600000, 0x0000000698700000, 0x0000000698700000|100%| E|CS|TAMS 0x0000000698600000, 0x0000000698600000| Complete 
| 367|0x0000000698700000, 0x0000000698800000, 0x0000000698800000|100%| E|CS|TAMS 0x0000000698700000, 0x0000000698700000| Complete 
| 368|0x0000000698800000, 0x0000000698900000, 0x0000000698900000|100%| E|CS|TAMS 0x0000000698800000, 0x0000000698800000| Complete 
| 369|0x0000000698900000, 0x0000000698a00000, 0x0000000698a00000|100%| E|CS|TAMS 0x0000000698900000, 0x0000000698900000| Complete 
| 370|0x0000000698a00000, 0x0000000698b00000, 0x0000000698b00000|100%| E|CS|TAMS 0x0000000698a00000, 0x0000000698a00000| Complete 
| 371|0x0000000698b00000, 0x0000000698c00000, 0x0000000698c00000|100%| E|CS|TAMS 0x0000000698b00000, 0x0000000698b00000| Complete 
| 372|0x0000000698c00000, 0x0000000698d00000, 0x0000000698d00000|100%| E|CS|TAMS 0x0000000698c00000, 0x0000000698c00000| Complete 
| 373|0x0000000698d00000, 0x0000000698e00000, 0x0000000698e00000|100%| E|CS|TAMS 0x0000000698d00000, 0x0000000698d00000| Complete 
| 374|0x0000000698e00000, 0x0000000698f00000, 0x0000000698f00000|100%| E|  |TAMS 0x0000000698e00000, 0x0000000698e00000| Complete 
| 375|0x0000000698f00000, 0x0000000699000000, 0x0000000699000000|100%| E|CS|TAMS 0x0000000698f00000, 0x0000000698f00000| Complete 
| 376|0x0000000699000000, 0x0000000699100000, 0x0000000699100000|100%| E|CS|TAMS 0x0000000699000000, 0x0000000699000000| Complete 
| 377|0x0000000699100000, 0x0000000699200000, 0x0000000699200000|100%| E|CS|TAMS 0x0000000699100000, 0x0000000699100000| Complete 
| 378|0x0000000699200000, 0x0000000699300000, 0x0000000699300000|100%| E|CS|TAMS 0x0000000699200000, 0x0000000699200000| Complete 
| 379|0x0000000699300000, 0x0000000699400000, 0x0000000699400000|100%| E|CS|TAMS 0x0000000699300000, 0x0000000699300000| Complete 
| 380|0x0000000699400000, 0x0000000699500000, 0x0000000699500000|100%| E|CS|TAMS 0x0000000699400000, 0x0000000699400000| Complete 
| 381|0x0000000699500000, 0x0000000699600000, 0x0000000699600000|100%| E|CS|TAMS 0x0000000699500000, 0x0000000699500000| Complete 
| 382|0x0000000699600000, 0x0000000699700000, 0x0000000699700000|100%| E|CS|TAMS 0x0000000699600000, 0x0000000699600000| Complete 
| 383|0x0000000699700000, 0x0000000699800000, 0x0000000699800000|100%| E|CS|TAMS 0x0000000699700000, 0x0000000699700000| Complete 

Card table byte_map: [0x0000025218f90000,0x0000025219b90000] _byte_map_base: 0x0000025215b84000

Marking Bits (Prev, Next): (CMBitMap*) 0x000002527a22c2f8, (CMBitMap*) 0x000002527a22c338
 Prev Bits: [0x000002521a790000, 0x0000025220730000)
 Next Bits: [0x0000025220730000, 0x00000252266d0000)

Polling page: 0x0000025200000000

Metaspace:

Usage:
  Non-class:      7.81 MB capacity,     5.63 MB ( 72%) used,     2.17 MB ( 28%) free+waste,    11.25 KB ( <1%) overhead. 
      Class:    626.00 KB capacity,   364.84 KB ( 58%) used,   255.98 KB ( 41%) free+waste,     5.19 KB ( <1%) overhead. 
       Both:      8.42 MB capacity,     5.98 MB ( 71%) used,     2.42 MB ( 29%) free+waste,    16.44 KB ( <1%) overhead. 

Virtual space:
  Non-class space:        8.00 MB reserved,       8.00 MB (100%) committed 
      Class space:        1.00 GB reserved,     640.00 KB ( <1%) committed 
             Both:        1.01 GB reserved,       8.63 MB ( <1%) committed 

Chunk freelists:
   Non-Class:  66.00 KB
       Class:  14.00 KB
        Both:  80.00 KB

MaxMetaspaceSize: 17179869184.00 GB
CompressedClassSpaceSize: 1.00 GB

CodeHeap 'non-profiled nmethods': size=120000Kb used=262Kb max_used=262Kb free=119737Kb
 bounds [0x00000252101c0000, 0x0000025210430000, 0x00000252176f0000]
CodeHeap 'profiled nmethods': size=120000Kb used=1437Kb max_used=1437Kb free=118562Kb
 bounds [0x0000025208c90000, 0x0000025208f00000, 0x00000252101c0000]
CodeHeap 'non-nmethods': size=5760Kb used=1602Kb max_used=1616Kb free=4157Kb
 bounds [0x00000252086f0000, 0x0000025208960000, 0x0000025208c90000]
 total_blobs=2283 nmethods=827 adapters=903
 compilation: enabled
              stopped_count=0, restarted_count=0
 full_count=0

Compilation events (20 events):
Event: 0.627 Thread 0x0000025229696000  819       3       java.lang.String::getBytes (44 bytes)
Event: 0.627 Thread 0x0000025229696000 nmethod 819 0x0000025208df4590 code [0x0000025208df4760, 0x0000025208df4ad8]
Event: 0.627 Thread 0x0000025229696000  820       3       jdk.internal.jimage.ImageStringsReader::get (9 bytes)
Event: 0.628 Thread 0x0000025229696000 nmethod 820 0x0000025208df4c90 code [0x0000025208df4e40, 0x0000025208df5028]
Event: 0.628 Thread 0x0000025229696000  821       3       jdk.internal.jimage.BasicImageReader::getString (49 bytes)
Event: 0.628 Thread 0x0000025229696000 nmethod 821 0x0000025208df5110 code [0x0000025208df5360, 0x0000025208df5e38]
Event: 0.628 Thread 0x0000025229696000  822       3       jdk.internal.jimage.ImageStringsReader::stringFromByteBuffer (28 bytes)
Event: 0.628 Thread 0x0000025229696000 nmethod 822 0x0000025208df6190 code [0x0000025208df6360, 0x0000025208df6758]
Event: 0.628 Thread 0x0000025229696000  823       3       java.util.stream.StreamOpFlag::combineOpFlags (9 bytes)
Event: 0.628 Thread 0x0000025229696000 nmethod 823 0x0000025208df6910 code [0x0000025208df6aa0, 0x0000025208df6c58]
Event: 0.628 Thread 0x0000025229696000  818       3       java.lang.invoke.MethodType::parameterSlotCount (8 bytes)
Event: 0.628 Thread 0x00000252302c6800  826       4       java.lang.StringBuilder::<init> (7 bytes)
Event: 0.628 Thread 0x0000025229696000 nmethod 818 0x0000025208df6d10 code [0x0000025208df6ea0, 0x0000025208df6fd8]
Event: 0.628 Thread 0x0000025229696000  824       1       java.util.stream.AbstractPipeline::getStreamAndOpFlags (5 bytes)
Event: 0.628 Thread 0x0000025229696000 nmethod 824 0x0000025210200f90 code [0x0000025210201120, 0x00000252102011f8]
Event: 0.628 Thread 0x0000025229696000  825       1       java.util.stream.FindOps$FindOp::getOpFlags (5 bytes)
Event: 0.628 Thread 0x0000025229696000 nmethod 825 0x0000025210201290 code [0x0000025210201420, 0x00000252102014f8]
Event: 0.628 Thread 0x0000025229696000  827       3       java.util.regex.Pattern$$Lambda$47/0x0000000800bae840::is (5 bytes)
Event: 0.628 Thread 0x0000025229696000 nmethod 827 0x0000025208df7090 code [0x0000025208df7220, 0x0000025208df7398]
Event: 0.629 Thread 0x00000252302c6800 nmethod 826 0x0000025210201590 code [0x0000025210201720, 0x00000252102018d8]

GC Heap History (0 events):
No events

Deoptimization events (20 events):
Event: 0.479 Thread 0x000002527a19e000 Uncommon trap: trap_request=0xffffff54 fr.pc=0x00000252101f1510 relative=0x0000000000000070
Event: 0.479 Thread 0x000002527a19e000 Uncommon trap: reason=speculate_null_assert action=make_not_entrant pc=0x00000252101f1510 method=sun.misc.Unsafe.putLong(Ljava/lang/Object;JJ)V @ 7 c2
Event: 0.479 Thread 0x000002527a19e000 DEOPT PACKING pc=0x00000252101f1510 sp=0x000000644c8ff0e0
Event: 0.479 Thread 0x000002527a19e000 DEOPT UNPACKING pc=0x000002520873912f sp=0x000000644c8ff058 mode 2
Event: 0.480 Thread 0x000002527a19e000 Uncommon trap: trap_request=0xffffff54 fr.pc=0x00000252101f2408 relative=0x0000000000000068
Event: 0.480 Thread 0x000002527a19e000 Uncommon trap: reason=speculate_null_assert action=make_not_entrant pc=0x00000252101f2408 method=sun.misc.Unsafe.getLong(Ljava/lang/Object;J)J @ 5 c2
Event: 0.480 Thread 0x000002527a19e000 DEOPT PACKING pc=0x00000252101f2408 sp=0x000000644c8ff120
Event: 0.480 Thread 0x000002527a19e000 DEOPT UNPACKING pc=0x000002520873912f sp=0x000000644c8ff0a8 mode 2
Event: 0.625 Thread 0x000002527a19e000 Uncommon trap: trap_request=0xffffff45 fr.pc=0x00000252101da824 relative=0x0000000000000484
Event: 0.625 Thread 0x000002527a19e000 Uncommon trap: reason=unstable_if action=reinterpret pc=0x00000252101da824 method=java.lang.AbstractStringBuilder.putStringAt(ILjava/lang/String;)V @ 8 c2
Event: 0.625 Thread 0x000002527a19e000 DEOPT PACKING pc=0x00000252101da824 sp=0x000000644c8ff140
Event: 0.625 Thread 0x000002527a19e000 DEOPT UNPACKING pc=0x000002520873912f sp=0x000000644c8ff058 mode 2
Event: 0.625 Thread 0x000002527a19e000 Uncommon trap: trap_request=0xffffff45 fr.pc=0x00000252101e0fa8 relative=0x0000000000000488
Event: 0.625 Thread 0x000002527a19e000 Uncommon trap: reason=unstable_if action=reinterpret pc=0x00000252101e0fa8 method=java.lang.AbstractStringBuilder.putStringAt(ILjava/lang/String;)V @ 8 c2
Event: 0.625 Thread 0x000002527a19e000 DEOPT PACKING pc=0x00000252101e0fa8 sp=0x000000644c8ff0e0
Event: 0.625 Thread 0x000002527a19e000 DEOPT UNPACKING pc=0x000002520873912f sp=0x000000644c8ff050 mode 2
Event: 0.625 Thread 0x000002527a19e000 Uncommon trap: trap_request=0xffffff45 fr.pc=0x00000252101d9cc0 relative=0x0000000000000100
Event: 0.625 Thread 0x000002527a19e000 Uncommon trap: reason=unstable_if action=reinterpret pc=0x00000252101d9cc0 method=java.lang.String.getBytes([BIB)V @ 5 c2
Event: 0.625 Thread 0x000002527a19e000 DEOPT PACKING pc=0x00000252101d9cc0 sp=0x000000644c8ff000
Event: 0.625 Thread 0x000002527a19e000 DEOPT UNPACKING pc=0x000002520873912f sp=0x000000644c8fefc8 mode 2

Classes unloaded (0 events):
No events

Classes redefined (0 events):
No events

Internal exceptions (11 events):
Event: 0.138 Thread 0x000002527a19e000 Exception <a 'java/lang/NoSuchMethodError'{0x00000006993bc158}: 'void java.lang.invoke.DelegatingMethodHandle$Holder.delegate(java.lang.Object, java.lang.Object, int, java.lang.Object)'> (0x00000006993bc158) 
thrown [./open/src/hotspot/share/interpreter/linkResolver.cpp, line 766]
Event: 0.139 Thread 0x000002527a19e000 Exception <a 'java/lang/NoSuchMethodError'{0x00000006993c2cc8}: 'java.lang.Object java.lang.invoke.DirectMethodHandle$Holder.invokeStaticInit(java.lang.Object, java.lang.Object, java.lang.Object)'> (0x00000006993c2cc8) 
thrown [./open/src/hotspot/share/interpreter/linkResolver.cpp, line 766]
Event: 0.162 Thread 0x000002527a19e000 Exception <a 'sun/nio/fs/WindowsException'{0x0000000699218590}> (0x0000000699218590) 
thrown [./open/src/hotspot/share/prims/jni.cpp, line 599]
Event: 0.162 Thread 0x000002527a19e000 Exception <a 'sun/nio/fs/WindowsException'{0x0000000699218ad0}> (0x0000000699218ad0) 
thrown [./open/src/hotspot/share/prims/jni.cpp, line 599]
Event: 0.193 Thread 0x000002527a19e000 Exception <a 'sun/nio/fs/WindowsException'{0x00000006991d0228}> (0x00000006991d0228) 
thrown [./open/src/hotspot/share/prims/jni.cpp, line 599]
Event: 0.194 Thread 0x000002527a19e000 Exception <a 'sun/nio/fs/WindowsException'{0x00000006991d0580}> (0x00000006991d0580) 
thrown [./open/src/hotspot/share/prims/jni.cpp, line 599]
Event: 0.445 Thread 0x000002527a19e000 Exception <a 'sun/nio/fs/WindowsException'{0x00000006990cdea8}> (0x00000006990cdea8) 
thrown [./open/src/hotspot/share/prims/jni.cpp, line 599]
Event: 0.445 Thread 0x000002527a19e000 Exception <a 'sun/nio/fs/WindowsException'{0x00000006990ce238}> (0x00000006990ce238) 
thrown [./open/src/hotspot/share/prims/jni.cpp, line 599]
Event: 0.448 Thread 0x000002527a19e000 Exception <a 'sun/nio/fs/WindowsException'{0x00000006990ee318}> (0x00000006990ee318) 
thrown [./open/src/hotspot/share/prims/jni.cpp, line 599]
Event: 0.448 Thread 0x000002527a19e000 Exception <a 'sun/nio/fs/WindowsException'{0x00000006990ee5e8}> (0x00000006990ee5e8) 
thrown [./open/src/hotspot/share/prims/jni.cpp, line 599]
Event: 0.620 Thread 0x000002527a19e000 Exception <a 'java/lang/NoSuchMethodError'{0x00000006982582a0}: 'int java.lang.invoke.DirectMethodHandle$Holder.invokeSpecialIFC(java.lang.Object, java.lang.Object, int)'> (0x00000006982582a0) 
thrown [./open/src/hotspot/share/interpreter/linkResolver.cpp, line 766]

Events (20 events):
Event: 0.198 loading class jdk/internal/reflect/UnsafeQualifiedStaticIntegerFieldAccessorImpl done
Event: 0.423 Thread 0x00000252297c6800 Thread exited: 0x00000252297c6800
Event: 0.446 Loaded shared library C:\Users\K&M\AppData\Local\Temp\lwjglK&M\3.2.3-build-13\lwjgl_opengl.dll
Event: 0.478 Thread 0x00000252302c6800 Thread added: 0x00000252302c6800
Event: 0.478 Thread 0x000002523038a000 Thread added: 0x000002523038a000
Event: 0.487 Loaded shared library C:\Users\K&M\AppData\Local\Temp\lwjglK&M\3.2.3-build-13\lwjgl.dll
Event: 0.604 loading class jdk/internal/reflect/UnsafeQualifiedLongFieldAccessorImpl
Event: 0.604 loading class jdk/internal/reflect/UnsafeQualifiedFieldAccessorImpl
Event: 0.604 loading class jdk/internal/reflect/UnsafeQualifiedFieldAccessorImpl done
Event: 0.604 loading class jdk/internal/reflect/UnsafeQualifiedLongFieldAccessorImpl done
Event: 0.619 loading class sun/net/ProgressMonitor
Event: 0.619 loading class sun/net/ProgressMonitor done
Event: 0.619 loading class sun/net/DefaultProgressMeteringPolicy
Event: 0.619 loading class sun/net/ProgressMeteringPolicy
Event: 0.619 loading class sun/net/ProgressMeteringPolicy done
Event: 0.619 loading class sun/net/DefaultProgressMeteringPolicy done
Event: 0.619 loading class java/util/Scanner
Event: 0.619 loading class java/util/Scanner done
Event: 0.621 loading class java/util/Scanner$PatternLRUCache
Event: 0.621 loading class java/util/Scanner$PatternLRUCache done


Dynamic libraries:
0x00007ff73fd50000 - 0x00007ff73fd5f000 	C:\Program Files\Java\jdk-14.0.1\bin\java.exe
0x00007fff9e000000 - 0x00007fff9e1f0000 	C:\WINDOWS\SYSTEM32\ntdll.dll
0x00007fff9cb90000 - 0x00007fff9cc42000 	C:\WINDOWS\System32\KERNEL32.DLL
0x00007fff9b970000 - 0x00007fff9bc15000 	C:\WINDOWS\System32\KERNELBASE.dll
0x00007fff9bcc0000 - 0x00007fff9bdba000 	C:\WINDOWS\System32\ucrtbase.dll
0x00007fff938d0000 - 0x00007fff938e5000 	C:\Program Files\Java\jdk-14.0.1\bin\VCRUNTIME140.dll
0x00007fff91f10000 - 0x00007fff91f28000 	C:\Program Files\Java\jdk-14.0.1\bin\jli.dll
0x00007fff9c920000 - 0x00007fff9c9c3000 	C:\WINDOWS\System32\ADVAPI32.dll
0x00007fff9df20000 - 0x00007fff9dfbe000 	C:\WINDOWS\System32\msvcrt.dll
0x00007fff9d450000 - 0x00007fff9d4e7000 	C:\WINDOWS\System32\sechost.dll
0x00007fff9d6a0000 - 0x00007fff9d7c0000 	C:\WINDOWS\System32\RPCRT4.dll
0x00007fff9d210000 - 0x00007fff9d3a4000 	C:\WINDOWS\System32\USER32.dll
0x00007fff9b920000 - 0x00007fff9b941000 	C:\WINDOWS\System32\win32u.dll
0x00007fff9d420000 - 0x00007fff9d446000 	C:\WINDOWS\System32\GDI32.dll
0x00007fff88bc0000 - 0x00007fff88e44000 	C:\WINDOWS\WinSxS\amd64_microsoft.windows.common-controls_6595b64144ccf1df_6.0.18362.1256_none_9e7e379be45e40e2\COMCTL32.dll
0x00007fff9bf10000 - 0x00007fff9c0a6000 	C:\WINDOWS\System32\gdi32full.dll
0x00007fff9cd00000 - 0x00007fff9d036000 	C:\WINDOWS\System32\combase.dll
0x00007fff9bc20000 - 0x00007fff9bcbe000 	C:\WINDOWS\System32\msvcp_win.dll
0x00007fff9af70000 - 0x00007fff9aff1000 	C:\WINDOWS\System32\bcryptPrimitives.dll
0x00007fff93f40000 - 0x00007fff93f4a000 	C:\WINDOWS\SYSTEM32\VERSION.dll
0x00007fff9cc50000 - 0x00007fff9cc7e000 	C:\WINDOWS\System32\IMM32.DLL
0x00007fff8ddd0000 - 0x00007fff8de6b000 	C:\Program Files\Java\jdk-14.0.1\bin\msvcp140.dll
0x00007fff56480000 - 0x00007fff56f9e000 	C:\Program Files\Java\jdk-14.0.1\bin\server\jvm.dll
0x00007fff9d1a0000 - 0x00007fff9d1a8000 	C:\WINDOWS\System32\PSAPI.DLL
0x00007fff97c10000 - 0x00007fff97c19000 	C:\WINDOWS\SYSTEM32\WSOCK32.dll
0x00007fff97610000 - 0x00007fff97634000 	C:\WINDOWS\SYSTEM32\WINMM.dll
0x00007fff9d3b0000 - 0x00007fff9d41f000 	C:\WINDOWS\System32\WS2_32.dll
0x00007fff975e0000 - 0x00007fff9760d000 	C:\WINDOWS\SYSTEM32\winmmbase.dll
0x00007fff9b870000 - 0x00007fff9b8ba000 	C:\WINDOWS\System32\cfgmgr32.dll
0x00007fff9af00000 - 0x00007fff9af11000 	C:\WINDOWS\System32\kernel.appcore.dll
0x00007fff91f00000 - 0x00007fff91f0a000 	C:\Program Files\Java\jdk-14.0.1\bin\jimage.dll
0x00007fff99700000 - 0x00007fff998f4000 	C:\WINDOWS\SYSTEM32\DBGHELP.DLL
0x00007fff85c00000 - 0x00007fff85c2a000 	C:\WINDOWS\SYSTEM32\dbgcore.DLL
0x00007fff91ec0000 - 0x00007fff91ece000 	C:\Program Files\Java\jdk-14.0.1\bin\instrument.dll
0x00007fff91ed0000 - 0x00007fff91ef5000 	C:\Program Files\Java\jdk-14.0.1\bin\java.dll
0x00007fff91e30000 - 0x00007fff91e46000 	C:\Program Files\Java\jdk-14.0.1\bin\zip.dll
0x00007fff9c180000 - 0x00007fff9c867000 	C:\WINDOWS\System32\SHELL32.dll
0x00007fff9c870000 - 0x00007fff9c919000 	C:\WINDOWS\System32\shcore.dll
0x00007fff9b000000 - 0x00007fff9b781000 	C:\WINDOWS\System32\windows.storage.dll
0x00007fff9aed0000 - 0x00007fff9aef3000 	C:\WINDOWS\System32\profapi.dll
0x00007fff9af20000 - 0x00007fff9af6a000 	C:\WINDOWS\System32\powrprof.dll
0x00007fff9aea0000 - 0x00007fff9aeb0000 	C:\WINDOWS\System32\UMPDC.dll
0x00007fff9d5d0000 - 0x00007fff9d622000 	C:\WINDOWS\System32\shlwapi.dll
0x00007fff9b950000 - 0x00007fff9b967000 	C:\WINDOWS\System32\cryptsp.dll
0x00007fff91df0000 - 0x00007fff91e09000 	C:\Program Files\Java\jdk-14.0.1\bin\net.dll
0x00007fff8c4d0000 - 0x00007fff8c5c0000 	C:\WINDOWS\SYSTEM32\WINHTTP.dll
0x00007fff9a6f0000 - 0x00007fff9a757000 	C:\WINDOWS\system32\mswsock.dll
0x00007fff90b00000 - 0x00007fff90b12000 	C:\Program Files\Java\jdk-14.0.1\bin\nio.dll
0x00007fff8dda0000 - 0x00007fff8ddb0000 	C:\Program Files\Java\jdk-14.0.1\bin\verify.dll
0x00007fff8bce0000 - 0x00007fff8bcfa000 	C:\Program Files\JetBrains\IntelliJ IDEA 2020.1.1\bin\breakgen64.dll
0x00007fff7b0e0000 - 0x00007fff7b144000 	C:\Users\K&M\AppData\Local\Temp\lwjglK&M\3.2.3-build-13\lwjgl.dll
0x00007fff6faf0000 - 0x00007fff6fb52000 	C:\Users\K&M\AppData\Local\Temp\lwjglK&M\3.2.3-build-13\glfw.dll
0x00007fff98cf0000 - 0x00007fff98d89000 	C:\WINDOWS\system32\uxtheme.dll
0x00007fff7c610000 - 0x00007fff7c653000 	C:\WINDOWS\SYSTEM32\dinput8.dll
0x00007fff89270000 - 0x00007fff89281000 	C:\WINDOWS\SYSTEM32\xinput1_4.dll
0x00007fff9ac90000 - 0x00007fff9acba000 	C:\WINDOWS\SYSTEM32\DEVOBJ.dll
0x00007fff98dc0000 - 0x00007fff98ded000 	C:\WINDOWS\SYSTEM32\dwmapi.dll
0x00007fff92ac0000 - 0x00007fff92bdb000 	C:\WINDOWS\SYSTEM32\inputhost.dll
0x00007fff988e0000 - 0x00007fff989b4000 	C:\WINDOWS\SYSTEM32\CoreMessaging.dll
0x00007fff96860000 - 0x00007fff96b8a000 	C:\WINDOWS\SYSTEM32\CoreUIComponents.dll
0x00007fff96670000 - 0x00007fff967c3000 	C:\WINDOWS\SYSTEM32\wintypes.dll
0x00007fff97310000 - 0x00007fff97400000 	C:\WINDOWS\SYSTEM32\PROPSYS.dll
0x00007fff9c0b0000 - 0x00007fff9c175000 	C:\WINDOWS\System32\OLEAUT32.dll
0x00007fff99ee0000 - 0x00007fff99f11000 	C:\WINDOWS\SYSTEM32\ntmarta.dll
0x00007fff9d7c0000 - 0x00007fff9d8f5000 	C:\WINDOWS\System32\MSCTF.dll
0x00007fff99a80000 - 0x00007fff99a8e000 	C:\WINDOWS\SYSTEM32\HID.DLL
0x00007fff9d900000 - 0x00007fff9dd70000 	C:\WINDOWS\System32\SETUPAPI.DLL
0x00007fff9b840000 - 0x00007fff9b866000 	C:\WINDOWS\System32\bcrypt.dll
0x00007fff9b8c0000 - 0x00007fff9b91c000 	C:\WINDOWS\System32\WINTRUST.dll
0x00007fff9aeb0000 - 0x00007fff9aec2000 	C:\WINDOWS\System32\MSASN1.dll
0x00007fff9bdc0000 - 0x00007fff9bf09000 	C:\WINDOWS\System32\CRYPT32.dll
0x00007fff61130000 - 0x00007fff61286000 	C:\WINDOWS\SYSTEM32\opengl32.dll
0x00007fff77b00000 - 0x00007fff77b2c000 	C:\WINDOWS\SYSTEM32\GLU32.dll
0x00007fff99ae0000 - 0x00007fff99b00000 	C:\WINDOWS\SYSTEM32\dxcore.dll
0x00007fff4a580000 - 0x00007fff4cf08000 	C:\WINDOWS\System32\DriverStore\FileRepository\nv_dispi.inf_amd64_e44a509137af5639\nvoglv64.dll
0x00007fff9d040000 - 0x00007fff9d197000 	C:\WINDOWS\System32\ole32.dll
0x00007fff97460000 - 0x00007fff97473000 	C:\WINDOWS\SYSTEM32\WTSAPI32.dll
0x00007fff93f10000 - 0x00007fff93f3f000 	C:\WINDOWS\SYSTEM32\cryptnet.dll
0x00007fff9a8c0000 - 0x00007fff9a8cc000 	C:\WINDOWS\SYSTEM32\cryptbase.dll
0x00007fff6c5f0000 - 0x00007fff6c8b6000 	C:\WINDOWS\system32\nvspcap64.dll
0x00007fff99f50000 - 0x00007fff99fa6000 	C:\WINDOWS\SYSTEM32\WINSTA.dll
0x00007fff92be0000 - 0x00007fff92c7e000 	C:\WINDOWS\System32\TextInputFramework.dll
0x00007fff8c970000 - 0x00007fff8cc17000 	C:\WINDOWS\System32\iertutil.dll
0x00007fff712f0000 - 0x00007fff71349000 	C:\Users\K&M\AppData\Local\Temp\lwjglK&M\3.2.3-build-13\lwjgl_opengl.dll

dbghelp: loaded successfully - version: 4.0.5 - missing functions: none
symbol engine: initialized successfully - sym options: 0x614 - pdb path: .;C:\Program Files\Java\jdk-14.0.1\bin;C:\WINDOWS\SYSTEM32;C:\WINDOWS\WinSxS\amd64_microsoft.windows.common-controls_6595b64144ccf1df_6.0.18362.1256_none_9e7e379be45e40e2;C:\Program Files\Java\jdk-14.0.1\bin\server;C:\Program Files\JetBrains\IntelliJ IDEA 2020.1.1\bin;C:\Users\K&M\AppData\Local\Temp\lwjglK&M\3.2.3-build-13;C:\WINDOWS\System32\DriverStore\FileRepository\nv_dispi.inf_amd64_e44a509137af5639

VM Arguments:
jvm_args: -javaagent:C:\Program Files\JetBrains\IntelliJ IDEA 2020.1.1\lib\idea_rt.jar=49593:C:\Program Files\JetBrains\IntelliJ IDEA 2020.1.1\bin -Dfile.encoding=UTF-8 
java_command: projekt.Projekt
java_class_path (initial): C:\Users\K&M\Desktop\uni zeug\1\bin;C:\Users\K&M\Desktop\uni zeug\1\lib\lwjgl-glfw-natives-linux.jar;C:\Users\K&M\Desktop\uni zeug\1\lib\lwjgl-glfw-natives-macos.jar;C:\Users\K&M\Desktop\uni zeug\1\lib\lwjgl-glfw-natives-windows.jar;C:\Users\K&M\Desktop\uni zeug\1\lib\lwjgl-glfw.jar;C:\Users\K&M\Desktop\uni zeug\1\lib\lwjgl-natives-linux.jar;C:\Users\K&M\Desktop\uni zeug\1\lib\lwjgl-natives-macos.jar;C:\Users\K&M\Desktop\uni zeug\1\lib\lwjgl-natives-windows.jar;C:\Users\K&M\Desktop\uni zeug\1\lib\lwjgl-opengl-natives-linux.jar;C:\Users\K&M\Desktop\uni zeug\1\lib\lwjgl-opengl-natives-macos.jar;C:\Users\K&M\Desktop\uni zeug\1\lib\lwjgl-opengl-natives-windows.jar;C:\Users\K&M\Desktop\uni zeug\1\lib\lwjgl-opengl.jar;C:\Users\K&M\Desktop\uni zeug\1\lib\lwjgl.jar
Launcher Type: SUN_STANDARD

[Global flags]
     intx CICompilerCount                          = 4                                         {product} {ergonomic}
     uint ConcGCThreads                            = 3                                         {product} {ergonomic}
     uint G1ConcRefinementThreads                  = 10                                        {product} {ergonomic}
   size_t G1HeapRegionSize                         = 1048576                                   {product} {ergonomic}
    uintx GCDrainStackTargetSize                   = 64                                        {product} {ergonomic}
   size_t InitialHeapSize                          = 402653184                                 {product} {ergonomic}
   size_t MarkStackSize                            = 4194304                                   {product} {ergonomic}
   size_t MaxHeapSize                              = 6417285120                                {product} {ergonomic}
   size_t MaxNewSize                               = 3850371072                                {product} {ergonomic}
   size_t MinHeapDeltaBytes                        = 1048576                                   {product} {ergonomic}
   size_t MinHeapSize                              = 8388608                                   {product} {ergonomic}
    uintx NonNMethodCodeHeapSize                   = 5839372                                {pd product} {ergonomic}
    uintx NonProfiledCodeHeapSize                  = 122909434                              {pd product} {ergonomic}
    uintx ProfiledCodeHeapSize                     = 122909434                              {pd product} {ergonomic}
    uintx ReservedCodeCacheSize                    = 251658240                              {pd product} {ergonomic}
     bool SegmentedCodeCache                       = true                                      {product} {ergonomic}
   size_t SoftMaxHeapSize                          = 6417285120                             {manageable} {ergonomic}
     bool UseCompressedClassPointers               = true                                 {lp64_product} {ergonomic}
     bool UseCompressedOops                        = true                                 {lp64_product} {ergonomic}
     bool UseG1GC                                  = true                                      {product} {ergonomic}
     bool UseLargePagesIndividualAllocation        = false                                  {pd product} {ergonomic}

Logging:
Log output configuration:
 #0: stdout all=warning uptime,level,tags
 #1: stderr all=off uptime,level,tags

Environment Variables:
PATH=C:\Program Files (x86)\Common Files\Oracle\Java\javapath;C:\Windows\system32;C:\Windows;C:\Windows\System32\Wbem;C:\Windows\System32\WindowsPowerShell\v1.0\;C:\Windows\System32\OpenSSH\;C:\Program Files (x86)\NVIDIA Corporation\PhysX\Common;C:\Program Files\NVIDIA Corporation\NVIDIA NvDLISR;C:\WINDOWS\system32;C:\WINDOWS;C:\WINDOWS\System32\Wbem;C:\WINDOWS\System32\WindowsPowerShell\v1.0\;C:\WINDOWS\System32\OpenSSH\;C:\Program Files\Git\cmd;C:\Program Files\dotnet\;C:\Users\K&M\AppData\Local\Microsoft\WindowsApps;;C:\Users\K&M\AppData\Local\Programs\Microsoft VS Code\bin;C:\Users\K&M\.dotnet\tools
USERNAME=K&M
OS=Windows_NT
PROCESSOR_IDENTIFIER=Intel64 Family 6 Model 63 Stepping 2, GenuineIntel



---------------  S Y S T E M  ---------------

OS: Windows 10 , 64 bit Build 18362 (10.0.18362.1110)
OS uptime: 20 days 4:41 hours

CPU:total 12 (initial active 12) (6 cores per cpu, 2 threads per core) family 6 model 63 stepping 2, cmov, cx8, fxsr, mmx, sse, sse2, sse3, ssse3, sse4.1, sse4.2, popcnt, avx, avx2, aes, clmul, erms, lzcnt, ht, tsc, tscinvbit, bmi1, bmi2, fma

Memory: 4k page, system-wide physical 24476M (15112M free)
TotalPageFile size 28060M (AvailPageFile size 13892M)
current process WorkingSet (physical memory assigned to process): 103M, peak: 103M
current process commit charge ("private bytes"): 536M, peak: 536M

vm_info: Java HotSpot(TM) 64-Bit Server VM (14.0.1+7) for windows-amd64 JRE (14.0.1+7), built on Mar  5 2020 10:30:14 by "mach5one" with MS VC++ 15.9 (VS2017)

END.
